{"/Users/hjshin/Desktop/project/work/ai-driven-dev/googleAI_Studio/cli-board/src/App.tsx": {"path":"/Users/hjshin/Desktop/project/work/ai-driven-dev/googleAI_Studio/cli-board/src/App.tsx","statementMap":{"0":{"start":{"line":26,"column":24},"end":{"line":26,"column":48}},"1":{"start":{"line":28,"column":20},"end":{"line":28,"column":39}},"2":{"start":{"line":34,"column":33},"end":{"line":38,"column":null}},"3":{"start":{"line":35,"column":2},"end":{"line":37,"column":null}},"4":{"start":{"line":49,"column":22},"end":{"line":224,"column":1}},"5":{"start":{"line":51,"column":63},"end":{"line":51,"column":72}},"6":{"start":{"line":52,"column":48},"end":{"line":52,"column":67}},"7":{"start":{"line":53,"column":40},"end":{"line":55,"column":4}},"8":{"start":{"line":54,"column":4},"end":{"line":54,"column":60}},"9":{"start":{"line":58,"column":30},"end":{"line":61,"column":4}},"10":{"start":{"line":59,"column":22},"end":{"line":59,"column":55}},"11":{"start":{"line":60,"column":4},"end":{"line":60,"column":85}},"12":{"start":{"line":64,"column":2},"end":{"line":70,"column":20}},"13":{"start":{"line":65,"column":4},"end":{"line":69,"column":5}},"14":{"start":{"line":66,"column":6},"end":{"line":66,"column":52}},"15":{"start":{"line":68,"column":6},"end":{"line":68,"column":47}},"16":{"start":{"line":73,"column":2},"end":{"line":75,"column":15}},"17":{"start":{"line":74,"column":4},"end":{"line":74,"column":46}},"18":{"start":{"line":78,"column":2},"end":{"line":87,"column":3}},"19":{"start":{"line":79,"column":4},"end":{"line":86,"column":6}},"20":{"start":{"line":90,"column":2},"end":{"line":105,"column":3}},"21":{"start":{"line":91,"column":4},"end":{"line":104,"column":6}},"22":{"start":{"line":98,"column":27},"end":{"line":98,"column":51}},"23":{"start":{"line":111,"column":26},"end":{"line":114,"column":3}},"24":{"start":{"line":113,"column":4},"end":{"line":113,"column":37}},"25":{"start":{"line":119,"column":23},"end":{"line":121,"column":3}},"26":{"start":{"line":120,"column":4},"end":{"line":120,"column":53}},"27":{"start":{"line":120,"column":22},"end":{"line":120,"column":51}},"28":{"start":{"line":126,"column":23},"end":{"line":144,"column":3}},"29":{"start":{"line":127,"column":4},"end":{"line":127,"column":35}},"30":{"start":{"line":130,"column":4},"end":{"line":130,"column":25}},"31":{"start":{"line":131,"column":4},"end":{"line":131,"column":29}},"32":{"start":{"line":134,"column":4},"end":{"line":140,"column":5}},"33":{"start":{"line":135,"column":6},"end":{"line":135,"column":49}},"34":{"start":{"line":136,"column":6},"end":{"line":136,"column":22}},"35":{"start":{"line":137,"column":6},"end":{"line":137,"column":50}},"36":{"start":{"line":139,"column":6},"end":{"line":139,"column":41}},"37":{"start":{"line":143,"column":4},"end":{"line":143,"column":29}},"38":{"start":{"line":149,"column":22},"end":{"line":154,"column":3}},"39":{"start":{"line":150,"column":4},"end":{"line":150,"column":41}},"40":{"start":{"line":151,"column":4},"end":{"line":151,"column":37}},"41":{"start":{"line":152,"column":4},"end":{"line":152,"column":26}},"42":{"start":{"line":153,"column":4},"end":{"line":153,"column":45}},"43":{"start":{"line":157,"column":24},"end":{"line":157,"column":47}},"44":{"start":{"line":158,"column":25},"end":{"line":158,"column":79}},"45":{"start":{"line":160,"column":2},"end":{"line":167,"column":5}},"46":{"start":{"line":172,"column":25},"end":{"line":197,"column":3}},"47":{"start":{"line":173,"column":4},"end":{"line":176,"column":5}},"48":{"start":{"line":175,"column":6},"end":{"line":175,"column":51}},"49":{"start":{"line":179,"column":4},"end":{"line":196,"column":5}},"50":{"start":{"line":180,"column":6},"end":{"line":186,"column":8}},"51":{"start":{"line":188,"column":6},"end":{"line":195,"column":8}},"52":{"start":{"line":199,"column":2},"end":{"line":223,"column":4}}},"fnMap":{"0":{"name":"(anonymous_0)","decl":{"start":{"line":34,"column":33},"end":{"line":34,"column":36}},"loc":{"start":{"line":35,"column":2},"end":{"line":37,"column":null}}},"1":{"name":"(anonymous_1)","decl":{"start":{"line":49,"column":22},"end":{"line":49,"column":25}},"loc":{"start":{"line":49,"column":27},"end":{"line":224,"column":1}}},"2":{"name":"(anonymous_2)","decl":{"start":{"line":53,"column":58},"end":{"line":53,"column":61}},"loc":{"start":{"line":53,"column":63},"end":{"line":55,"column":3}}},"3":{"name":"(anonymous_3)","decl":{"start":{"line":58,"column":47},"end":{"line":58,"column":50}},"loc":{"start":{"line":58,"column":52},"end":{"line":61,"column":3}}},"4":{"name":"(anonymous_4)","decl":{"start":{"line":64,"column":12},"end":{"line":64,"column":15}},"loc":{"start":{"line":64,"column":17},"end":{"line":70,"column":3}}},"5":{"name":"(anonymous_5)","decl":{"start":{"line":73,"column":12},"end":{"line":73,"column":15}},"loc":{"start":{"line":73,"column":17},"end":{"line":75,"column":3}}},"6":{"name":"(anonymous_6)","decl":{"start":{"line":98,"column":21},"end":{"line":98,"column":24}},"loc":{"start":{"line":98,"column":27},"end":{"line":98,"column":51}}},"7":{"name":"(anonymous_7)","decl":{"start":{"line":111,"column":26},"end":{"line":111,"column":29}},"loc":{"start":{"line":111,"column":31},"end":{"line":114,"column":3}}},"8":{"name":"(anonymous_8)","decl":{"start":{"line":119,"column":23},"end":{"line":119,"column":26}},"loc":{"start":{"line":119,"column":28},"end":{"line":121,"column":3}}},"9":{"name":"(anonymous_9)","decl":{"start":{"line":120,"column":14},"end":{"line":120,"column":18}},"loc":{"start":{"line":120,"column":22},"end":{"line":120,"column":51}}},"10":{"name":"(anonymous_10)","decl":{"start":{"line":126,"column":23},"end":{"line":126,"column":28}},"loc":{"start":{"line":126,"column":34},"end":{"line":144,"column":3}}},"11":{"name":"(anonymous_11)","decl":{"start":{"line":149,"column":22},"end":{"line":149,"column":23}},"loc":{"start":{"line":149,"column":44},"end":{"line":154,"column":3}}},"12":{"name":"(anonymous_12)","decl":{"start":{"line":172,"column":25},"end":{"line":172,"column":28}},"loc":{"start":{"line":172,"column":30},"end":{"line":197,"column":3}}}},"branchMap":{"0":{"loc":{"start":{"line":60,"column":11},"end":{"line":60,"column":84}},"type":"cond-expr","locations":[{"start":{"line":60,"column":57},"end":{"line":60,"column":76}},{"start":{"line":60,"column":79},"end":{"line":60,"column":84}}]},"1":{"loc":{"start":{"line":60,"column":12},"end":{"line":60,"column":53}},"type":"binary-expr","locations":[{"start":{"line":60,"column":12},"end":{"line":60,"column":31}},{"start":{"line":60,"column":35},"end":{"line":60,"column":53}}]},"2":{"loc":{"start":{"line":65,"column":4},"end":{"line":69,"column":5}},"type":"if","locations":[{"start":{"line":65,"column":4},"end":{"line":69,"column":5}},{"start":{"line":67,"column":11},"end":{"line":69,"column":5}}]},"3":{"loc":{"start":{"line":78,"column":2},"end":{"line":87,"column":3}},"type":"if","locations":[{"start":{"line":78,"column":2},"end":{"line":87,"column":3}}]},"4":{"loc":{"start":{"line":90,"column":2},"end":{"line":105,"column":3}},"type":"if","locations":[{"start":{"line":90,"column":2},"end":{"line":105,"column":3}}]},"5":{"loc":{"start":{"line":120,"column":22},"end":{"line":120,"column":51}},"type":"cond-expr","locations":[{"start":{"line":120,"column":39},"end":{"line":120,"column":43}},{"start":{"line":120,"column":46},"end":{"line":120,"column":51}}]},"6":{"loc":{"start":{"line":157,"column":24},"end":{"line":157,"column":47}},"type":"binary-expr","locations":[{"start":{"line":157,"column":24},"end":{"line":157,"column":28}},{"start":{"line":157,"column":32},"end":{"line":157,"column":47}}]},"7":{"loc":{"start":{"line":158,"column":25},"end":{"line":158,"column":79}},"type":"binary-expr","locations":[{"start":{"line":158,"column":26},"end":{"line":158,"column":41}},{"start":{"line":158,"column":45},"end":{"line":158,"column":62}},{"start":{"line":158,"column":67},"end":{"line":158,"column":79}}]},"8":{"loc":{"start":{"line":173,"column":4},"end":{"line":176,"column":5}},"type":"if","locations":[{"start":{"line":173,"column":4},"end":{"line":176,"column":5}}]},"9":{"loc":{"start":{"line":173,"column":8},"end":{"line":173,"column":41}},"type":"binary-expr","locations":[{"start":{"line":173,"column":8},"end":{"line":173,"column":23}},{"start":{"line":173,"column":27},"end":{"line":173,"column":41}}]},"10":{"loc":{"start":{"line":179,"column":4},"end":{"line":196,"column":5}},"type":"if","locations":[{"start":{"line":179,"column":4},"end":{"line":196,"column":5}},{"start":{"line":187,"column":11},"end":{"line":196,"column":5}}]}},"s":{"0":0,"1":0,"2":0,"3":0,"4":0,"5":0,"6":0,"7":0,"8":0,"9":0,"10":0,"11":0,"12":0,"13":0,"14":0,"15":0,"16":0,"17":0,"18":0,"19":0,"20":0,"21":0,"22":0,"23":0,"24":0,"25":0,"26":0,"27":0,"28":0,"29":0,"30":0,"31":0,"32":0,"33":0,"34":0,"35":0,"36":0,"37":0,"38":0,"39":0,"40":0,"41":0,"42":0,"43":0,"44":0,"45":0,"46":0,"47":0,"48":0,"49":0,"50":0,"51":0,"52":0},"f":{"0":0,"1":0,"2":0,"3":0,"4":0,"5":0,"6":0,"7":0,"8":0,"9":0,"10":0,"11":0,"12":0},"b":{"0":[0,0],"1":[0,0],"2":[0,0],"3":[0],"4":[0],"5":[0,0],"6":[0,0],"7":[0,0,0],"8":[0],"9":[0,0],"10":[0,0]}}
,"/Users/hjshin/Desktop/project/work/ai-driven-dev/googleAI_Studio/cli-board/src/components/admin/AdminHeader.tsx": {"path":"/Users/hjshin/Desktop/project/work/ai-driven-dev/googleAI_Studio/cli-board/src/components/admin/AdminHeader.tsx","statementMap":{"0":{"start":{"line":19,"column":48},"end":{"line":125,"column":1}},"1":{"start":{"line":21,"column":26},"end":{"line":21,"column":46}},"2":{"start":{"line":24,"column":28},"end":{"line":24,"column":42}},"3":{"start":{"line":27,"column":2},"end":{"line":30,"column":9}},"4":{"start":{"line":28,"column":18},"end":{"line":28,"column":62}},"5":{"start":{"line":28,"column":36},"end":{"line":28,"column":55}},"6":{"start":{"line":29,"column":4},"end":{"line":29,"column":38}},"7":{"start":{"line":29,"column":17},"end":{"line":29,"column":37}},"8":{"start":{"line":35,"column":25},"end":{"line":46,"column":3}},"9":{"start":{"line":36,"column":4},"end":{"line":45,"column":5}},"10":{"start":{"line":37,"column":6},"end":{"line":42,"column":7}},"11":{"start":{"line":38,"column":26},"end":{"line":38,"column":47}},"12":{"start":{"line":39,"column":8},"end":{"line":41,"column":9}},"13":{"start":{"line":40,"column":10},"end":{"line":40,"column":38}},"14":{"start":{"line":44,"column":6},"end":{"line":44,"column":39}},"15":{"start":{"line":51,"column":23},"end":{"line":67,"column":3}},"16":{"start":{"line":53,"column":4},"end":{"line":53,"column":21}},"17":{"start":{"line":56,"column":4},"end":{"line":66,"column":7}},"18":{"start":{"line":57,"column":6},"end":{"line":65,"column":7}},"19":{"start":{"line":58,"column":8},"end":{"line":58,"column":38}},"20":{"start":{"line":60,"column":8},"end":{"line":60,"column":37}},"21":{"start":{"line":62,"column":8},"end":{"line":62,"column":41}},"22":{"start":{"line":64,"column":8},"end":{"line":64,"column":35}},"23":{"start":{"line":72,"column":23},"end":{"line":84,"column":3}},"24":{"start":{"line":74,"column":4},"end":{"line":74,"column":23}},"25":{"start":{"line":75,"column":4},"end":{"line":75,"column":24}},"26":{"start":{"line":77,"column":4},"end":{"line":77,"column":31}},"27":{"start":{"line":80,"column":4},"end":{"line":80,"column":13}},"28":{"start":{"line":83,"column":4},"end":{"line":83,"column":22}},"29":{"start":{"line":86,"column":2},"end":{"line":124,"column":4}}},"fnMap":{"0":{"name":"(anonymous_0)","decl":{"start":{"line":19,"column":48},"end":{"line":19,"column":49}},"loc":{"start":{"line":19,"column":80},"end":{"line":125,"column":1}}},"1":{"name":"(anonymous_1)","decl":{"start":{"line":27,"column":12},"end":{"line":27,"column":15}},"loc":{"start":{"line":27,"column":17},"end":{"line":30,"column":3}}},"2":{"name":"(anonymous_2)","decl":{"start":{"line":28,"column":30},"end":{"line":28,"column":33}},"loc":{"start":{"line":28,"column":36},"end":{"line":28,"column":55}}},"3":{"name":"(anonymous_3)","decl":{"start":{"line":29,"column":11},"end":{"line":29,"column":14}},"loc":{"start":{"line":29,"column":17},"end":{"line":29,"column":37}}},"4":{"name":"(anonymous_4)","decl":{"start":{"line":35,"column":25},"end":{"line":35,"column":28}},"loc":{"start":{"line":35,"column":30},"end":{"line":46,"column":3}}},"5":{"name":"(anonymous_5)","decl":{"start":{"line":51,"column":23},"end":{"line":51,"column":24}},"loc":{"start":{"line":51,"column":39},"end":{"line":67,"column":3}}},"6":{"name":"(anonymous_6)","decl":{"start":{"line":56,"column":27},"end":{"line":56,"column":30}},"loc":{"start":{"line":56,"column":32},"end":{"line":66,"column":5}}},"7":{"name":"(anonymous_7)","decl":{"start":{"line":72,"column":23},"end":{"line":72,"column":24}},"loc":{"start":{"line":72,"column":47},"end":{"line":84,"column":3}}}},"branchMap":{"0":{"loc":{"start":{"line":19,"column":51},"end":{"line":19,"column":74}},"type":"default-arg","locations":[{"start":{"line":19,"column":59},"end":{"line":19,"column":74}}]},"1":{"loc":{"start":{"line":37,"column":6},"end":{"line":42,"column":7}},"type":"if","locations":[{"start":{"line":37,"column":6},"end":{"line":42,"column":7}}]},"2":{"loc":{"start":{"line":39,"column":8},"end":{"line":41,"column":9}},"type":"if","locations":[{"start":{"line":39,"column":8},"end":{"line":41,"column":9}}]},"3":{"loc":{"start":{"line":97,"column":11},"end":{"line":103,"column":null}},"type":"binary-expr","locations":[{"start":{"line":97,"column":11},"end":{"line":97,"column":16}},{"start":{"line":98,"column":12},"end":{"line":102,"column":null}}]}},"s":{"0":0,"1":0,"2":0,"3":0,"4":0,"5":0,"6":0,"7":0,"8":0,"9":0,"10":0,"11":0,"12":0,"13":0,"14":0,"15":0,"16":0,"17":0,"18":0,"19":0,"20":0,"21":0,"22":0,"23":0,"24":0,"25":0,"26":0,"27":0,"28":0,"29":0},"f":{"0":0,"1":0,"2":0,"3":0,"4":0,"5":0,"6":0,"7":0},"b":{"0":[0],"1":[0],"2":[0],"3":[0,0]}}
,"/Users/hjshin/Desktop/project/work/ai-driven-dev/googleAI_Studio/cli-board/src/components/admin/AdminLayout.tsx": {"path":"/Users/hjshin/Desktop/project/work/ai-driven-dev/googleAI_Studio/cli-board/src/components/admin/AdminLayout.tsx","statementMap":{"0":{"start":{"line":26,"column":48},"end":{"line":108,"column":1}},"1":{"start":{"line":28,"column":50},"end":{"line":28,"column":74}},"2":{"start":{"line":30,"column":46},"end":{"line":30,"column":70}},"3":{"start":{"line":33,"column":47},"end":{"line":33,"column":61}},"4":{"start":{"line":34,"column":19},"end":{"line":34,"column":32}},"5":{"start":{"line":37,"column":30},"end":{"line":39,"column":3}},"6":{"start":{"line":38,"column":4},"end":{"line":38,"column":43}},"7":{"start":{"line":42,"column":29},"end":{"line":46,"column":3}},"8":{"start":{"line":43,"column":4},"end":{"line":43,"column":38}},"9":{"start":{"line":45,"column":4},"end":{"line":45,"column":28}},"10":{"start":{"line":49,"column":2},"end":{"line":52,"column":3}},"11":{"start":{"line":50,"column":4},"end":{"line":50,"column":35}},"12":{"start":{"line":51,"column":4},"end":{"line":51,"column":44}},"13":{"start":{"line":55,"column":2},"end":{"line":64,"column":3}},"14":{"start":{"line":56,"column":4},"end":{"line":63,"column":6}},"15":{"start":{"line":67,"column":2},"end":{"line":69,"column":3}},"16":{"start":{"line":68,"column":4},"end":{"line":68,"column":61}},"17":{"start":{"line":71,"column":2},"end":{"line":107,"column":4}}},"fnMap":{"0":{"name":"(anonymous_0)","decl":{"start":{"line":26,"column":48},"end":{"line":26,"column":49}},"loc":{"start":{"line":26,"column":72},"end":{"line":108,"column":1}}},"1":{"name":"(anonymous_1)","decl":{"start":{"line":37,"column":30},"end":{"line":37,"column":33}},"loc":{"start":{"line":37,"column":35},"end":{"line":39,"column":3}}},"2":{"name":"(anonymous_2)","decl":{"start":{"line":42,"column":29},"end":{"line":42,"column":30}},"loc":{"start":{"line":42,"column":46},"end":{"line":46,"column":3}}}},"branchMap":{"0":{"loc":{"start":{"line":49,"column":2},"end":{"line":52,"column":3}},"type":"if","locations":[{"start":{"line":49,"column":2},"end":{"line":52,"column":3}}]},"1":{"loc":{"start":{"line":55,"column":2},"end":{"line":64,"column":3}},"type":"if","locations":[{"start":{"line":55,"column":2},"end":{"line":64,"column":3}}]},"2":{"loc":{"start":{"line":67,"column":2},"end":{"line":69,"column":3}},"type":"if","locations":[{"start":{"line":67,"column":2},"end":{"line":69,"column":3}}]},"3":{"loc":{"start":{"line":84,"column":11},"end":{"line":87,"column":null}},"type":"binary-expr","locations":[{"start":{"line":84,"column":11},"end":{"line":84,"column":16}},{"start":{"line":85,"column":12},"end":{"line":86,"column":null}}]},"4":{"loc":{"start":{"line":91,"column":11},"end":{"line":97,"column":null}},"type":"binary-expr","locations":[{"start":{"line":91,"column":11},"end":{"line":91,"column":16}},{"start":{"line":92,"column":12},"end":{"line":96,"column":null}}]},"5":{"loc":{"start":{"line":95,"column":17},"end":{"line":95,"column":72}},"type":"cond-expr","locations":[{"start":{"line":95,"column":50},"end":{"line":95,"column":60}},{"start":{"line":95,"column":63},"end":{"line":95,"column":72}}]}},"s":{"0":0,"1":0,"2":0,"3":0,"4":0,"5":0,"6":0,"7":0,"8":0,"9":0,"10":0,"11":0,"12":0,"13":0,"14":0,"15":0,"16":0,"17":0},"f":{"0":0,"1":0,"2":0},"b":{"0":[0],"1":[0],"2":[0],"3":[0,0],"4":[0,0],"5":[0,0]}}
,"/Users/hjshin/Desktop/project/work/ai-driven-dev/googleAI_Studio/cli-board/src/components/admin/AdminLoginScreen.tsx": {"path":"/Users/hjshin/Desktop/project/work/ai-driven-dev/googleAI_Studio/cli-board/src/components/admin/AdminLoginScreen.tsx","statementMap":{"0":{"start":{"line":16,"column":58},"end":{"line":273,"column":1}},"1":{"start":{"line":18,"column":22},"end":{"line":18,"column":42}},"2":{"start":{"line":19,"column":34},"end":{"line":19,"column":54}},"3":{"start":{"line":20,"column":38},"end":{"line":20,"column":67}},"4":{"start":{"line":21,"column":26},"end":{"line":21,"column":46}},"5":{"start":{"line":22,"column":42},"end":{"line":22,"column":66}},"6":{"start":{"line":25,"column":28},"end":{"line":25,"column":50}},"7":{"start":{"line":26,"column":23},"end":{"line":26,"column":44}},"8":{"start":{"line":29,"column":45},"end":{"line":29,"column":59}},"9":{"start":{"line":32,"column":2},"end":{"line":36,"column":9}},"10":{"start":{"line":33,"column":4},"end":{"line":35,"column":6}},"11":{"start":{"line":34,"column":6},"end":{"line":34,"column":35}},"12":{"start":{"line":39,"column":2},"end":{"line":47,"column":9}},"13":{"start":{"line":40,"column":18},"end":{"line":44,"column":13}},"14":{"start":{"line":41,"column":6},"end":{"line":43,"column":7}},"15":{"start":{"line":42,"column":8},"end":{"line":42,"column":28}},"16":{"start":{"line":46,"column":4},"end":{"line":46,"column":38}},"17":{"start":{"line":46,"column":17},"end":{"line":46,"column":37}},"18":{"start":{"line":50,"column":2},"end":{"line":61,"column":14}},"19":{"start":{"line":51,"column":4},"end":{"line":60,"column":5}},"20":{"start":{"line":52,"column":6},"end":{"line":52,"column":27}},"21":{"start":{"line":53,"column":20},"end":{"line":57,"column":14}},"22":{"start":{"line":54,"column":8},"end":{"line":56,"column":9}},"23":{"start":{"line":55,"column":10},"end":{"line":55,"column":30}},"24":{"start":{"line":59,"column":6},"end":{"line":59,"column":39}},"25":{"start":{"line":59,"column":19},"end":{"line":59,"column":38}},"26":{"start":{"line":64,"column":2},"end":{"line":82,"column":23}},"27":{"start":{"line":66,"column":4},"end":{"line":81,"column":5}},"28":{"start":{"line":67,"column":6},"end":{"line":67,"column":55}},"29":{"start":{"line":70,"column":6},"end":{"line":80,"column":7}},"30":{"start":{"line":71,"column":8},"end":{"line":73,"column":9}},"31":{"start":{"line":72,"column":10},"end":{"line":72,"column":25}},"32":{"start":{"line":76,"column":8},"end":{"line":76,"column":30}},"33":{"start":{"line":79,"column":8},"end":{"line":79,"column":46}},"34":{"start":{"line":87,"column":25},"end":{"line":98,"column":3}},"35":{"start":{"line":88,"column":4},"end":{"line":97,"column":5}},"36":{"start":{"line":89,"column":6},"end":{"line":94,"column":7}},"37":{"start":{"line":90,"column":26},"end":{"line":90,"column":47}},"38":{"start":{"line":91,"column":8},"end":{"line":93,"column":9}},"39":{"start":{"line":92,"column":10},"end":{"line":92,"column":38}},"40":{"start":{"line":96,"column":6},"end":{"line":96,"column":39}},"41":{"start":{"line":103,"column":23},"end":{"line":119,"column":3}},"42":{"start":{"line":105,"column":4},"end":{"line":105,"column":21}},"43":{"start":{"line":108,"column":4},"end":{"line":118,"column":7}},"44":{"start":{"line":109,"column":6},"end":{"line":117,"column":7}},"45":{"start":{"line":110,"column":8},"end":{"line":110,"column":38}},"46":{"start":{"line":112,"column":8},"end":{"line":112,"column":37}},"47":{"start":{"line":114,"column":8},"end":{"line":114,"column":41}},"48":{"start":{"line":116,"column":8},"end":{"line":116,"column":35}},"49":{"start":{"line":124,"column":22},"end":{"line":130,"column":3}},"50":{"start":{"line":126,"column":4},"end":{"line":126,"column":21}},"51":{"start":{"line":128,"column":4},"end":{"line":128,"column":31}},"52":{"start":{"line":129,"column":4},"end":{"line":129,"column":29}},"53":{"start":{"line":135,"column":23},"end":{"line":167,"column":3}},"54":{"start":{"line":136,"column":4},"end":{"line":136,"column":23}},"55":{"start":{"line":138,"column":4},"end":{"line":141,"column":5}},"56":{"start":{"line":139,"column":6},"end":{"line":139,"column":45}},"57":{"start":{"line":140,"column":6},"end":{"line":140,"column":13}},"58":{"start":{"line":144,"column":4},"end":{"line":144,"column":24}},"59":{"start":{"line":146,"column":4},"end":{"line":146,"column":37}},"60":{"start":{"line":148,"column":4},"end":{"line":166,"column":5}},"61":{"start":{"line":150,"column":22},"end":{"line":150,"column":47}},"62":{"start":{"line":152,"column":6},"end":{"line":159,"column":7}},"63":{"start":{"line":153,"column":8},"end":{"line":153,"column":39}},"64":{"start":{"line":154,"column":8},"end":{"line":154,"column":30}},"65":{"start":{"line":155,"column":13},"end":{"line":159,"column":7}},"66":{"start":{"line":157,"column":8},"end":{"line":157,"column":49}},"67":{"start":{"line":158,"column":8},"end":{"line":158,"column":42}},"68":{"start":{"line":161,"column":6},"end":{"line":165,"column":7}},"69":{"start":{"line":162,"column":8},"end":{"line":162,"column":43}},"70":{"start":{"line":163,"column":8},"end":{"line":163,"column":58}},"71":{"start":{"line":164,"column":8},"end":{"line":164,"column":42}},"72":{"start":{"line":169,"column":2},"end":{"line":272,"column":4}},"73":{"start":{"line":190,"column":31},"end":{"line":190,"column":52}},"74":{"start":{"line":207,"column":31},"end":{"line":207,"column":58}}},"fnMap":{"0":{"name":"(anonymous_0)","decl":{"start":{"line":16,"column":58},"end":{"line":16,"column":59}},"loc":{"start":{"line":16,"column":74},"end":{"line":273,"column":1}}},"1":{"name":"(anonymous_1)","decl":{"start":{"line":32,"column":12},"end":{"line":32,"column":15}},"loc":{"start":{"line":32,"column":17},"end":{"line":36,"column":3}}},"2":{"name":"(anonymous_2)","decl":{"start":{"line":33,"column":11},"end":{"line":33,"column":14}},"loc":{"start":{"line":33,"column":16},"end":{"line":35,"column":5}}},"3":{"name":"(anonymous_3)","decl":{"start":{"line":39,"column":12},"end":{"line":39,"column":15}},"loc":{"start":{"line":39,"column":17},"end":{"line":47,"column":3}}},"4":{"name":"(anonymous_4)","decl":{"start":{"line":40,"column":30},"end":{"line":40,"column":33}},"loc":{"start":{"line":40,"column":35},"end":{"line":44,"column":5}}},"5":{"name":"(anonymous_5)","decl":{"start":{"line":46,"column":11},"end":{"line":46,"column":14}},"loc":{"start":{"line":46,"column":17},"end":{"line":46,"column":37}}},"6":{"name":"(anonymous_6)","decl":{"start":{"line":50,"column":12},"end":{"line":50,"column":15}},"loc":{"start":{"line":50,"column":17},"end":{"line":61,"column":3}}},"7":{"name":"(anonymous_7)","decl":{"start":{"line":53,"column":31},"end":{"line":53,"column":34}},"loc":{"start":{"line":53,"column":36},"end":{"line":57,"column":7}}},"8":{"name":"(anonymous_8)","decl":{"start":{"line":59,"column":13},"end":{"line":59,"column":16}},"loc":{"start":{"line":59,"column":19},"end":{"line":59,"column":38}}},"9":{"name":"(anonymous_9)","decl":{"start":{"line":64,"column":12},"end":{"line":64,"column":15}},"loc":{"start":{"line":64,"column":17},"end":{"line":82,"column":3}}},"10":{"name":"(anonymous_10)","decl":{"start":{"line":87,"column":25},"end":{"line":87,"column":28}},"loc":{"start":{"line":87,"column":30},"end":{"line":98,"column":3}}},"11":{"name":"(anonymous_11)","decl":{"start":{"line":103,"column":23},"end":{"line":103,"column":24}},"loc":{"start":{"line":103,"column":39},"end":{"line":119,"column":3}}},"12":{"name":"(anonymous_12)","decl":{"start":{"line":108,"column":27},"end":{"line":108,"column":30}},"loc":{"start":{"line":108,"column":32},"end":{"line":118,"column":5}}},"13":{"name":"(anonymous_13)","decl":{"start":{"line":124,"column":22},"end":{"line":124,"column":25}},"loc":{"start":{"line":124,"column":27},"end":{"line":130,"column":3}}},"14":{"name":"(anonymous_14)","decl":{"start":{"line":135,"column":23},"end":{"line":135,"column":28}},"loc":{"start":{"line":135,"column":52},"end":{"line":167,"column":3}}},"15":{"name":"(anonymous_15)","decl":{"start":{"line":190,"column":24},"end":{"line":190,"column":25}},"loc":{"start":{"line":190,"column":31},"end":{"line":190,"column":52}}},"16":{"name":"(anonymous_16)","decl":{"start":{"line":207,"column":24},"end":{"line":207,"column":25}},"loc":{"start":{"line":207,"column":31},"end":{"line":207,"column":58}}}},"branchMap":{"0":{"loc":{"start":{"line":41,"column":6},"end":{"line":43,"column":7}},"type":"if","locations":[{"start":{"line":41,"column":6},"end":{"line":43,"column":7}}]},"1":{"loc":{"start":{"line":51,"column":4},"end":{"line":60,"column":5}},"type":"if","locations":[{"start":{"line":51,"column":4},"end":{"line":60,"column":5}}]},"2":{"loc":{"start":{"line":51,"column":8},"end":{"line":51,"column":37}},"type":"binary-expr","locations":[{"start":{"line":51,"column":8},"end":{"line":51,"column":13}},{"start":{"line":51,"column":17},"end":{"line":51,"column":37}}]},"3":{"loc":{"start":{"line":54,"column":8},"end":{"line":56,"column":9}},"type":"if","locations":[{"start":{"line":54,"column":8},"end":{"line":56,"column":9}}]},"4":{"loc":{"start":{"line":66,"column":4},"end":{"line":81,"column":5}},"type":"if","locations":[{"start":{"line":66,"column":4},"end":{"line":81,"column":5}}]},"5":{"loc":{"start":{"line":66,"column":8},"end":{"line":66,"column":66}},"type":"binary-expr","locations":[{"start":{"line":66,"column":8},"end":{"line":66,"column":33}},{"start":{"line":66,"column":37},"end":{"line":66,"column":42}},{"start":{"line":66,"column":46},"end":{"line":66,"column":66}}]},"6":{"loc":{"start":{"line":71,"column":8},"end":{"line":73,"column":9}},"type":"if","locations":[{"start":{"line":71,"column":8},"end":{"line":73,"column":9}}]},"7":{"loc":{"start":{"line":89,"column":6},"end":{"line":94,"column":7}},"type":"if","locations":[{"start":{"line":89,"column":6},"end":{"line":94,"column":7}}]},"8":{"loc":{"start":{"line":91,"column":8},"end":{"line":93,"column":9}},"type":"if","locations":[{"start":{"line":91,"column":8},"end":{"line":93,"column":9}}]},"9":{"loc":{"start":{"line":138,"column":4},"end":{"line":141,"column":5}},"type":"if","locations":[{"start":{"line":138,"column":4},"end":{"line":141,"column":5}}]},"10":{"loc":{"start":{"line":138,"column":8},"end":{"line":138,"column":38}},"type":"binary-expr","locations":[{"start":{"line":138,"column":8},"end":{"line":138,"column":18}},{"start":{"line":138,"column":22},"end":{"line":138,"column":38}}]},"11":{"loc":{"start":{"line":152,"column":6},"end":{"line":159,"column":7}},"type":"if","locations":[{"start":{"line":152,"column":6},"end":{"line":159,"column":7}},{"start":{"line":155,"column":13},"end":{"line":159,"column":7}}]},"12":{"loc":{"start":{"line":152,"column":10},"end":{"line":152,"column":41}},"type":"binary-expr","locations":[{"start":{"line":152,"column":10},"end":{"line":152,"column":17}},{"start":{"line":152,"column":21},"end":{"line":152,"column":41}}]},"13":{"loc":{"start":{"line":155,"column":13},"end":{"line":159,"column":7}},"type":"if","locations":[{"start":{"line":155,"column":13},"end":{"line":159,"column":7}}]},"14":{"loc":{"start":{"line":161,"column":6},"end":{"line":165,"column":7}},"type":"if","locations":[{"start":{"line":161,"column":6},"end":{"line":165,"column":7}}]},"15":{"loc":{"start":{"line":163,"column":22},"end":{"line":163,"column":56}},"type":"binary-expr","locations":[{"start":{"line":163,"column":22},"end":{"line":163,"column":33}},{"start":{"line":163,"column":37},"end":{"line":163,"column":56}}]},"16":{"loc":{"start":{"line":193,"column":24},"end":{"line":193,"column":49}},"type":"binary-expr","locations":[{"start":{"line":193,"column":24},"end":{"line":193,"column":33}},{"start":{"line":193,"column":37},"end":{"line":193,"column":49}}]},"17":{"loc":{"start":{"line":210,"column":24},"end":{"line":210,"column":49}},"type":"binary-expr","locations":[{"start":{"line":210,"column":24},"end":{"line":210,"column":33}},{"start":{"line":210,"column":37},"end":{"line":210,"column":49}}]},"18":{"loc":{"start":{"line":215,"column":11},"end":{"line":218,"column":null}},"type":"binary-expr","locations":[{"start":{"line":215,"column":11},"end":{"line":215,"column":21}},{"start":{"line":216,"column":12},"end":{"line":217,"column":null}}]},"19":{"loc":{"start":{"line":222,"column":11},"end":{"line":233,"column":null}},"type":"binary-expr","locations":[{"start":{"line":222,"column":11},"end":{"line":222,"column":23}},{"start":{"line":222,"column":27},"end":{"line":222,"column":32}},{"start":{"line":223,"column":12},"end":{"line":232,"column":null}}]},"20":{"loc":{"start":{"line":246,"column":24},"end":{"line":246,"column":49}},"type":"binary-expr","locations":[{"start":{"line":246,"column":24},"end":{"line":246,"column":33}},{"start":{"line":246,"column":37},"end":{"line":246,"column":49}}]},"21":{"loc":{"start":{"line":248,"column":15},"end":{"line":259,"column":null}},"type":"cond-expr","locations":[{"start":{"line":249,"column":16},"end":{"line":253,"column":null}},{"start":{"line":256,"column":18},"end":{"line":259,"column":null}}]},"22":{"loc":{"start":{"line":256,"column":18},"end":{"line":259,"column":null}},"type":"cond-expr","locations":[{"start":{"line":257,"column":16},"end":{"line":257,"column":24}},{"start":{"line":259,"column":16},"end":{"line":259,"column":21}}]}},"s":{"0":0,"1":0,"2":0,"3":0,"4":0,"5":0,"6":0,"7":0,"8":0,"9":0,"10":0,"11":0,"12":0,"13":0,"14":0,"15":0,"16":0,"17":0,"18":0,"19":0,"20":0,"21":0,"22":0,"23":0,"24":0,"25":0,"26":0,"27":0,"28":0,"29":0,"30":0,"31":0,"32":0,"33":0,"34":0,"35":0,"36":0,"37":0,"38":0,"39":0,"40":0,"41":0,"42":0,"43":0,"44":0,"45":0,"46":0,"47":0,"48":0,"49":0,"50":0,"51":0,"52":0,"53":0,"54":0,"55":0,"56":0,"57":0,"58":0,"59":0,"60":0,"61":0,"62":0,"63":0,"64":0,"65":0,"66":0,"67":0,"68":0,"69":0,"70":0,"71":0,"72":0,"73":0,"74":0},"f":{"0":0,"1":0,"2":0,"3":0,"4":0,"5":0,"6":0,"7":0,"8":0,"9":0,"10":0,"11":0,"12":0,"13":0,"14":0,"15":0,"16":0},"b":{"0":[0],"1":[0],"2":[0,0],"3":[0],"4":[0],"5":[0,0,0],"6":[0],"7":[0],"8":[0],"9":[0],"10":[0,0],"11":[0,0],"12":[0,0],"13":[0],"14":[0],"15":[0,0],"16":[0,0],"17":[0,0],"18":[0,0],"19":[0,0,0],"20":[0,0],"21":[0,0],"22":[0,0]}}
,"/Users/hjshin/Desktop/project/work/ai-driven-dev/googleAI_Studio/cli-board/src/components/admin/AdminSidebar.tsx": {"path":"/Users/hjshin/Desktop/project/work/ai-driven-dev/googleAI_Studio/cli-board/src/components/admin/AdminSidebar.tsx","statementMap":{"0":{"start":{"line":32,"column":56},"end":{"line":35,"column":null}},"1":{"start":{"line":33,"column":2},"end":{"line":34,"column":null}},"2":{"start":{"line":41,"column":51},"end":{"line":44,"column":null}},"3":{"start":{"line":42,"column":2},"end":{"line":43,"column":null}},"4":{"start":{"line":50,"column":55},"end":{"line":53,"column":null}},"5":{"start":{"line":51,"column":2},"end":{"line":52,"column":null}},"6":{"start":{"line":61,"column":53},"end":{"line":64,"column":null}},"7":{"start":{"line":62,"column":2},"end":{"line":63,"column":null}},"8":{"start":{"line":70,"column":73},"end":{"line":73,"column":null}},"9":{"start":{"line":71,"column":2},"end":{"line":72,"column":null}},"10":{"start":{"line":79,"column":50},"end":{"line":193,"column":1}},"11":{"start":{"line":80,"column":40},"end":{"line":80,"column":68}},"12":{"start":{"line":81,"column":19},"end":{"line":81,"column":32}},"13":{"start":{"line":84,"column":19},"end":{"line":86,"column":3}},"14":{"start":{"line":85,"column":4},"end":{"line":85,"column":82}},"15":{"start":{"line":89,"column":23},"end":{"line":94,"column":3}},"16":{"start":{"line":90,"column":4},"end":{"line":90,"column":33}},"17":{"start":{"line":91,"column":4},"end":{"line":93,"column":5}},"18":{"start":{"line":92,"column":6},"end":{"line":92,"column":17}},"19":{"start":{"line":97,"column":32},"end":{"line":131,"column":4}},"20":{"start":{"line":133,"column":2},"end":{"line":192,"column":4}},"21":{"start":{"line":155,"column":12},"end":{"line":155,"column":null}},"22":{"start":{"line":172,"column":20},"end":{"line":172,"column":null}}},"fnMap":{"0":{"name":"(anonymous_0)","decl":{"start":{"line":32,"column":56},"end":{"line":32,"column":57}},"loc":{"start":{"line":33,"column":2},"end":{"line":34,"column":null}}},"1":{"name":"(anonymous_1)","decl":{"start":{"line":41,"column":51},"end":{"line":41,"column":52}},"loc":{"start":{"line":42,"column":2},"end":{"line":43,"column":null}}},"2":{"name":"(anonymous_2)","decl":{"start":{"line":50,"column":55},"end":{"line":50,"column":56}},"loc":{"start":{"line":51,"column":2},"end":{"line":52,"column":null}}},"3":{"name":"(anonymous_3)","decl":{"start":{"line":61,"column":53},"end":{"line":61,"column":54}},"loc":{"start":{"line":62,"column":2},"end":{"line":63,"column":null}}},"4":{"name":"(anonymous_4)","decl":{"start":{"line":70,"column":73},"end":{"line":70,"column":74}},"loc":{"start":{"line":71,"column":2},"end":{"line":72,"column":null}}},"5":{"name":"(anonymous_5)","decl":{"start":{"line":79,"column":50},"end":{"line":79,"column":51}},"loc":{"start":{"line":79,"column":86},"end":{"line":193,"column":1}}},"6":{"name":"(anonymous_6)","decl":{"start":{"line":84,"column":19},"end":{"line":84,"column":20}},"loc":{"start":{"line":84,"column":36},"end":{"line":86,"column":3}}},"7":{"name":"(anonymous_7)","decl":{"start":{"line":89,"column":23},"end":{"line":89,"column":26}},"loc":{"start":{"line":89,"column":28},"end":{"line":94,"column":3}}},"8":{"name":"(anonymous_8)","decl":{"start":{"line":154,"column":25},"end":{"line":154,"column":26}},"loc":{"start":{"line":155,"column":12},"end":{"line":155,"column":null}}},"9":{"name":"(anonymous_9)","decl":{"start":{"line":171,"column":37},"end":{"line":171,"column":38}},"loc":{"start":{"line":172,"column":20},"end":{"line":172,"column":null}}}},"branchMap":{"0":{"loc":{"start":{"line":32,"column":59},"end":{"line":32,"column":80}},"type":"default-arg","locations":[{"start":{"line":32,"column":71},"end":{"line":32,"column":80}}]},"1":{"loc":{"start":{"line":41,"column":54},"end":{"line":41,"column":75}},"type":"default-arg","locations":[{"start":{"line":41,"column":66},"end":{"line":41,"column":75}}]},"2":{"loc":{"start":{"line":50,"column":58},"end":{"line":50,"column":79}},"type":"default-arg","locations":[{"start":{"line":50,"column":70},"end":{"line":50,"column":79}}]},"3":{"loc":{"start":{"line":61,"column":56},"end":{"line":61,"column":77}},"type":"default-arg","locations":[{"start":{"line":61,"column":68},"end":{"line":61,"column":77}}]},"4":{"loc":{"start":{"line":70,"column":87},"end":{"line":70,"column":108}},"type":"default-arg","locations":[{"start":{"line":70,"column":99},"end":{"line":70,"column":108}}]},"5":{"loc":{"start":{"line":72,"column":74},"end":{"line":72,"column":147}},"type":"cond-expr","locations":[{"start":{"line":72,"column":86},"end":{"line":72,"column":113}},{"start":{"line":72,"column":116},"end":{"line":72,"column":147}}]},"6":{"loc":{"start":{"line":79,"column":53},"end":{"line":79,"column":70}},"type":"default-arg","locations":[{"start":{"line":79,"column":65},"end":{"line":79,"column":70}}]},"7":{"loc":{"start":{"line":85,"column":11},"end":{"line":85,"column":81}},"type":"binary-expr","locations":[{"start":{"line":85,"column":11},"end":{"line":85,"column":37}},{"start":{"line":85,"column":41},"end":{"line":85,"column":81}}]},"8":{"loc":{"start":{"line":91,"column":4},"end":{"line":93,"column":5}},"type":"if","locations":[{"start":{"line":91,"column":4},"end":{"line":93,"column":5}}]},"9":{"loc":{"start":{"line":135,"column":71},"end":{"line":135,"column":100}},"type":"cond-expr","locations":[{"start":{"line":135,"column":85},"end":{"line":135,"column":91}},{"start":{"line":135,"column":94},"end":{"line":135,"column":100}}]},"10":{"loc":{"start":{"line":139,"column":9},"end":{"line":140,"column":null}},"type":"binary-expr","locations":[{"start":{"line":139,"column":9},"end":{"line":139,"column":21}},{"start":{"line":140,"column":10},"end":{"line":140,"column":52}}]},"11":{"loc":{"start":{"line":145,"column":22},"end":{"line":145,"column":58}},"type":"cond-expr","locations":[{"start":{"line":145,"column":36},"end":{"line":145,"column":46}},{"start":{"line":145,"column":49},"end":{"line":145,"column":58}}]},"12":{"loc":{"start":{"line":159,"column":18},"end":{"line":161,"column":null}},"type":"cond-expr","locations":[{"start":{"line":160,"column":22},"end":{"line":160,"column":46}},{"start":{"line":161,"column":22},"end":{"line":161,"column":null}}]},"13":{"loc":{"start":{"line":165,"column":17},"end":{"line":165,"column":57}},"type":"binary-expr","locations":[{"start":{"line":165,"column":17},"end":{"line":165,"column":29}},{"start":{"line":165,"column":33},"end":{"line":165,"column":57}}]},"14":{"loc":{"start":{"line":169,"column":15},"end":{"line":185,"column":null}},"type":"binary-expr","locations":[{"start":{"line":169,"column":15},"end":{"line":169,"column":27}},{"start":{"line":169,"column":31},"end":{"line":169,"column":44}},{"start":{"line":170,"column":16},"end":{"line":184,"column":null}}]},"15":{"loc":{"start":{"line":176,"column":26},"end":{"line":178,"column":null}},"type":"cond-expr","locations":[{"start":{"line":177,"column":30},"end":{"line":177,"column":57}},{"start":{"line":178,"column":30},"end":{"line":178,"column":null}}]}},"s":{"0":0,"1":0,"2":0,"3":0,"4":0,"5":0,"6":0,"7":0,"8":0,"9":0,"10":0,"11":0,"12":0,"13":0,"14":0,"15":0,"16":0,"17":0,"18":0,"19":0,"20":0,"21":0,"22":0},"f":{"0":0,"1":0,"2":0,"3":0,"4":0,"5":0,"6":0,"7":0,"8":0,"9":0},"b":{"0":[0],"1":[0],"2":[0],"3":[0],"4":[0],"5":[0,0],"6":[0],"7":[0,0],"8":[0],"9":[0,0],"10":[0,0],"11":[0,0],"12":[0,0],"13":[0,0],"14":[0,0,0],"15":[0,0]}}
,"/Users/hjshin/Desktop/project/work/ai-driven-dev/googleAI_Studio/cli-board/src/components/admin/backup/BackupRestorePage.tsx": {"path":"/Users/hjshin/Desktop/project/work/ai-driven-dev/googleAI_Studio/cli-board/src/components/admin/backup/BackupRestorePage.tsx","statementMap":{"0":{"start":{"line":12,"column":36},"end":{"line":583,"column":1}},"1":{"start":{"line":14,"column":46},"end":{"line":23,"column":4}},"2":{"start":{"line":26,"column":48},"end":{"line":36,"column":4}},"3":{"start":{"line":39,"column":42},"end":{"line":39,"column":69}},"4":{"start":{"line":42,"column":42},"end":{"line":42,"column":57}},"5":{"start":{"line":43,"column":30},"end":{"line":48,"column":17}},"6":{"start":{"line":53,"column":36},"end":{"line":76,"column":3}},"7":{"start":{"line":54,"column":36},"end":{"line":54,"column":48}},"8":{"start":{"line":56,"column":4},"end":{"line":75,"column":5}},"9":{"start":{"line":57,"column":6},"end":{"line":64,"column":10}},"10":{"start":{"line":57,"column":33},"end":{"line":64,"column":8}},"11":{"start":{"line":67,"column":29},"end":{"line":67,"column":60}},"12":{"start":{"line":68,"column":6},"end":{"line":74,"column":10}},"13":{"start":{"line":68,"column":33},"end":{"line":74,"column":8}},"14":{"start":{"line":81,"column":37},"end":{"line":100,"column":3}},"15":{"start":{"line":82,"column":30},"end":{"line":82,"column":42}},"16":{"start":{"line":84,"column":4},"end":{"line":99,"column":5}},"17":{"start":{"line":85,"column":6},"end":{"line":88,"column":10}},"18":{"start":{"line":85,"column":34},"end":{"line":88,"column":8}},"19":{"start":{"line":91,"column":29},"end":{"line":91,"column":68}},"20":{"start":{"line":92,"column":6},"end":{"line":98,"column":10}},"21":{"start":{"line":92,"column":34},"end":{"line":98,"column":8}},"22":{"start":{"line":105,"column":27},"end":{"line":111,"column":3}},"23":{"start":{"line":106,"column":4},"end":{"line":110,"column":5}},"24":{"start":{"line":107,"column":6},"end":{"line":107,"column":45}},"25":{"start":{"line":109,"column":6},"end":{"line":109,"column":22}},"26":{"start":{"line":116,"column":23},"end":{"line":168,"column":3}},"27":{"start":{"line":117,"column":4},"end":{"line":167,"column":5}},"28":{"start":{"line":118,"column":6},"end":{"line":118,"column":28}},"29":{"start":{"line":119,"column":6},"end":{"line":119,"column":22}},"30":{"start":{"line":122,"column":34},"end":{"line":124,"column":42}},"31":{"start":{"line":123,"column":34},"end":{"line":123,"column":42}},"32":{"start":{"line":124,"column":31},"end":{"line":124,"column":41}},"33":{"start":{"line":126,"column":6},"end":{"line":132,"column":7}},"34":{"start":{"line":127,"column":8},"end":{"line":130,"column":11}},"35":{"start":{"line":131,"column":8},"end":{"line":131,"column":15}},"36":{"start":{"line":135,"column":25},"end":{"line":138,"column":8}},"37":{"start":{"line":141,"column":19},"end":{"line":141,"column":71}},"38":{"start":{"line":142,"column":18},"end":{"line":142,"column":43}},"39":{"start":{"line":143,"column":19},"end":{"line":143,"column":46}},"40":{"start":{"line":146,"column":19},"end":{"line":146,"column":56}},"41":{"start":{"line":147,"column":6},"end":{"line":147,"column":22}},"42":{"start":{"line":148,"column":6},"end":{"line":148,"column":54}},"43":{"start":{"line":149,"column":6},"end":{"line":149,"column":38}},"44":{"start":{"line":150,"column":6},"end":{"line":150,"column":19}},"45":{"start":{"line":151,"column":6},"end":{"line":151,"column":38}},"46":{"start":{"line":154,"column":6},"end":{"line":157,"column":9}},"47":{"start":{"line":160,"column":6},"end":{"line":160,"column":37}},"48":{"start":{"line":161,"column":6},"end":{"line":164,"column":9}},"49":{"start":{"line":166,"column":6},"end":{"line":166,"column":29}},"50":{"start":{"line":173,"column":24},"end":{"line":228,"column":3}},"51":{"start":{"line":174,"column":4},"end":{"line":180,"column":5}},"52":{"start":{"line":175,"column":6},"end":{"line":178,"column":9}},"53":{"start":{"line":179,"column":6},"end":{"line":179,"column":13}},"54":{"start":{"line":182,"column":4},"end":{"line":227,"column":5}},"55":{"start":{"line":183,"column":6},"end":{"line":183,"column":28}},"56":{"start":{"line":184,"column":6},"end":{"line":184,"column":22}},"57":{"start":{"line":187,"column":34},"end":{"line":189,"column":42}},"58":{"start":{"line":188,"column":34},"end":{"line":188,"column":42}},"59":{"start":{"line":189,"column":31},"end":{"line":189,"column":41}},"60":{"start":{"line":191,"column":6},"end":{"line":197,"column":7}},"61":{"start":{"line":192,"column":8},"end":{"line":195,"column":11}},"62":{"start":{"line":196,"column":8},"end":{"line":196,"column":15}},"63":{"start":{"line":200,"column":26},"end":{"line":200,"column":60}},"64":{"start":{"line":203,"column":28},"end":{"line":207,"column":8}},"65":{"start":{"line":210,"column":6},"end":{"line":217,"column":9}},"66":{"start":{"line":220,"column":6},"end":{"line":220,"column":37}},"67":{"start":{"line":221,"column":6},"end":{"line":224,"column":9}},"68":{"start":{"line":226,"column":6},"end":{"line":226,"column":29}},"69":{"start":{"line":233,"column":25},"end":{"line":248,"column":3}},"70":{"start":{"line":234,"column":4},"end":{"line":247,"column":7}},"71":{"start":{"line":235,"column":21},"end":{"line":235,"column":37}},"72":{"start":{"line":236,"column":6},"end":{"line":242,"column":8}},"73":{"start":{"line":237,"column":8},"end":{"line":241,"column":9}},"74":{"start":{"line":238,"column":10},"end":{"line":238,"column":33}},"75":{"start":{"line":240,"column":10},"end":{"line":240,"column":51}},"76":{"start":{"line":243,"column":6},"end":{"line":245,"column":8}},"77":{"start":{"line":244,"column":8},"end":{"line":244,"column":49}},"78":{"start":{"line":246,"column":6},"end":{"line":246,"column":30}},"79":{"start":{"line":250,"column":2},"end":{"line":582,"column":4}},"80":{"start":{"line":556,"column":24},"end":{"line":556,"column":46}},"81":{"start":{"line":568,"column":24},"end":{"line":568,"column":41}}},"fnMap":{"0":{"name":"(anonymous_0)","decl":{"start":{"line":12,"column":36},"end":{"line":12,"column":39}},"loc":{"start":{"line":12,"column":41},"end":{"line":583,"column":1}}},"1":{"name":"(anonymous_1)","decl":{"start":{"line":53,"column":36},"end":{"line":53,"column":37}},"loc":{"start":{"line":53,"column":83},"end":{"line":76,"column":3}}},"2":{"name":"(anonymous_2)","decl":{"start":{"line":57,"column":24},"end":{"line":57,"column":28}},"loc":{"start":{"line":57,"column":33},"end":{"line":64,"column":8}}},"3":{"name":"(anonymous_3)","decl":{"start":{"line":68,"column":24},"end":{"line":68,"column":28}},"loc":{"start":{"line":68,"column":33},"end":{"line":74,"column":8}}},"4":{"name":"(anonymous_4)","decl":{"start":{"line":81,"column":37},"end":{"line":81,"column":38}},"loc":{"start":{"line":81,"column":84},"end":{"line":100,"column":3}}},"5":{"name":"(anonymous_5)","decl":{"start":{"line":85,"column":25},"end":{"line":85,"column":29}},"loc":{"start":{"line":85,"column":34},"end":{"line":88,"column":8}}},"6":{"name":"(anonymous_6)","decl":{"start":{"line":92,"column":25},"end":{"line":92,"column":29}},"loc":{"start":{"line":92,"column":34},"end":{"line":98,"column":8}}},"7":{"name":"(anonymous_7)","decl":{"start":{"line":105,"column":27},"end":{"line":105,"column":28}},"loc":{"start":{"line":105,"column":74},"end":{"line":111,"column":3}}},"8":{"name":"(anonymous_8)","decl":{"start":{"line":116,"column":23},"end":{"line":116,"column":28}},"loc":{"start":{"line":116,"column":34},"end":{"line":168,"column":3}}},"9":{"name":"(anonymous_9)","decl":{"start":{"line":123,"column":16},"end":{"line":123,"column":17}},"loc":{"start":{"line":123,"column":34},"end":{"line":123,"column":42}}},"10":{"name":"(anonymous_10)","decl":{"start":{"line":124,"column":13},"end":{"line":124,"column":14}},"loc":{"start":{"line":124,"column":31},"end":{"line":124,"column":41}}},"11":{"name":"(anonymous_11)","decl":{"start":{"line":173,"column":24},"end":{"line":173,"column":29}},"loc":{"start":{"line":173,"column":35},"end":{"line":228,"column":3}}},"12":{"name":"(anonymous_12)","decl":{"start":{"line":188,"column":16},"end":{"line":188,"column":17}},"loc":{"start":{"line":188,"column":34},"end":{"line":188,"column":42}}},"13":{"name":"(anonymous_13)","decl":{"start":{"line":189,"column":13},"end":{"line":189,"column":14}},"loc":{"start":{"line":189,"column":31},"end":{"line":189,"column":41}}},"14":{"name":"(anonymous_14)","decl":{"start":{"line":233,"column":25},"end":{"line":233,"column":26}},"loc":{"start":{"line":233,"column":57},"end":{"line":248,"column":3}}},"15":{"name":"(anonymous_15)","decl":{"start":{"line":234,"column":23},"end":{"line":234,"column":24}},"loc":{"start":{"line":234,"column":43},"end":{"line":247,"column":5}}},"16":{"name":"(anonymous_16)","decl":{"start":{"line":236,"column":22},"end":{"line":236,"column":25}},"loc":{"start":{"line":236,"column":27},"end":{"line":242,"column":7}}},"17":{"name":"(anonymous_17)","decl":{"start":{"line":243,"column":23},"end":{"line":243,"column":26}},"loc":{"start":{"line":243,"column":28},"end":{"line":245,"column":7}}},"18":{"name":"(anonymous_18)","decl":{"start":{"line":555,"column":73},"end":{"line":555,"column":74}},"loc":{"start":{"line":556,"column":24},"end":{"line":556,"column":46}}},"19":{"name":"(anonymous_19)","decl":{"start":{"line":567,"column":55},"end":{"line":567,"column":56}},"loc":{"start":{"line":568,"column":24},"end":{"line":568,"column":41}}}},"branchMap":{"0":{"loc":{"start":{"line":56,"column":4},"end":{"line":75,"column":5}},"type":"if","locations":[{"start":{"line":56,"column":4},"end":{"line":75,"column":5}},{"start":{"line":65,"column":11},"end":{"line":75,"column":5}}]},"1":{"loc":{"start":{"line":61,"column":21},"end":{"line":63,"column":28}},"type":"cond-expr","locations":[{"start":{"line":62,"column":12},"end":{"line":62,"column":48}},{"start":{"line":63,"column":12},"end":{"line":63,"column":28}}]},"2":{"loc":{"start":{"line":84,"column":4},"end":{"line":99,"column":5}},"type":"if","locations":[{"start":{"line":84,"column":4},"end":{"line":99,"column":5}},{"start":{"line":89,"column":11},"end":{"line":99,"column":5}}]},"3":{"loc":{"start":{"line":84,"column":8},"end":{"line":84,"column":62}},"type":"binary-expr","locations":[{"start":{"line":84,"column":8},"end":{"line":84,"column":28}},{"start":{"line":84,"column":32},"end":{"line":84,"column":62}}]},"4":{"loc":{"start":{"line":106,"column":4},"end":{"line":110,"column":5}},"type":"if","locations":[{"start":{"line":106,"column":4},"end":{"line":110,"column":5}}]},"5":{"loc":{"start":{"line":106,"column":8},"end":{"line":106,"column":59}},"type":"binary-expr","locations":[{"start":{"line":106,"column":8},"end":{"line":106,"column":26}},{"start":{"line":106,"column":30},"end":{"line":106,"column":59}}]},"6":{"loc":{"start":{"line":126,"column":6},"end":{"line":132,"column":7}},"type":"if","locations":[{"start":{"line":126,"column":6},"end":{"line":132,"column":7}}]},"7":{"loc":{"start":{"line":163,"column":17},"end":{"line":163,"column":76}},"type":"cond-expr","locations":[{"start":{"line":163,"column":42},"end":{"line":163,"column":55}},{"start":{"line":163,"column":58},"end":{"line":163,"column":76}}]},"8":{"loc":{"start":{"line":174,"column":4},"end":{"line":180,"column":5}},"type":"if","locations":[{"start":{"line":174,"column":4},"end":{"line":180,"column":5}}]},"9":{"loc":{"start":{"line":191,"column":6},"end":{"line":197,"column":7}},"type":"if","locations":[{"start":{"line":191,"column":6},"end":{"line":197,"column":7}}]},"10":{"loc":{"start":{"line":223,"column":17},"end":{"line":223,"column":76}},"type":"cond-expr","locations":[{"start":{"line":223,"column":42},"end":{"line":223,"column":55}},{"start":{"line":223,"column":58},"end":{"line":223,"column":76}}]},"11":{"loc":{"start":{"line":237,"column":8},"end":{"line":241,"column":9}},"type":"if","locations":[{"start":{"line":237,"column":8},"end":{"line":241,"column":9}},{"start":{"line":239,"column":15},"end":{"line":241,"column":9}}]},"12":{"loc":{"start":{"line":333,"column":15},"end":{"line":336,"column":null}},"type":"binary-expr","locations":[{"start":{"line":333,"column":15},"end":{"line":333,"column":42}},{"start":{"line":334,"column":16},"end":{"line":334,"column":null}}]},"13":{"loc":{"start":{"line":346,"column":13},"end":{"line":360,"column":null}},"type":"cond-expr","locations":[{"start":{"line":347,"column":14},"end":{"line":351,"column":null}},{"start":{"line":355,"column":14},"end":{"line":358,"column":null}}]},"14":{"loc":{"start":{"line":485,"column":15},"end":{"line":488,"column":null}},"type":"binary-expr","locations":[{"start":{"line":485,"column":15},"end":{"line":485,"column":50}},{"start":{"line":486,"column":16},"end":{"line":486,"column":null}}]},"15":{"loc":{"start":{"line":495,"column":22},"end":{"line":495,"column":51}},"type":"binary-expr","locations":[{"start":{"line":495,"column":22},"end":{"line":495,"column":34}},{"start":{"line":495,"column":38},"end":{"line":495,"column":51}}]},"16":{"loc":{"start":{"line":497,"column":14},"end":{"line":499,"column":null}},"type":"cond-expr","locations":[{"start":{"line":498,"column":18},"end":{"line":498,"column":50}},{"start":{"line":499,"column":18},"end":{"line":499,"column":null}}]},"17":{"loc":{"start":{"line":497,"column":14},"end":{"line":497,"column":43}},"type":"binary-expr","locations":[{"start":{"line":497,"column":14},"end":{"line":497,"column":26}},{"start":{"line":497,"column":30},"end":{"line":497,"column":43}}]},"18":{"loc":{"start":{"line":502,"column":13},"end":{"line":516,"column":null}},"type":"cond-expr","locations":[{"start":{"line":503,"column":14},"end":{"line":507,"column":null}},{"start":{"line":511,"column":14},"end":{"line":514,"column":null}}]},"19":{"loc":{"start":{"line":523,"column":7},"end":{"line":579,"column":null}},"type":"binary-expr","locations":[{"start":{"line":523,"column":7},"end":{"line":523,"column":13}},{"start":{"line":524,"column":8},"end":{"line":578,"column":null}}]},"20":{"loc":{"start":{"line":525,"column":10},"end":{"line":525,"column":null}},"type":"cond-expr","locations":[{"start":{"line":525,"column":27},"end":{"line":525,"column":64}},{"start":{"line":525,"column":67},"end":{"line":525,"column":null}}]},"21":{"loc":{"start":{"line":529,"column":15},"end":{"line":536,"column":null}},"type":"cond-expr","locations":[{"start":{"line":530,"column":16},"end":{"line":531,"column":null}},{"start":{"line":534,"column":16},"end":{"line":535,"column":null}}]},"22":{"loc":{"start":{"line":541,"column":16},"end":{"line":541,"column":null}},"type":"cond-expr","locations":[{"start":{"line":541,"column":33},"end":{"line":541,"column":49}},{"start":{"line":541,"column":52},"end":{"line":541,"column":null}}]},"23":{"loc":{"start":{"line":543,"column":17},"end":{"line":543,"column":47}},"type":"cond-expr","locations":[{"start":{"line":543,"column":34},"end":{"line":543,"column":39}},{"start":{"line":543,"column":42},"end":{"line":543,"column":47}}]},"24":{"loc":{"start":{"line":546,"column":16},"end":{"line":546,"column":null}},"type":"cond-expr","locations":[{"start":{"line":546,"column":33},"end":{"line":546,"column":49}},{"start":{"line":546,"column":52},"end":{"line":546,"column":null}}]},"25":{"loc":{"start":{"line":551,"column":17},"end":{"line":559,"column":null}},"type":"binary-expr","locations":[{"start":{"line":551,"column":17},"end":{"line":551,"column":31}},{"start":{"line":551,"column":35},"end":{"line":551,"column":65}},{"start":{"line":552,"column":18},"end":{"line":558,"column":null}}]},"26":{"loc":{"start":{"line":563,"column":17},"end":{"line":574,"column":null}},"type":"binary-expr","locations":[{"start":{"line":563,"column":17},"end":{"line":563,"column":32}},{"start":{"line":563,"column":36},"end":{"line":563,"column":62}},{"start":{"line":564,"column":18},"end":{"line":573,"column":null}}]},"27":{"loc":{"start":{"line":570,"column":23},"end":{"line":571,"column":null}},"type":"binary-expr","locations":[{"start":{"line":570,"column":23},"end":{"line":570,"column":49}},{"start":{"line":571,"column":24},"end":{"line":571,"column":94}}]}},"s":{"0":0,"1":0,"2":0,"3":0,"4":0,"5":0,"6":0,"7":0,"8":0,"9":0,"10":0,"11":0,"12":0,"13":0,"14":0,"15":0,"16":0,"17":0,"18":0,"19":0,"20":0,"21":0,"22":0,"23":0,"24":0,"25":0,"26":0,"27":0,"28":0,"29":0,"30":0,"31":0,"32":0,"33":0,"34":0,"35":0,"36":0,"37":0,"38":0,"39":0,"40":0,"41":0,"42":0,"43":0,"44":0,"45":0,"46":0,"47":0,"48":0,"49":0,"50":0,"51":0,"52":0,"53":0,"54":0,"55":0,"56":0,"57":0,"58":0,"59":0,"60":0,"61":0,"62":0,"63":0,"64":0,"65":0,"66":0,"67":0,"68":0,"69":0,"70":0,"71":0,"72":0,"73":0,"74":0,"75":0,"76":0,"77":0,"78":0,"79":0,"80":0,"81":0},"f":{"0":0,"1":0,"2":0,"3":0,"4":0,"5":0,"6":0,"7":0,"8":0,"9":0,"10":0,"11":0,"12":0,"13":0,"14":0,"15":0,"16":0,"17":0,"18":0,"19":0},"b":{"0":[0,0],"1":[0,0],"2":[0,0],"3":[0,0],"4":[0],"5":[0,0],"6":[0],"7":[0,0],"8":[0],"9":[0],"10":[0,0],"11":[0,0],"12":[0,0],"13":[0,0],"14":[0,0],"15":[0,0],"16":[0,0],"17":[0,0],"18":[0,0],"19":[0,0],"20":[0,0],"21":[0,0],"22":[0,0],"23":[0,0],"24":[0,0],"25":[0,0,0],"26":[0,0,0],"27":[0,0]}}
,"/Users/hjshin/Desktop/project/work/ai-driven-dev/googleAI_Studio/cli-board/src/components/admin/categories/DragDropWrapper.tsx": {"path":"/Users/hjshin/Desktop/project/work/ai-driven-dev/googleAI_Studio/cli-board/src/components/admin/categories/DragDropWrapper.tsx","statementMap":{"0":{"start":{"line":21,"column":63},"end":{"line":50,"column":1}},"1":{"start":{"line":22,"column":36},"end":{"line":22,"column":51}},"2":{"start":{"line":24,"column":2},"end":{"line":31,"column":9}},"3":{"start":{"line":26,"column":20},"end":{"line":28,"column":11}},"4":{"start":{"line":27,"column":6},"end":{"line":27,"column":25}},"5":{"start":{"line":30,"column":4},"end":{"line":30,"column":39}},"6":{"start":{"line":30,"column":17},"end":{"line":30,"column":38}},"7":{"start":{"line":34,"column":2},"end":{"line":41,"column":3}},"8":{"start":{"line":35,"column":4},"end":{"line":40,"column":6}},"9":{"start":{"line":43,"column":2},"end":{"line":49,"column":4}},"10":{"start":{"line":46,"column":33},"end":{"line":46,"column":61}},"11":{"start":{"line":56,"column":35},"end":{"line":75,"column":1}},"12":{"start":{"line":57,"column":32},"end":{"line":57,"column":47}},"13":{"start":{"line":59,"column":2},"end":{"line":68,"column":9}},"14":{"start":{"line":60,"column":22},"end":{"line":62,"column":6}},"15":{"start":{"line":61,"column":6},"end":{"line":61,"column":23}},"16":{"start":{"line":64,"column":4},"end":{"line":67,"column":6}},"17":{"start":{"line":65,"column":6},"end":{"line":65,"column":38}},"18":{"start":{"line":66,"column":6},"end":{"line":66,"column":24}},"19":{"start":{"line":70,"column":2},"end":{"line":72,"column":3}},"20":{"start":{"line":71,"column":4},"end":{"line":71,"column":16}},"21":{"start":{"line":74,"column":2},"end":{"line":74,"column":54}}},"fnMap":{"0":{"name":"(anonymous_0)","decl":{"start":{"line":21,"column":63},"end":{"line":21,"column":64}},"loc":{"start":{"line":21,"column":104},"end":{"line":50,"column":1}}},"1":{"name":"(anonymous_1)","decl":{"start":{"line":24,"column":12},"end":{"line":24,"column":15}},"loc":{"start":{"line":24,"column":17},"end":{"line":31,"column":3}}},"2":{"name":"(anonymous_2)","decl":{"start":{"line":26,"column":31},"end":{"line":26,"column":34}},"loc":{"start":{"line":26,"column":36},"end":{"line":28,"column":5}}},"3":{"name":"(anonymous_3)","decl":{"start":{"line":30,"column":11},"end":{"line":30,"column":14}},"loc":{"start":{"line":30,"column":17},"end":{"line":30,"column":38}}},"4":{"name":"(anonymous_4)","decl":{"start":{"line":46,"column":9},"end":{"line":46,"column":10}},"loc":{"start":{"line":46,"column":33},"end":{"line":46,"column":61}}},"5":{"name":"(anonymous_5)","decl":{"start":{"line":56,"column":35},"end":{"line":56,"column":36}},"loc":{"start":{"line":56,"column":78},"end":{"line":75,"column":1}}},"6":{"name":"(anonymous_6)","decl":{"start":{"line":59,"column":12},"end":{"line":59,"column":15}},"loc":{"start":{"line":59,"column":17},"end":{"line":68,"column":3}}},"7":{"name":"(anonymous_7)","decl":{"start":{"line":60,"column":44},"end":{"line":60,"column":47}},"loc":{"start":{"line":60,"column":49},"end":{"line":62,"column":5}}},"8":{"name":"(anonymous_8)","decl":{"start":{"line":64,"column":11},"end":{"line":64,"column":14}},"loc":{"start":{"line":64,"column":16},"end":{"line":67,"column":5}}}},"branchMap":{"0":{"loc":{"start":{"line":34,"column":2},"end":{"line":41,"column":3}},"type":"if","locations":[{"start":{"line":34,"column":2},"end":{"line":41,"column":3}}]},"1":{"loc":{"start":{"line":70,"column":2},"end":{"line":72,"column":3}},"type":"if","locations":[{"start":{"line":70,"column":2},"end":{"line":72,"column":3}}]}},"s":{"0":0,"1":0,"2":0,"3":0,"4":0,"5":0,"6":0,"7":0,"8":0,"9":0,"10":0,"11":0,"12":0,"13":0,"14":0,"15":0,"16":0,"17":0,"18":0,"19":0,"20":0,"21":0},"f":{"0":0,"1":0,"2":0,"3":0,"4":0,"5":0,"6":0,"7":0,"8":0},"b":{"0":[0],"1":[0]}}
,"/Users/hjshin/Desktop/project/work/ai-driven-dev/googleAI_Studio/cli-board/src/components/admin/categories/IconSelector.tsx": {"path":"/Users/hjshin/Desktop/project/work/ai-driven-dev/googleAI_Studio/cli-board/src/components/admin/categories/IconSelector.tsx","statementMap":{"0":{"start":{"line":13,"column":50},"end":{"line":81,"column":1}},"1":{"start":{"line":14,"column":30},"end":{"line":14,"column":45}},"2":{"start":{"line":17,"column":27},"end":{"line":17,"column":71}},"3":{"start":{"line":17,"column":46},"end":{"line":17,"column":70}},"4":{"start":{"line":20,"column":27},"end":{"line":23,"column":3}},"5":{"start":{"line":21,"column":4},"end":{"line":21,"column":25}},"6":{"start":{"line":22,"column":4},"end":{"line":22,"column":21}},"7":{"start":{"line":26,"column":25},"end":{"line":28,"column":3}},"8":{"start":{"line":27,"column":4},"end":{"line":27,"column":23}},"9":{"start":{"line":30,"column":2},"end":{"line":80,"column":4}},"10":{"start":{"line":54,"column":16},"end":{"line":55,"column":null}},"11":{"start":{"line":57,"column":33},"end":{"line":57,"column":58}},"12":{"start":{"line":71,"column":29},"end":{"line":71,"column":49}}},"fnMap":{"0":{"name":"(anonymous_0)","decl":{"start":{"line":13,"column":50},"end":{"line":13,"column":51}},"loc":{"start":{"line":13,"column":85},"end":{"line":81,"column":1}}},"1":{"name":"(anonymous_1)","decl":{"start":{"line":17,"column":38},"end":{"line":17,"column":42}},"loc":{"start":{"line":17,"column":46},"end":{"line":17,"column":70}}},"2":{"name":"(anonymous_2)","decl":{"start":{"line":20,"column":27},"end":{"line":20,"column":28}},"loc":{"start":{"line":20,"column":46},"end":{"line":23,"column":3}}},"3":{"name":"(anonymous_3)","decl":{"start":{"line":26,"column":25},"end":{"line":26,"column":28}},"loc":{"start":{"line":26,"column":30},"end":{"line":28,"column":3}}},"4":{"name":"(anonymous_4)","decl":{"start":{"line":53,"column":25},"end":{"line":53,"column":29}},"loc":{"start":{"line":54,"column":16},"end":{"line":55,"column":null}}},"5":{"name":"(anonymous_5)","decl":{"start":{"line":57,"column":27},"end":{"line":57,"column":30}},"loc":{"start":{"line":57,"column":33},"end":{"line":57,"column":58}}},"6":{"name":"(anonymous_6)","decl":{"start":{"line":71,"column":23},"end":{"line":71,"column":26}},"loc":{"start":{"line":71,"column":29},"end":{"line":71,"column":49}}}},"branchMap":{"0":{"loc":{"start":{"line":39,"column":9},"end":{"line":42,"column":null}},"type":"cond-expr","locations":[{"start":{"line":40,"column":10},"end":{"line":40,"column":67}},{"start":{"line":42,"column":10},"end":{"line":42,"column":50}}]},"1":{"loc":{"start":{"line":46,"column":7},"end":{"line":77,"column":null}},"type":"binary-expr","locations":[{"start":{"line":46,"column":7},"end":{"line":46,"column":13}},{"start":{"line":47,"column":8},"end":{"line":76,"column":null}}]},"2":{"loc":{"start":{"line":59,"column":20},"end":{"line":59,"column":null}},"type":"cond-expr","locations":[{"start":{"line":59,"column":47},"end":{"line":59,"column":81}},{"start":{"line":59,"column":84},"end":{"line":59,"column":null}}]}},"s":{"0":0,"1":0,"2":0,"3":0,"4":0,"5":0,"6":0,"7":0,"8":0,"9":0,"10":0,"11":0,"12":0},"f":{"0":0,"1":0,"2":0,"3":0,"4":0,"5":0,"6":0},"b":{"0":[0,0],"1":[0,0],"2":[0,0]}}
,"/Users/hjshin/Desktop/project/work/ai-driven-dev/googleAI_Studio/cli-board/src/components/admin/categories/index.tsx": {"path":"/Users/hjshin/Desktop/project/work/ai-driven-dev/googleAI_Studio/cli-board/src/components/admin/categories/index.tsx","statementMap":{"0":{"start":{"line":19,"column":37},"end":{"line":501,"column":1}},"1":{"start":{"line":21,"column":38},"end":{"line":21,"column":66}},"2":{"start":{"line":23,"column":48},"end":{"line":23,"column":60}},"3":{"start":{"line":25,"column":48},"end":{"line":25,"column":60}},"4":{"start":{"line":27,"column":36},"end":{"line":27,"column":65}},"5":{"start":{"line":29,"column":40},"end":{"line":29,"column":52}},"6":{"start":{"line":31,"column":40},"end":{"line":31,"column":52}},"7":{"start":{"line":33,"column":36},"end":{"line":33,"column":50}},"8":{"start":{"line":35,"column":28},"end":{"line":35,"column":57}},"9":{"start":{"line":37,"column":46},"end":{"line":37,"column":75}},"10":{"start":{"line":39,"column":48},"end":{"line":39,"column":77}},"11":{"start":{"line":44,"column":25},"end":{"line":75,"column":8}},"12":{"start":{"line":45,"column":4},"end":{"line":45,"column":23}},"13":{"start":{"line":46,"column":4},"end":{"line":46,"column":19}},"14":{"start":{"line":48,"column":21},"end":{"line":48,"column":22}},"15":{"start":{"line":49,"column":23},"end":{"line":49,"column":24}},"16":{"start":{"line":51,"column":4},"end":{"line":74,"column":5}},"17":{"start":{"line":52,"column":6},"end":{"line":73,"column":7}},"18":{"start":{"line":53,"column":21},"end":{"line":53,"column":44}},"19":{"start":{"line":54,"column":8},"end":{"line":54,"column":28}},"20":{"start":{"line":55,"column":8},"end":{"line":55,"column":28}},"21":{"start":{"line":56,"column":8},"end":{"line":56,"column":15}},"22":{"start":{"line":58,"column":8},"end":{"line":58,"column":82}},"23":{"start":{"line":59,"column":8},"end":{"line":59,"column":21}},"24":{"start":{"line":62,"column":8},"end":{"line":72,"column":9}},"25":{"start":{"line":63,"column":10},"end":{"line":63,"column":86}},"26":{"start":{"line":66,"column":10},"end":{"line":66,"column":79}},"27":{"start":{"line":66,"column":39},"end":{"line":66,"column":77}},"28":{"start":{"line":69,"column":27},"end":{"line":69,"column":75}},"29":{"start":{"line":70,"column":10},"end":{"line":70,"column":58}},"30":{"start":{"line":71,"column":10},"end":{"line":71,"column":30}},"31":{"start":{"line":80,"column":28},"end":{"line":132,"column":3}},"32":{"start":{"line":81,"column":4},"end":{"line":81,"column":23}},"33":{"start":{"line":83,"column":4},"end":{"line":86,"column":5}},"34":{"start":{"line":84,"column":6},"end":{"line":84,"column":35}},"35":{"start":{"line":85,"column":6},"end":{"line":85,"column":13}},"36":{"start":{"line":88,"column":4},"end":{"line":88,"column":23}},"37":{"start":{"line":89,"column":4},"end":{"line":89,"column":19}},"38":{"start":{"line":91,"column":4},"end":{"line":131,"column":5}},"39":{"start":{"line":93,"column":6},"end":{"line":93,"column":46}},"40":{"start":{"line":95,"column":6},"end":{"line":95,"column":92}},"41":{"start":{"line":97,"column":6},"end":{"line":100,"column":9}},"42":{"start":{"line":102,"column":6},"end":{"line":102,"column":56}},"43":{"start":{"line":103,"column":6},"end":{"line":103,"column":29}},"44":{"start":{"line":104,"column":6},"end":{"line":104,"column":29}},"45":{"start":{"line":105,"column":6},"end":{"line":105,"column":29}},"46":{"start":{"line":106,"column":6},"end":{"line":106,"column":49}},"47":{"start":{"line":108,"column":6},"end":{"line":108,"column":40}},"48":{"start":{"line":111,"column":23},"end":{"line":111,"column":71}},"49":{"start":{"line":113,"column":6},"end":{"line":120,"column":7}},"50":{"start":{"line":114,"column":8},"end":{"line":117,"column":10}},"51":{"start":{"line":119,"column":8},"end":{"line":119,"column":49}},"52":{"start":{"line":123,"column":6},"end":{"line":123,"column":50}},"53":{"start":{"line":124,"column":6},"end":{"line":128,"column":7}},"54":{"start":{"line":125,"column":8},"end":{"line":125,"column":31}},"55":{"start":{"line":127,"column":8},"end":{"line":127,"column":54}},"56":{"start":{"line":130,"column":6},"end":{"line":130,"column":26}},"57":{"start":{"line":137,"column":23},"end":{"line":141,"column":3}},"58":{"start":{"line":138,"column":4},"end":{"line":138,"column":30}},"59":{"start":{"line":139,"column":4},"end":{"line":139,"column":34}},"60":{"start":{"line":140,"column":4},"end":{"line":140,"column":40}},"61":{"start":{"line":146,"column":24},"end":{"line":150,"column":3}},"62":{"start":{"line":147,"column":4},"end":{"line":147,"column":23}},"63":{"start":{"line":148,"column":4},"end":{"line":148,"column":23}},"64":{"start":{"line":149,"column":4},"end":{"line":149,"column":23}},"65":{"start":{"line":155,"column":31},"end":{"line":174,"column":3}},"66":{"start":{"line":156,"column":4},"end":{"line":159,"column":5}},"67":{"start":{"line":157,"column":6},"end":{"line":157,"column":35}},"68":{"start":{"line":158,"column":6},"end":{"line":158,"column":13}},"69":{"start":{"line":161,"column":4},"end":{"line":161,"column":23}},"70":{"start":{"line":162,"column":4},"end":{"line":162,"column":19}},"71":{"start":{"line":164,"column":4},"end":{"line":173,"column":5}},"72":{"start":{"line":165,"column":6},"end":{"line":165,"column":85}},"73":{"start":{"line":166,"column":6},"end":{"line":166,"column":29}},"74":{"start":{"line":167,"column":6},"end":{"line":167,"column":22}},"75":{"start":{"line":168,"column":6},"end":{"line":168,"column":49}},"76":{"start":{"line":170,"column":6},"end":{"line":170,"column":87}},"77":{"start":{"line":172,"column":6},"end":{"line":172,"column":26}},"78":{"start":{"line":179,"column":24},"end":{"line":181,"column":3}},"79":{"start":{"line":180,"column":4},"end":{"line":180,"column":35}},"80":{"start":{"line":186,"column":23},"end":{"line":188,"column":3}},"81":{"start":{"line":187,"column":4},"end":{"line":187,"column":29}},"82":{"start":{"line":193,"column":31},"end":{"line":207,"column":3}},"83":{"start":{"line":194,"column":4},"end":{"line":194,"column":23}},"84":{"start":{"line":195,"column":4},"end":{"line":195,"column":19}},"85":{"start":{"line":197,"column":4},"end":{"line":206,"column":5}},"86":{"start":{"line":198,"column":6},"end":{"line":198,"column":39}},"87":{"start":{"line":199,"column":6},"end":{"line":199,"column":29}},"88":{"start":{"line":200,"column":6},"end":{"line":200,"column":31}},"89":{"start":{"line":201,"column":6},"end":{"line":201,"column":49}},"90":{"start":{"line":203,"column":6},"end":{"line":203,"column":87}},"91":{"start":{"line":205,"column":6},"end":{"line":205,"column":26}},"92":{"start":{"line":212,"column":29},"end":{"line":215,"column":3}},"93":{"start":{"line":213,"column":4},"end":{"line":213,"column":31}},"94":{"start":{"line":214,"column":4},"end":{"line":214,"column":52}},"95":{"start":{"line":214,"column":21},"end":{"line":214,"column":44}},"96":{"start":{"line":220,"column":24},"end":{"line":256,"column":34}},"97":{"start":{"line":222,"column":4},"end":{"line":224,"column":5}},"98":{"start":{"line":223,"column":6},"end":{"line":223,"column":13}},"99":{"start":{"line":226,"column":24},"end":{"line":226,"column":43}},"100":{"start":{"line":227,"column":22},"end":{"line":227,"column":46}},"101":{"start":{"line":230,"column":4},"end":{"line":232,"column":5}},"102":{"start":{"line":231,"column":6},"end":{"line":231,"column":13}},"103":{"start":{"line":234,"column":4},"end":{"line":234,"column":23}},"104":{"start":{"line":236,"column":4},"end":{"line":255,"column":5}},"105":{"start":{"line":238,"column":32},"end":{"line":238,"column":54}},"106":{"start":{"line":239,"column":24},"end":{"line":239,"column":64}},"107":{"start":{"line":240,"column":6},"end":{"line":240,"column":54}},"108":{"start":{"line":243,"column":6},"end":{"line":243,"column":39}},"109":{"start":{"line":246,"column":6},"end":{"line":246,"column":49}},"110":{"start":{"line":247,"column":6},"end":{"line":247,"column":52}},"111":{"start":{"line":250,"column":23},"end":{"line":250,"column":71}},"112":{"start":{"line":251,"column":6},"end":{"line":251,"column":50}},"113":{"start":{"line":252,"column":6},"end":{"line":252,"column":23}},"114":{"start":{"line":254,"column":6},"end":{"line":254,"column":26}},"115":{"start":{"line":259,"column":2},"end":{"line":261,"column":23}},"116":{"start":{"line":260,"column":4},"end":{"line":260,"column":21}},"117":{"start":{"line":264,"column":30},"end":{"line":373,"column":null}},"118":{"start":{"line":265,"column":4},"end":{"line":372,"column":null}},"119":{"start":{"line":285,"column":12},"end":{"line":286,"column":null}},"120":{"start":{"line":292,"column":16},"end":{"line":366,"column":null}},"121":{"start":{"line":307,"column":48},"end":{"line":307,"column":68}},"122":{"start":{"line":320,"column":41},"end":{"line":320,"column":71}},"123":{"start":{"line":334,"column":41},"end":{"line":334,"column":74}},"124":{"start":{"line":351,"column":41},"end":{"line":351,"column":63}},"125":{"start":{"line":358,"column":41},"end":{"line":358,"column":67}},"126":{"start":{"line":376,"column":2},"end":{"line":500,"column":4}},"127":{"start":{"line":394,"column":14},"end":{"line":394,"column":29}},"128":{"start":{"line":395,"column":14},"end":{"line":395,"column":31}},"129":{"start":{"line":408,"column":36},"end":{"line":408,"column":60}},"130":{"start":{"line":413,"column":29},"end":{"line":413,"column":63}},"131":{"start":{"line":442,"column":12},"end":{"line":447,"column":null}},"132":{"start":{"line":474,"column":31},"end":{"line":474,"column":68}}},"fnMap":{"0":{"name":"(anonymous_0)","decl":{"start":{"line":19,"column":37},"end":{"line":19,"column":40}},"loc":{"start":{"line":19,"column":42},"end":{"line":501,"column":1}}},"1":{"name":"(anonymous_1)","decl":{"start":{"line":44,"column":37},"end":{"line":44,"column":42}},"loc":{"start":{"line":44,"column":48},"end":{"line":75,"column":3}}},"2":{"name":"(anonymous_2)","decl":{"start":{"line":66,"column":28},"end":{"line":66,"column":35}},"loc":{"start":{"line":66,"column":39},"end":{"line":66,"column":77}}},"3":{"name":"(anonymous_3)","decl":{"start":{"line":80,"column":28},"end":{"line":80,"column":33}},"loc":{"start":{"line":80,"column":57},"end":{"line":132,"column":3}}},"4":{"name":"(anonymous_4)","decl":{"start":{"line":137,"column":23},"end":{"line":137,"column":24}},"loc":{"start":{"line":137,"column":50},"end":{"line":141,"column":3}}},"5":{"name":"(anonymous_5)","decl":{"start":{"line":146,"column":24},"end":{"line":146,"column":27}},"loc":{"start":{"line":146,"column":29},"end":{"line":150,"column":3}}},"6":{"name":"(anonymous_6)","decl":{"start":{"line":155,"column":31},"end":{"line":155,"column":36}},"loc":{"start":{"line":155,"column":60},"end":{"line":174,"column":3}}},"7":{"name":"(anonymous_7)","decl":{"start":{"line":179,"column":24},"end":{"line":179,"column":25}},"loc":{"start":{"line":179,"column":47},"end":{"line":181,"column":3}}},"8":{"name":"(anonymous_8)","decl":{"start":{"line":186,"column":23},"end":{"line":186,"column":26}},"loc":{"start":{"line":186,"column":28},"end":{"line":188,"column":3}}},"9":{"name":"(anonymous_9)","decl":{"start":{"line":193,"column":31},"end":{"line":193,"column":36}},"loc":{"start":{"line":193,"column":60},"end":{"line":207,"column":3}}},"10":{"name":"(anonymous_10)","decl":{"start":{"line":212,"column":29},"end":{"line":212,"column":30}},"loc":{"start":{"line":212,"column":49},"end":{"line":215,"column":3}}},"11":{"name":"(anonymous_11)","decl":{"start":{"line":214,"column":15},"end":{"line":214,"column":18}},"loc":{"start":{"line":214,"column":21},"end":{"line":214,"column":44}}},"12":{"name":"(anonymous_12)","decl":{"start":{"line":220,"column":36},"end":{"line":220,"column":41}},"loc":{"start":{"line":220,"column":65},"end":{"line":256,"column":3}}},"13":{"name":"(anonymous_13)","decl":{"start":{"line":259,"column":12},"end":{"line":259,"column":15}},"loc":{"start":{"line":259,"column":17},"end":{"line":261,"column":3}}},"14":{"name":"(anonymous_14)","decl":{"start":{"line":264,"column":30},"end":{"line":264,"column":33}},"loc":{"start":{"line":265,"column":4},"end":{"line":372,"column":null}}},"15":{"name":"(anonymous_15)","decl":{"start":{"line":284,"column":26},"end":{"line":284,"column":27}},"loc":{"start":{"line":285,"column":12},"end":{"line":286,"column":null}}},"16":{"name":"(anonymous_16)","decl":{"start":{"line":291,"column":15},"end":{"line":291,"column":16}},"loc":{"start":{"line":292,"column":16},"end":{"line":366,"column":null}}},"17":{"name":"(anonymous_17)","decl":{"start":{"line":307,"column":38},"end":{"line":307,"column":39}},"loc":{"start":{"line":307,"column":48},"end":{"line":307,"column":68}}},"18":{"name":"(anonymous_18)","decl":{"start":{"line":320,"column":34},"end":{"line":320,"column":35}},"loc":{"start":{"line":320,"column":41},"end":{"line":320,"column":71}}},"19":{"name":"(anonymous_19)","decl":{"start":{"line":334,"column":35},"end":{"line":334,"column":38}},"loc":{"start":{"line":334,"column":41},"end":{"line":334,"column":74}}},"20":{"name":"(anonymous_20)","decl":{"start":{"line":351,"column":35},"end":{"line":351,"column":38}},"loc":{"start":{"line":351,"column":41},"end":{"line":351,"column":63}}},"21":{"name":"(anonymous_21)","decl":{"start":{"line":358,"column":35},"end":{"line":358,"column":38}},"loc":{"start":{"line":358,"column":41},"end":{"line":358,"column":67}}},"22":{"name":"(anonymous_22)","decl":{"start":{"line":393,"column":21},"end":{"line":393,"column":24}},"loc":{"start":{"line":393,"column":26},"end":{"line":396,"column":13}}},"23":{"name":"(anonymous_23)","decl":{"start":{"line":408,"column":26},"end":{"line":408,"column":27}},"loc":{"start":{"line":408,"column":36},"end":{"line":408,"column":60}}},"24":{"name":"(anonymous_24)","decl":{"start":{"line":413,"column":22},"end":{"line":413,"column":23}},"loc":{"start":{"line":413,"column":29},"end":{"line":413,"column":63}}},"25":{"name":"(anonymous_25)","decl":{"start":{"line":441,"column":11},"end":{"line":441,"column":12}},"loc":{"start":{"line":442,"column":12},"end":{"line":447,"column":null}}},"26":{"name":"(anonymous_26)","decl":{"start":{"line":474,"column":25},"end":{"line":474,"column":28}},"loc":{"start":{"line":474,"column":31},"end":{"line":474,"column":68}}}},"branchMap":{"0":{"loc":{"start":{"line":62,"column":8},"end":{"line":72,"column":9}},"type":"if","locations":[{"start":{"line":62,"column":8},"end":{"line":72,"column":9}},{"start":{"line":67,"column":15},"end":{"line":72,"column":9}}]},"1":{"loc":{"start":{"line":69,"column":27},"end":{"line":69,"column":75}},"type":"cond-expr","locations":[{"start":{"line":69,"column":50},"end":{"line":69,"column":61}},{"start":{"line":69,"column":64},"end":{"line":69,"column":75}}]},"2":{"loc":{"start":{"line":83,"column":4},"end":{"line":86,"column":5}},"type":"if","locations":[{"start":{"line":83,"column":4},"end":{"line":86,"column":5}}]},"3":{"loc":{"start":{"line":95,"column":65},"end":{"line":95,"column":88}},"type":"binary-expr","locations":[{"start":{"line":95,"column":65},"end":{"line":95,"column":80}},{"start":{"line":95,"column":84},"end":{"line":95,"column":88}}]},"4":{"loc":{"start":{"line":99,"column":14},"end":{"line":99,"column":42}},"type":"binary-expr","locations":[{"start":{"line":99,"column":14},"end":{"line":99,"column":29}},{"start":{"line":99,"column":33},"end":{"line":99,"column":42}}]},"5":{"loc":{"start":{"line":111,"column":23},"end":{"line":111,"column":71}},"type":"cond-expr","locations":[{"start":{"line":111,"column":46},"end":{"line":111,"column":57}},{"start":{"line":111,"column":60},"end":{"line":111,"column":71}}]},"6":{"loc":{"start":{"line":113,"column":6},"end":{"line":120,"column":7}},"type":"if","locations":[{"start":{"line":113,"column":6},"end":{"line":120,"column":7}},{"start":{"line":118,"column":13},"end":{"line":120,"column":7}}]},"7":{"loc":{"start":{"line":113,"column":10},"end":{"line":113,"column":88}},"type":"binary-expr","locations":[{"start":{"line":113,"column":10},"end":{"line":113,"column":49}},{"start":{"line":113,"column":53},"end":{"line":113,"column":88}}]},"8":{"loc":{"start":{"line":140,"column":19},"end":{"line":140,"column":38}},"type":"binary-expr","locations":[{"start":{"line":140,"column":19},"end":{"line":140,"column":32}},{"start":{"line":140,"column":36},"end":{"line":140,"column":38}}]},"9":{"loc":{"start":{"line":156,"column":4},"end":{"line":159,"column":5}},"type":"if","locations":[{"start":{"line":156,"column":4},"end":{"line":159,"column":5}}]},"10":{"loc":{"start":{"line":165,"column":59},"end":{"line":165,"column":83}},"type":"binary-expr","locations":[{"start":{"line":165,"column":59},"end":{"line":165,"column":70}},{"start":{"line":165,"column":74},"end":{"line":165,"column":83}}]},"11":{"loc":{"start":{"line":170,"column":35},"end":{"l
[...]
art":{"line":37,"column":28},"end":{"line":44,"column":2}},"3":{"start":{"line":47,"column":21},"end":{"line":52,"column":2}},"4":{"start":{"line":55,"column":23},"end":{"line":66,"column":2}},"5":{"start":{"line":69,"column":23},"end":{"line":100,"column":1}},"6":{"start":{"line":74,"column":17},"end":{"line":76,"column":30}},"7":{"start":{"line":78,"column":15},"end":{"line":78,"column":17}},"8":{"start":{"line":81,"column":2},"end":{"line":81,"column":27}},"9":{"start":{"line":82,"column":2},"end":{"line":82,"column":48}},"10":{"start":{"line":83,"column":2},"end":{"line":83,"column":28}},"11":{"start":{"line":84,"column":2},"end":{"line":84,"column":17}},"12":{"start":{"line":87,"column":2},"end":{"line":92,"column":3}},"13":{"start":{"line":87,"column":15},"end":{"line":87,"column":16}},"14":{"start":{"line":88,"column":4},"end":{"line":88,"column":30}},"15":{"start":{"line":89,"column":4},"end":{"line":89,"column":36}},"16":{"start":{"line":90,"column":4},"end":{"line":90,"column":30}},"17":{"start":{"line":91,"column":4},"end":{"line":91,"column":19}},"18":{"start":{"line":95,"column":2},"end":{"line":95,"column":30}},"19":{"start":{"line":96,"column":2},"end":{"line":96,"column":48}},"20":{"start":{"line":97,"column":2},"end":{"line":97,"column":31}},"21":{"start":{"line":99,"column":2},"end":{"line":99,"column":16}},"22":{"start":{"line":103,"column":28},"end":{"line":114,"column":1}},"23":{"start":{"line":108,"column":17},"end":{"line":108,"column":67}},"24":{"start":{"line":109,"column":18},"end":{"line":109,"column":55}},"25":{"start":{"line":110,"column":22},"end":{"line":110,"column":45}},"26":{"start":{"line":111,"column":23},"end":{"line":111,"column":44}},"27":{"start":{"line":113,"column":2},"end":{"line":113,"column":138}},"28":{"start":{"line":117,"column":27},"end":{"line":123,"column":1}},"29":{"start":{"line":121,"column":17},"end":{"line":121,"column":67}},"30":{"start":{"line":122,"column":2},"end":{"line":122,"column":41}},"31":{"start":{"line":126,"column":30},"end":{"line":133,"column":1}},"32":{"start":{"line":130,"column":2},"end":{"line":132,"column":18}}},"fnMap":{"0":{"name":"(anonymous_0)","decl":{"start":{"line":69,"column":23},"end":{"line":69,"column":null}},"loc":{"start":{"line":73,"column":12},"end":{"line":100,"column":1}}},"1":{"name":"(anonymous_1)","decl":{"start":{"line":103,"column":28},"end":{"line":103,"column":null}},"loc":{"start":{"line":107,"column":12},"end":{"line":114,"column":1}}},"2":{"name":"(anonymous_2)","decl":{"start":{"line":117,"column":27},"end":{"line":117,"column":null}},"loc":{"start":{"line":120,"column":12},"end":{"line":123,"column":1}}},"3":{"name":"(anonymous_3)","decl":{"start":{"line":126,"column":30},"end":{"line":126,"column":null}},"loc":{"start":{"line":129,"column":12},"end":{"line":133,"column":1}}}},"branchMap":{"0":{"loc":{"start":{"line":72,"column":2},"end":{"line":72,"column":49}},"type":"default-arg","locations":[{"start":{"line":72,"column":41},"end":{"line":72,"column":49}}]},"1":{"loc":{"start":{"line":74,"column":17},"end":{"line":76,"column":30}},"type":"cond-expr","locations":[{"start":{"line":74,"column":38},"end":{"line":74,"column":51}},{"start":{"line":75,"column":17},"end":{"line":76,"column":30}}]},"2":{"loc":{"start":{"line":75,"column":17},"end":{"line":76,"column":30}},"type":"cond-expr","locations":[{"start":{"line":75,"column":37},"end":{"line":75,"column":49}},{"start":{"line":76,"column":17},"end":{"line":76,"column":30}}]},"3":{"loc":{"start":{"line":106,"column":2},"end":{"line":106,"column":39}},"type":"default-arg","locations":[{"start":{"line":106,"column":31},"end":{"line":106,"column":39}}]},"4":{"loc":{"start":{"line":108,"column":17},"end":{"line":108,"column":67}},"type":"cond-expr","locations":[{"start":{"line":108,"column":38},"end":{"line":108,"column":51}},{"start":{"line":108,"column":54},"end":{"line":108,"column":67}}]},"5":{"loc":{"start":{"line":119,"column":2},"end":{"line":119,"column":39}},"type":"default-arg","locations":[{"start":{"line":119,"column":31},"end":{"line":119,"column":39}}]},"6":{"loc":{"start":{"line":121,"column":17},"end":{"line":121,"column":67}},"type":"cond-expr","locations":[{"start":{"line":121,"column":38},"end":{"line":121,"column":51}},{"start":{"line":121,"column":54},"end":{"line":121,"column":67}}]},"7":{"loc":{"start":{"line":128,"column":2},"end":{"line":128,"column":27}},"type":"default-arg","locations":[{"start":{"line":128,"column":22},"end":{"line":128,"column":27}}]},"8":{"loc":{"start":{"line":130,"column":9},"end":{"line":132,"column":17}},"type":"cond-expr","locations":[{"start":{"line":131,"column":6},"end":{"line":131,"column":32}},{"start":{"line":132,"column":6},"end":{"line":132,"column":17}}]}},"s":{"0":0,"1":0,"2":0,"3":0,"4":0,"5":0,"6":0,"7":0,"8":0,"9":0,"10":0,"11":0,"12":0,"13":0,"14":0,"15":0,"16":0,"17":0,"18":0,"19":0,"20":0,"21":0,"22":0,"23":0,"24":0,"25":0,"26":0,"27":0,"28":0,"29":0,"30":0,"31":0,"32":0},"f":{"0":0,"1":0,"2":0,"3":0},"b":{"0":[0],"1":[0,0],"2":[0,0],"3":[0],"4":[0,0],"5":[0],"6":[0,0],"7":[0],"8":[0,0]}}
,"/Users/hjshin/Desktop/project/work/ai-driven-dev/googleAI_Studio/cli-board/src/styles/colors.ts": {"path":"/Users/hjshin/Desktop/project/work/ai-driven-dev/googleAI_Studio/cli-board/src/styles/colors.ts","statementMap":{"0":{"start":{"line":7,"column":27},"end":{"line":7,"column":36}},"1":{"start":{"line":8,"column":31},"end":{"line":8,"column":40}},"2":{"start":{"line":9,"column":26},"end":{"line":9,"column":35}},"3":{"start":{"line":12,"column":29},"end":{"line":12,"column":38}},"4":{"start":{"line":13,"column":30},"end":{"line":13,"column":39}},"5":{"start":{"line":14,"column":28},"end":{"line":14,"column":37}},"6":{"start":{"line":15,"column":29},"end":{"line":15,"column":38}},"7":{"start":{"line":16,"column":27},"end":{"line":16,"column":36}},"8":{"start":{"line":17,"column":28},"end":{"line":17,"column":37}},"9":{"start":{"line":20,"column":31},"end":{"line":20,"column":40}},"10":{"start":{"line":21,"column":32},"end":{"line":21,"column":41}},"11":{"start":{"line":24,"column":31},"end":{"line":24,"column":40}},"12":{"start":{"line":25,"column":33},"end":{"line":25,"column":42}},"13":{"start":{"line":28,"column":24},"end":{"line":57,"column":2}}},"fnMap":{},"branchMap":{},"s":{"0":0,"1":0,"2":0,"3":0,"4":0,"5":0,"6":0,"7":0,"8":0,"9":0,"10":0,"11":0,"12":0,"13":0},"f":{},"b":{}}
,"/Users/hjshin/Desktop/project/work/ai-driven-dev/googleAI_Studio/cli-board/src/styles/index.ts": {"path":"/Users/hjshin/Desktop/project/work/ai-driven-dev/googleAI_Studio/cli-board/src/styles/index.ts","statementMap":{"0":{"start":{"line":12,"column":16},"end":{"line":16,"column":2}}},"fnMap":{},"branchMap":{},"s":{"0":0},"f":{},"b":{}}
,"/Users/hjshin/Desktop/project/work/ai-driven-dev/googleAI_Studio/cli-board/src/styles/typography.ts": {"path":"/Users/hjshin/Desktop/project/work/ai-driven-dev/googleAI_Studio/cli-board/src/styles/typography.ts","statementMap":{"0":{"start":{"line":7,"column":27},"end":{"line":25,"column":2}},"1":{"start":{"line":28,"column":25},"end":{"line":37,"column":2}},"2":{"start":{"line":40,"column":26},"end":{"line":93,"column":2}},"3":{"start":{"line":96,"column":30},"end":{"line":99,"column":2}},"4":{"start":{"line":111,"column":58},"end":{"line":154,"column":2}},"5":{"start":{"line":157,"column":35},"end":{"line":160,"column":1}},"6":{"start":{"line":158,"column":21},"end":{"line":158,"column":41}},"7":{"start":{"line":159,"column":2},"end":{"line":159,"column":313}}},"fnMap":{"0":{"name":"(anonymous_0)","decl":{"start":{"line":157,"column":35},"end":{"line":157,"column":36}},"loc":{"start":{"line":157,"column":81},"end":{"line":160,"column":1}}}},"branchMap":{"0":{"loc":{"start":{"line":159,"column":86},"end":{"line":159,"column":155}},"type":"cond-expr","locations":[{"start":{"line":159,"column":110},"end":{"line":159,"column":150}},{"start":{"line":159,"column":153},"end":{"line":159,"column":155}}]},"1":{"loc":{"start":{"line":159,"column":159},"end":{"line":159,"column":237}},"type":"cond-expr","locations":[{"start":{"line":159,"column":186},"end":{"line":159,"column":232}},{"start":{"line":159,"column":235},"end":{"line":159,"column":237}}]},"2":{"loc":{"start":{"line":159,"column":241},"end":{"line":159,"column":310}},"type":"cond-expr","locations":[{"start":{"line":159,"column":265},"end":{"line":159,"column":305}},{"start":{"line":159,"column":308},"end":{"line":159,"column":310}}]}},"s":{"0":0,"1":0,"2":0,"3":0,"4":0,"5":0,"6":0,"7":0},"f":{"0":0},"b":{"0":[0,0],"1":[0,0],"2":[0,0]}}
,"/Users/hjshin/Desktop/project/work/ai-driven-dev/googleAI_Studio/cli-board/src/utils/formatDate.ts": {"path":"/Users/hjshin/Desktop/project/work/ai-driven-dev/googleAI_Studio/cli-board/src/utils/formatDate.ts","statementMap":{"0":{"start":{"line":11,"column":26},"end":{"line":25,"column":1}},"1":{"start":{"line":12,"column":18},"end":{"line":12,"column":66}},"2":{"start":{"line":15,"column":2},"end":{"line":18,"column":3}},"3":{"start":{"line":16,"column":4},"end":{"line":16,"column":39}},"4":{"start":{"line":17,"column":4},"end":{"line":17,"column":19}},"5":{"start":{"line":20,"column":15},"end":{"line":20,"column":36}},"6":{"start":{"line":21,"column":16},"end":{"line":21,"column":63}},"7":{"start":{"line":22,"column":14},"end":{"line":22,"column":56}},"8":{"start":{"line":24,"column":2},"end":{"line":24,"column":35}},"9":{"start":{"line":11,"column":13},"end":{"line":11,"column":26}},"10":{"start":{"line":32,"column":30},"end":{"line":48,"column":1}},"11":{"start":{"line":33,"column":18},"end":{"line":33,"column":66}},"12":{"start":{"line":36,"column":2},"end":{"line":39,"column":3}},"13":{"start":{"line":37,"column":4},"end":{"line":37,"column":39}},"14":{"start":{"line":38,"column":4},"end":{"line":38,"column":19}},"15":{"start":{"line":41,"column":15},"end":{"line":41,"column":36}},"16":{"start":{"line":42,"column":16},"end":{"line":42,"column":63}},"17":{"start":{"line":43,"column":14},"end":{"line":43,"column":56}},"18":{"start":{"line":44,"column":16},"end":{"line":44,"column":59}},"19":{"start":{"line":45,"column":18},"end":{"line":45,"column":63}},"20":{"start":{"line":47,"column":2},"end":{"line":47,"column":55}},"21":{"start":{"line":32,"column":13},"end":{"line":32,"column":30}},"22":{"start":{"line":55,"column":34},"end":{"line":99,"column":1}},"23":{"start":{"line":56,"column":18},"end":{"line":56,"column":66}},"24":{"start":{"line":59,"column":2},"end":{"line":62,"column":3}},"25":{"start":{"line":60,"column":4},"end":{"line":60,"column":39}},"26":{"start":{"line":61,"column":4},"end":{"line":61,"column":19}},"27":{"start":{"line":64,"column":14},"end":{"line":64,"column":24}},"28":{"start":{"line":65,"column":24},"end":{"line":65,"column":78}},"29":{"start":{"line":68,"column":2},"end":{"line":70,"column":3}},"30":{"start":{"line":69,"column":4},"end":{"line":69,"column":18}},"31":{"start":{"line":73,"column":24},"end":{"line":73,"column":54}},"32":{"start":{"line":74,"column":2},"end":{"line":76,"column":3}},"33":{"start":{"line":75,"column":4},"end":{"line":75,"column":33}},"34":{"start":{"line":79,"column":22},"end":{"line":79,"column":52}},"35":{"start":{"line":80,"column":2},"end":{"line":82,"column":3}},"36":{"start":{"line":81,"column":4},"end":{"line":81,"column":32}},"37":{"start":{"line":85,"column":21},"end":{"line":85,"column":49}},"38":{"start":{"line":86,"column":2},"end":{"line":88,"column":3}},"39":{"start":{"line":87,"column":4},"end":{"line":87,"column":30}},"40":{"start":{"line":91,"column":23},"end":{"line":91,"column":50}},"41":{"start":{"line":92,"column":2},"end":{"line":94,"column":3}},"42":{"start":{"line":93,"column":4},"end":{"line":93,"column":33}},"43":{"start":{"line":97,"column":22},"end":{"line":97,"column":51}},"44":{"start":{"line":98,"column":2},"end":{"line":98,"column":29}},"45":{"start":{"line":55,"column":13},"end":{"line":55,"column":34}},"46":{"start":{"line":106,"column":32},"end":{"line":120,"column":1}},"47":{"start":{"line":107,"column":18},"end":{"line":107,"column":66}},"48":{"start":{"line":110,"column":2},"end":{"line":113,"column":3}},"49":{"start":{"line":111,"column":4},"end":{"line":111,"column":39}},"50":{"start":{"line":112,"column":4},"end":{"line":112,"column":19}},"51":{"start":{"line":115,"column":15},"end":{"line":115,"column":36}},"52":{"start":{"line":116,"column":16},"end":{"line":116,"column":38}},"53":{"start":{"line":117,"column":14},"end":{"line":117,"column":31}},"54":{"start":{"line":119,"column":2},"end":{"line":119,"column":38}},"55":{"start":{"line":106,"column":13},"end":{"line":106,"column":32}},"56":{"start":{"line":128,"column":27},"end":{"line":144,"column":1}},"57":{"start":{"line":129,"column":16},"end":{"line":129,"column":79}},"58":{"start":{"line":130,"column":14},"end":{"line":130,"column":71}},"59":{"start":{"line":133,"column":2},"end":{"line":136,"column":3}},"60":{"start":{"line":134,"column":4},"end":{"line":134,"column":57}},"61":{"start":{"line":135,"column":4},"end":{"line":135,"column":13}},"62":{"start":{"line":139,"column":19},"end":{"line":139,"column":83}},"63":{"start":{"line":140,"column":17},"end":{"line":140,"column":75}},"64":{"start":{"line":143,"column":2},"end":{"line":143,"column":65}},"65":{"start":{"line":128,"column":13},"end":{"line":128,"column":27}}},"fnMap":{"0":{"name":"(anonymous_0)","decl":{"start":{"line":11,"column":26},"end":{"line":11,"column":27}},"loc":{"start":{"line":11,"column":58},"end":{"line":25,"column":1}}},"1":{"name":"(anonymous_1)","decl":{"start":{"line":32,"column":30},"end":{"line":32,"column":31}},"loc":{"start":{"line":32,"column":62},"end":{"line":48,"column":1}}},"2":{"name":"(anonymous_2)","decl":{"start":{"line":55,"column":34},"end":{"line":55,"column":35}},"loc":{"start":{"line":55,"column":66},"end":{"line":99,"column":1}}},"3":{"name":"(anonymous_3)","decl":{"start":{"line":106,"column":32},"end":{"line":106,"column":33}},"loc":{"start":{"line":106,"column":64},"end":{"line":120,"column":1}}},"4":{"name":"(anonymous_4)","decl":{"start":{"line":128,"column":27},"end":{"line":128,"column":28}},"loc":{"start":{"line":128,"column":101},"end":{"line":144,"column":1}}}},"branchMap":{"0":{"loc":{"start":{"line":12,"column":18},"end":{"line":12,"column":66}},"type":"cond-expr","locations":[{"start":{"line":12,"column":45},"end":{"line":12,"column":59}},{"start":{"line":12,"column":62},"end":{"line":12,"column":66}}]},"1":{"loc":{"start":{"line":15,"column":2},"end":{"line":18,"column":3}},"type":"if","locations":[{"start":{"line":15,"column":2},"end":{"line":18,"column":3}}]},"2":{"loc":{"start":{"line":33,"column":18},"end":{"line":33,"column":66}},"type":"cond-expr","locations":[{"start":{"line":33,"column":45},"end":{"line":33,"column":59}},{"start":{"line":33,"column":62},"end":{"line":33,"column":66}}]},"3":{"loc":{"start":{"line":36,"column":2},"end":{"line":39,"column":3}},"type":"if","locations":[{"start":{"line":36,"column":2},"end":{"line":39,"column":3}}]},"4":{"loc":{"start":{"line":56,"column":18},"end":{"line":56,"column":66}},"type":"cond-expr","locations":[{"start":{"line":56,"column":45},"end":{"line":56,"column":59}},{"start":{"line":56,"column":62},"end":{"line":56,"column":66}}]},"5":{"loc":{"start":{"line":59,"column":2},"end":{"line":62,"column":3}},"type":"if","locations":[{"start":{"line":59,"column":2},"end":{"line":62,"column":3}}]},"6":{"loc":{"start":{"line":68,"column":2},"end":{"line":70,"column":3}},"type":"if","locations":[{"start":{"line":68,"column":2},"end":{"line":70,"column":3}}]},"7":{"loc":{"start":{"line":74,"column":2},"end":{"line":76,"column":3}},"type":"if","locations":[{"start":{"line":74,"column":2},"end":{"line":76,"column":3}}]},"8":{"loc":{"start":{"line":80,"column":2},"end":{"line":82,"column":3}},"type":"if","locations":[{"start":{"line":80,"column":2},"end":{"line":82,"column":3}}]},"9":{"loc":{"start":{"line":86,"column":2},"end":{"line":88,"column":3}},"type":"if","locations":[{"start":{"line":86,"column":2},"end":{"line":88,"column":3}}]},"10":{"loc":{"start":{"line":92,"column":2},"end":{"line":94,"column":3}},"type":"if","locations":[{"start":{"line":92,"column":2},"end":{"line":94,"column":3}}]},"11":{"loc":{"start":{"line":107,"column":18},"end":{"line":107,"column":66}},"type":"cond-expr","locations":[{"start":{"line":107,"column":45},"end":{"line":107,"column":59}},{"start":{"line":107,"column":62},"end":{"line":107,"column":66}}]},"12":{"loc":{"start":{"line":110,"column":2},"end":{"line":113,"column":3}},"type":"if","locations":[{"start":{"line":110,"column":2},"end":{"line":113,"column":3}}]},"13":{"loc":{"start":{"line":128,"column":54},"end":{"line":128,"column":89}},"type":"default-arg","locations":[{"start":{"line":128,"column":79},"end":{"line":128,"column":89}}]},"14":{"loc":{"start":{"line":129,"column":16},"end":{"line":129,"column":79}},"type":"cond-expr","locations":[{"start":{"line":129,"column":48},"end":{"line":129,"column":67}},{"start":{"line":129,"column":70},"end":{"line":129,"column":79}}]},"15":{"loc":{"start":{"line":130,"column":14},"end":{"line":130,"column":71}},"type":"cond-expr","locations":[{"start":{"line":130,"column":44},"end":{"line":130,"column":61}},{"start":{"line":130,"column":64},"end":{"line":130,"column":71}}]},"16":{"loc":{"start":{"line":133,"column":2},"end":{"line":136,"column":3}},"type":"if","locations":[{"start":{"line":133,"column":2},"end":{"line":136,"column":3}}]},"17":{"loc":{"start":{"line":133,"column":6},"end":{"line":133,"column":52}},"type":"binary-expr","locations":[{"start":{"line":133,"column":6},"end":{"line":133,"column":28}},{"start":{"line":133,"column":32},"end":{"line":133,"column":52}}]}},"s":{"0":1,"1":2,"2":2,"3":0,"4":0,"5":2,"6":2,"7":2,"8":2,"9":1,"10":1,"11":0,"12":0,"13":0,"14":0,"15":0,"16":0,"17":0,"18":0,"19":0,"20":0,"21":1,"22":1,"23":0,"24":0,"25":0,"26":0,"27":0,"28":0,"29":0,"30":0,"31":0,"32":0,"33":0,"34":0,"35":0,"36":0,"37":0,"38":0,"39":0,"40":0,"41":0,"42":0,"43":0,"44":0,"45":1,"46":1,"47":0,"48":0,"49":0,"50":0,"51":0,"52":0,"53":0,"54":0,"55":1,"56":1,"57":0,"58":0,"59":0,"60":0,"61":0,"62":0,"63":0,"64":0,"65":1},"f":{"0":2,"1":0,"2":0,"3":0,"4":0},"b":{"0":[0,2],"1":[0],"2":[0,0],"3":[0],"4":[0,0],"5":[0],"6":[0],"7":[0],"8":[0],"9":[0],"10":[0],"11":[0,0],"12":[0],"13":[0],"14":[0,0],"15":[0,0],"16":[0],"17":[0,0]}}
,"/Users/hjshin/Desktop/project/work/ai-driven-dev/googleAI_Studio/cli-board/src/utils/icons.ts": {"path":"/Users/hjshin/Desktop/project/work/ai-driven-dev/googleAI_Studio/cli-board/src/utils/icons.ts","statementMap":{"0":{"start":{"line":9,"column":21},"end":{"line":64,"column":2}},"1":{"start":{"line":71,"column":28},"end":{"line":75,"column":1}},"2":{"start":{"line":72,"column":2},"end":{"line":72,"column":25}},"3":{"start":{"line":72,"column":15},"end":{"line":72,"column":25}},"4":{"start":{"line":73,"column":15},"end":{"line":73,"column":53}},"5":{"start":{"line":73,"column":34},"end":{"line":73,"column":52}},"6":{"start":{"line":74,"column":2},"end":{"line":74,"column":32}},"7":{"start":{"line":80,"column":25},"end":{"line":80,"column":30}}},"fnMap":{"0":{"name":"(anonymous_0)","decl":{"start":{"line":71,"column":28},"end":{"line":71,"column":29}},"loc":{"start":{"line":71,"column":56},"end":{"line":75,"column":1}}},"1":{"name":"(anonymous_1)","decl":{"start":{"line":73,"column":26},"end":{"line":73,"column":30}},"loc":{"start":{"line":73,"column":34},"end":{"line":73,"column":52}}}},"branchMap":{"0":{"loc":{"start":{"line":72,"column":2},"end":{"line":72,"column":25}},"type":"if","locations":[{"start":{"line":72,"column":2},"end":{"line":72,"column":25}}]},"1":{"loc":{"start":{"line":74,"column":9},"end":{"line":74,"column":31}},"type":"cond-expr","locations":[{"start":{"line":74,"column":16},"end":{"line":74,"column":26}},{"start":{"line":74,"column":29},"end":{"line":74,"column":31}}]}},"s":{"0":0,"1":0,"2":0,"3":0,"4":0,"5":0,"6":0,"7":0},"f":{"0":0,"1":0},"b":{"0":[0],"1":[0,0]}}
}
