TN:
SF:src/App.tsx
FN:34,(anonymous_0)
FN:49,(anonymous_1)
FN:53,(anonymous_2)
FN:58,(anonymous_3)
FN:64,(anonymous_4)
FN:73,(anonymous_5)
FN:98,(anonymous_6)
FN:111,(anonymous_7)
FN:119,(anonymous_8)
FN:120,(anonymous_9)
FN:126,(anonymous_10)
FN:149,(anonymous_11)
FN:172,(anonymous_12)
FNF:13
FNH:0
FNDA:0,(anonymous_0)
FNDA:0,(anonymous_1)
FNDA:0,(anonymous_2)
FNDA:0,(anonymous_3)
FNDA:0,(anonymous_4)
FNDA:0,(anonymous_5)
FNDA:0,(anonymous_6)
FNDA:0,(anonymous_7)
FNDA:0,(anonymous_8)
FNDA:0,(anonymous_9)
FNDA:0,(anonymous_10)
FNDA:0,(anonymous_11)
FNDA:0,(anonymous_12)
DA:26,0
DA:28,0
DA:34,0
DA:35,0
DA:49,0
DA:51,0
DA:52,0
DA:53,0
DA:54,0
DA:58,0
DA:59,0
DA:60,0
DA:64,0
DA:65,0
DA:66,0
DA:68,0
DA:73,0
DA:74,0
DA:78,0
DA:79,0
DA:90,0
DA:91,0
DA:98,0
DA:111,0
DA:113,0
DA:119,0
DA:120,0
DA:126,0
DA:127,0
DA:130,0
DA:131,0
DA:134,0
DA:135,0
DA:136,0
DA:137,0
DA:139,0
DA:143,0
DA:149,0
DA:150,0
DA:151,0
DA:152,0
DA:153,0
DA:157,0
DA:158,0
DA:160,0
DA:172,0
DA:173,0
DA:175,0
DA:179,0
DA:180,0
DA:188,0
DA:199,0
LF:52
LH:0
BRDA:60,0,0,0
BRDA:60,0,1,0
BRDA:60,1,0,0
BRDA:60,1,1,0
BRDA:65,2,0,0
BRDA:65,2,1,0
BRDA:78,3,0,0
BRDA:90,4,0,0
BRDA:120,5,0,0
BRDA:120,5,1,0
BRDA:157,6,0,0
BRDA:157,6,1,0
BRDA:158,7,0,0
BRDA:158,7,1,0
BRDA:158,7,2,0
BRDA:173,8,0,0
BRDA:173,9,0,0
BRDA:173,9,1,0
BRDA:179,10,0,0
BRDA:179,10,1,0
BRF:20
BRH:0
end_of_record
TN:
SF:src/components/admin/AdminHeader.tsx
FN:19,(anonymous_0)
FN:27,(anonymous_1)
FN:28,(anonymous_2)
FN:29,(anonymous_3)
FN:35,(anonymous_4)
FN:51,(anonymous_5)
FN:56,(anonymous_6)
FN:72,(anonymous_7)
FNF:8
FNH:0
FNDA:0,(anonymous_0)
FNDA:0,(anonymous_1)
FNDA:0,(anonymous_2)
FNDA:0,(anonymous_3)
FNDA:0,(anonymous_4)
FNDA:0,(anonymous_5)
FNDA:0,(anonymous_6)
FNDA:0,(anonymous_7)
DA:19,0
DA:21,0
DA:24,0
DA:27,0
DA:28,0
DA:29,0
DA:35,0
DA:36,0
DA:37,0
DA:38,0
DA:39,0
DA:40,0
DA:44,0
DA:51,0
DA:53,0
DA:56,0
DA:57,0
DA:58,0
DA:60,0
DA:62,0
DA:64,0
DA:72,0
DA:74,0
DA:75,0
DA:77,0
DA:80,0
DA:83,0
DA:86,0
LF:28
LH:0
BRDA:19,0,0,0
BRDA:37,1,0,0
BRDA:39,2,0,0
BRDA:97,3,0,0
BRDA:97,3,1,0
BRF:5
BRH:0
end_of_record
TN:
SF:src/components/admin/AdminLayout.tsx
FN:26,(anonymous_0)
FN:37,(anonymous_1)
FN:42,(anonymous_2)
FNF:3
FNH:0
FNDA:0,(anonymous_0)
FNDA:0,(anonymous_1)
FNDA:0,(anonymous_2)
DA:26,0
DA:28,0
DA:30,0
DA:33,0
DA:34,0
DA:37,0
DA:38,0
DA:42,0
DA:43,0
DA:45,0
DA:49,0
DA:50,0
DA:51,0
DA:55,0
DA:56,0
DA:67,0
DA:68,0
DA:71,0
LF:18
LH:0
BRDA:49,0,0,0
BRDA:55,1,0,0
BRDA:67,2,0,0
BRDA:84,3,0,0
BRDA:84,3,1,0
BRDA:91,4,0,0
BRDA:91,4,1,0
BRDA:95,5,0,0
BRDA:95,5,1,0
BRF:9
BRH:0
end_of_record
TN:
SF:src/components/admin/AdminLoginScreen.tsx
FN:16,(anonymous_0)
FN:32,(anonymous_1)
FN:33,(anonymous_2)
FN:39,(anonymous_3)
FN:40,(anonymous_4)
FN:46,(anonymous_5)
FN:50,(anonymous_6)
FN:53,(anonymous_7)
FN:59,(anonymous_8)
FN:64,(anonymous_9)
FN:87,(anonymous_10)
FN:103,(anonymous_11)
FN:108,(anonymous_12)
FN:124,(anonymous_13)
FN:135,(anonymous_14)
FN:190,(anonymous_15)
FN:207,(anonymous_16)
FNF:17
FNH:0
FNDA:0,(anonymous_0)
FNDA:0,(anonymous_1)
FNDA:0,(anonymous_2)
FNDA:0,(anonymous_3)
FNDA:0,(anonymous_4)
FNDA:0,(anonymous_5)
FNDA:0,(anonymous_6)
FNDA:0,(anonymous_7)
FNDA:0,(anonymous_8)
FNDA:0,(anonymous_9)
FNDA:0,(anonymous_10)
FNDA:0,(anonymous_11)
FNDA:0,(anonymous_12)
FNDA:0,(anonymous_13)
FNDA:0,(anonymous_14)
FNDA:0,(anonymous_15)
FNDA:0,(anonymous_16)
DA:16,0
DA:18,0
DA:19,0
DA:20,0
DA:21,0
DA:22,0
DA:25,0
DA:26,0
DA:29,0
DA:32,0
DA:33,0
DA:34,0
DA:39,0
DA:40,0
DA:41,0
DA:42,0
DA:46,0
DA:50,0
DA:51,0
DA:52,0
DA:53,0
DA:54,0
DA:55,0
DA:59,0
DA:64,0
DA:66,0
DA:67,0
DA:70,0
DA:71,0
DA:72,0
DA:76,0
DA:79,0
DA:87,0
DA:88,0
DA:89,0
DA:90,0
DA:91,0
DA:92,0
DA:96,0
DA:103,0
DA:105,0
DA:108,0
DA:109,0
DA:110,0
DA:112,0
DA:114,0
DA:116,0
DA:124,0
DA:126,0
DA:128,0
DA:129,0
DA:135,0
DA:136,0
DA:138,0
DA:139,0
DA:140,0
DA:144,0
DA:146,0
DA:148,0
DA:150,0
DA:152,0
DA:153,0
DA:154,0
DA:155,0
DA:157,0
DA:158,0
DA:161,0
DA:162,0
DA:163,0
DA:164,0
DA:169,0
DA:190,0
DA:207,0
LF:73
LH:0
BRDA:41,0,0,0
BRDA:51,1,0,0
BRDA:51,2,0,0
BRDA:51,2,1,0
BRDA:54,3,0,0
BRDA:66,4,0,0
BRDA:66,5,0,0
BRDA:66,5,1,0
BRDA:66,5,2,0
BRDA:71,6,0,0
BRDA:89,7,0,0
BRDA:91,8,0,0
BRDA:138,9,0,0
BRDA:138,10,0,0
BRDA:138,10,1,0
BRDA:152,11,0,0
BRDA:152,11,1,0
BRDA:152,12,0,0
BRDA:152,12,1,0
BRDA:155,13,0,0
BRDA:161,14,0,0
BRDA:163,15,0,0
BRDA:163,15,1,0
BRDA:193,16,0,0
BRDA:193,16,1,0
BRDA:210,17,0,0
BRDA:210,17,1,0
BRDA:215,18,0,0
BRDA:215,18,1,0
BRDA:222,19,0,0
BRDA:222,19,1,0
BRDA:222,19,2,0
BRDA:246,20,0,0
BRDA:246,20,1,0
BRDA:248,21,0,0
BRDA:248,21,1,0
BRDA:256,22,0,0
BRDA:256,22,1,0
BRF:38
BRH:0
end_of_record
TN:
SF:src/components/admin/AdminSidebar.tsx
FN:32,(anonymous_0)
FN:41,(anonymous_1)
FN:50,(anonymous_2)
FN:61,(anonymous_3)
FN:70,(anonymous_4)
FN:79,(anonymous_5)
FN:84,(anonymous_6)
FN:89,(anonymous_7)
FN:154,(anonymous_8)
FN:171,(anonymous_9)
FNF:10
FNH:0
FNDA:0,(anonymous_0)
FNDA:0,(anonymous_1)
FNDA:0,(anonymous_2)
FNDA:0,(anonymous_3)
FNDA:0,(anonymous_4)
FNDA:0,(anonymous_5)
FNDA:0,(anonymous_6)
FNDA:0,(anonymous_7)
FNDA:0,(anonymous_8)
FNDA:0,(anonymous_9)
DA:32,0
DA:33,0
DA:41,0
DA:42,0
DA:50,0
DA:51,0
DA:61,0
DA:62,0
DA:70,0
DA:71,0
DA:79,0
DA:80,0
DA:81,0
DA:84,0
DA:85,0
DA:89,0
DA:90,0
DA:91,0
DA:92,0
DA:97,0
DA:133,0
DA:155,0
DA:172,0
LF:23
LH:0
BRDA:32,0,0,0
BRDA:41,1,0,0
BRDA:50,2,0,0
BRDA:61,3,0,0
BRDA:70,4,0,0
BRDA:72,5,0,0
BRDA:72,5,1,0
BRDA:79,6,0,0
BRDA:85,7,0,0
BRDA:85,7,1,0
BRDA:91,8,0,0
BRDA:135,9,0,0
BRDA:135,9,1,0
BRDA:139,10,0,0
BRDA:139,10,1,0
BRDA:145,11,0,0
BRDA:145,11,1,0
BRDA:159,12,0,0
BRDA:159,12,1,0
BRDA:165,13,0,0
BRDA:165,13,1,0
BRDA:169,14,0,0
BRDA:169,14,1,0
BRDA:169,14,2,0
BRDA:176,15,0,0
BRDA:176,15,1,0
BRF:26
BRH:0
end_of_record
TN:
SF:src/components/admin/backup/BackupRestorePage.tsx
FN:12,(anonymous_0)
FN:53,(anonymous_1)
FN:57,(anonymous_2)
FN:68,(anonymous_3)
FN:81,(anonymous_4)
FN:85,(anonymous_5)
FN:92,(anonymous_6)
FN:105,(anonymous_7)
FN:116,(anonymous_8)
FN:123,(anonymous_9)
FN:124,(anonymous_10)
FN:173,(anonymous_11)
FN:188,(anonymous_12)
FN:189,(anonymous_13)
FN:233,(anonymous_14)
FN:234,(anonymous_15)
FN:236,(anonymous_16)
FN:243,(anonymous_17)
FN:555,(anonymous_18)
FN:567,(anonymous_19)
FNF:20
FNH:0
FNDA:0,(anonymous_0)
FNDA:0,(anonymous_1)
FNDA:0,(anonymous_2)
FNDA:0,(anonymous_3)
FNDA:0,(anonymous_4)
FNDA:0,(anonymous_5)
FNDA:0,(anonymous_6)
FNDA:0,(anonymous_7)
FNDA:0,(anonymous_8)
FNDA:0,(anonymous_9)
FNDA:0,(anonymous_10)
FNDA:0,(anonymous_11)
FNDA:0,(anonymous_12)
FNDA:0,(anonymous_13)
FNDA:0,(anonymous_14)
FNDA:0,(anonymous_15)
FNDA:0,(anonymous_16)
FNDA:0,(anonymous_17)
FNDA:0,(anonymous_18)
FNDA:0,(anonymous_19)
DA:12,0
DA:14,0
DA:26,0
DA:39,0
DA:42,0
DA:43,0
DA:53,0
DA:54,0
DA:56,0
DA:57,0
DA:67,0
DA:68,0
DA:81,0
DA:82,0
DA:84,0
DA:85,0
DA:91,0
DA:92,0
DA:105,0
DA:106,0
DA:107,0
DA:109,0
DA:116,0
DA:117,0
DA:118,0
DA:119,0
DA:122,0
DA:123,0
DA:124,0
DA:126,0
DA:127,0
DA:131,0
DA:135,0
DA:141,0
DA:142,0
DA:143,0
DA:146,0
DA:147,0
DA:148,0
DA:149,0
DA:150,0
DA:151,0
DA:154,0
DA:160,0
DA:161,0
DA:166,0
DA:173,0
DA:174,0
DA:175,0
DA:179,0
DA:182,0
DA:183,0
DA:184,0
DA:187,0
DA:188,0
DA:189,0
DA:191,0
DA:192,0
DA:196,0
DA:200,0
DA:203,0
DA:210,0
DA:220,0
DA:221,0
DA:226,0
DA:233,0
DA:234,0
DA:235,0
DA:236,0
DA:237,0
DA:238,0
DA:240,0
DA:243,0
DA:244,0
DA:246,0
DA:250,0
DA:556,0
DA:568,0
LF:78
LH:0
BRDA:56,0,0,0
BRDA:56,0,1,0
BRDA:61,1,0,0
BRDA:61,1,1,0
BRDA:84,2,0,0
BRDA:84,2,1,0
BRDA:84,3,0,0
BRDA:84,3,1,0
BRDA:106,4,0,0
BRDA:106,5,0,0
BRDA:106,5,1,0
BRDA:126,6,0,0
BRDA:163,7,0,0
BRDA:163,7,1,0
BRDA:174,8,0,0
BRDA:191,9,0,0
BRDA:223,10,0,0
BRDA:223,10,1,0
BRDA:237,11,0,0
BRDA:237,11,1,0
BRDA:333,12,0,0
BRDA:333,12,1,0
BRDA:346,13,0,0
BRDA:346,13,1,0
BRDA:485,14,0,0
BRDA:485,14,1,0
BRDA:495,15,0,0
BRDA:495,15,1,0
BRDA:497,16,0,0
BRDA:497,16,1,0
BRDA:497,17,0,0
BRDA:497,17,1,0
BRDA:502,18,0,0
BRDA:502,18,1,0
BRDA:523,19,0,0
BRDA:523,19,1,0
BRDA:525,20,0,0
BRDA:525,20,1,0
BRDA:529,21,0,0
BRDA:529,21,1,0
BRDA:541,22,0,0
BRDA:541,22,1,0
BRDA:543,23,0,0
BRDA:543,23,1,0
BRDA:546,24,0,0
BRDA:546,24,1,0
BRDA:551,25,0,0
BRDA:551,25,1,0
BRDA:551,25,2,0
BRDA:563,26,0,0
BRDA:563,26,1,0
BRDA:563,26,2,0
BRDA:570,27,0,0
BRDA:570,27,1,0
BRF:54
BRH:0
end_of_record
TN:
SF:src/components/admin/categories/DragDropWrapper.tsx
FN:21,(anonymous_0)
FN:24,(anonymous_1)
FN:26,(anonymous_2)
FN:30,(anonymous_3)
FN:46,(anonymous_4)
FN:56,(anonymous_5)
FN:59,(anonymous_6)
FN:60,(anonymous_7)
FN:64,(anonymous_8)
FNF:9
FNH:0
FNDA:0,(anonymous_0)
FNDA:0,(anonymous_1)
FNDA:0,(anonymous_2)
FNDA:0,(anonymous_3)
FNDA:0,(anonymous_4)
FNDA:0,(anonymous_5)
FNDA:0,(anonymous_6)
FNDA:0,(anonymous_7)
FNDA:0,(anonymous_8)
DA:21,0
DA:22,0
DA:24,0
DA:26,0
DA:27,0
DA:30,0
DA:34,0
DA:35,0
DA:43,0
DA:46,0
DA:56,0
DA:57,0
DA:59,0
DA:60,0
DA:61,0
DA:64,0
DA:65,0
DA:66,0
DA:70,0
DA:71,0
DA:74,0
LF:21
LH:0
BRDA:34,0,0,0
BRDA:70,1,0,0
BRF:2
BRH:0
end_of_record
TN:
SF:src/components/admin/categories/IconSelector.tsx
FN:13,(anonymous_0)
FN:17,(anonymous_1)
FN:20,(anonymous_2)
FN:26,(anonymous_3)
FN:53,(anonymous_4)
FN:57,(anonymous_5)
FN:71,(anonymous_6)
FNF:7
FNH:0
FNDA:0,(anonymous_0)
FNDA:0,(anonymous_1)
FNDA:0,(anonymous_2)
FNDA:0,(anonymous_3)
FNDA:0,(anonymous_4)
FNDA:0,(anonymous_5)
FNDA:0,(anonymous_6)
DA:13,0
DA:14,0
DA:17,0
DA:20,0
DA:21,0
DA:22,0
DA:26,0
DA:27,0
DA:30,0
DA:54,0
DA:57,0
DA:71,0
LF:12
LH:0
BRDA:39,0,0,0
BRDA:39,0,1,0
BRDA:46,1,0,0
BRDA:46,1,1,0
BRDA:59,2,0,0
BRDA:59,2,1,0
BRF:6
BRH:0
end_of_record
TN:
SF:src/components/admin/categories/index.tsx
FN:19,(anonymous_0)
FN:44,(anonymous_1)
FN:66,(anonymous_2)
FN:80,(anonymous_3)
FN:137,(anonymous_4)
FN:146,(anonymous_5)
FN:155,(anonymous_6)
FN:179,(anonymous_7)
FN:186,(anonymous_8)
FN:193,(anonymous_9)
FN:212,(anonymous_10)
FN:214,(anonymous_11)
FN:220,(anonymous_12)
FN:259,(anonymous_13)
FN:264,(anonymous_14)
FN:284,(anonymous_15)
FN:291,(anonymous_16)
FN:307,(anonymous_17)
FN:320,(anonymous_18)
FN:334,(anonymous_19)
FN:351,(anonymous_20)
FN:358,(anonymous_21)
FN:393,(anonymous_22)
FN:408,(anonymous_23)
FN:413,(anonymous_24)
FN:441,(anonymous_25)
FN:474,(anonymous_26)
FNF:27
FNH:0
FNDA:0,(anonymous_0)
FNDA:0,(anonymous_1)
FNDA:0,(anonymous_2)
FNDA:0,(anonymous_3)
FNDA:0,(anonymous_4)
FNDA:0,(anonymous_5)
FNDA:0,(anonymous_6)
FNDA:0,(anonymous_7)
FNDA:0,(anonymous_8)
FNDA:0,(anonymous_9)
FNDA:0,(anonymous_10)
FNDA:0,(anonymous_11)
FNDA:0,(anonymous_12)
FNDA:0,(anonymous_13)
FNDA:0,(anonymous_14)
FNDA:0,(anonymous_15)
FNDA:0,(anonymous_16)
FNDA:0,(anonymous_17)
FNDA:0,(anonymous_18)
FNDA:0,(anonymous_19)
FNDA:0,(anonymous_20)
FNDA:0,(anonymous_21)
FNDA:0,(anonymous_22)
FNDA:0,(anonymous_23)
FNDA:0,(anonymous_24)
FNDA:0,(anonymous_25)
FNDA:0,(anonymous_26)
DA:19,0
DA:21,0
DA:23,0
DA:25,0
DA:27,0
DA:29,0
DA:31,0
DA:33,0
DA:35,0
DA:37,0
DA:39,0
DA:44,0
DA:45,0
DA:46,0
DA:48,0
DA:49,0
DA:51,0
DA:52,0
DA:53,0
DA:54,0
DA:55,0
DA:56,0
DA:58,0
DA:59,0
DA:62,0
DA:63,0
DA:66,0
DA:69,0
DA:70,0
DA:71,0
DA:80,0
DA:81,0
DA:83,0
DA:84,0
DA:85,0
DA:88,0
DA:89,0
DA:91,0
DA:93,0
DA:95,0
DA:97,0
DA:102,0
DA:103,0
DA:104,0
DA:105,0
DA:106,0
DA:108,0
DA:111,0
DA:113,0
DA:114,0
DA:119,0
DA:123,0
DA:124,0
DA:125,0
DA:127,0
DA:130,0
DA:137,0
DA:138,0
DA:139,0
DA:140,0
DA:146,0
DA:147,0
DA:148,0
DA:149,0
DA:155,0
DA:156,0
DA:157,0
DA:158,0
DA:161,0
DA:162,0
DA:164,0
DA:165,0
DA:166,0
DA:167,0
DA:168,0
DA:170,0
DA:172,0
DA:179,0
DA:180,0
DA:186,0
DA:187,0
DA:193,0
DA:194,0
DA:195,0
DA:197,0
DA:198,0
DA:199,0
DA:200,0
DA:201,0
DA:203,0
DA:205,0
DA:212,0
DA:213,0
DA:214,0
DA:220,0
DA:222,0
DA:223,0
DA:226,0
DA:227,0
DA:230,0
DA:231,0
DA:234,0
DA:236,0
DA:238,0
DA:239,0
DA:240,0
DA:243,0
DA:246,0
DA:247,0
DA:250,0
DA:251,0
DA:252,0
DA:254,0
DA:259,0
DA:260,0
DA:264,0
DA:265,0
DA:285,0
DA:292,0
DA:307,0
DA:320,0
DA:334,0
DA:351,0
DA:358,0
DA:376,0
DA:394,0
DA:395,0
DA:408,0
DA:413,0
DA:442,0
DA:474,0
LF:131
LH:0
BRDA:62,0,0,0
BRDA:62,0,1,0
BRDA:69,1,0,0
BRDA:69,1,1,0
BRDA:83,2,0,0
BRDA:95,3,0,0
BRDA:95,3,1,0
BRDA:99,4,0,0
BRDA:99,4,1,0
BRDA:111,5,0,0
BRDA:111,5,1,0
BRDA:113,6,0,0
BRDA:113,6,1,0
BRDA:113,7,0,0
BRDA:113,7,1,0
BRDA:140,8,0,0
BRDA:140,8,1,0
BRDA:156,9,0,0
BRDA:165,10,0,0
BRDA:165,10,1,0
BRDA:170,11,0,0
BRDA:170,11,1,0
BRDA:203,12,0,0
BRDA:203,12,1,0
BRDA:222,13,0,0
BRDA:230,14,0,0
BRDA:250,15,0,0
BRDA:250,15,1,0
BRDA:304,16,0,0
BRDA:304,16,1,0
BRDA:311,17,0,0
BRDA:311,17,1,0
BRDA:316,18,0,0
BRDA:316,18,1,0
BRDA:331,19,0,0
BRDA:331,19,1,0
BRDA:381,20,0,0
BRDA:381,20,1,0
BRDA:388,21,0,0
BRDA:388,21,1,0
BRDA:421,22,0,0
BRDA:421,22,1,0
BRDA:425,23,0,0
BRDA:425,23,1,0
BRDA:434,24,0,0
BRDA:434,24,1,0
BRDA:434,25,0,0
BRDA:434,25,1,0
BRDA:439,26,0,0
BRDA:439,26,1,0
BRDA:458,27,0,0
BRDA:458,27,1,0
BRDA:478,28,0,0
BRDA:478,28,1,0
BRDA:486,29,0,0
BRDA:486,29,1,0
BRF:56
BRH:0
end_of_record
TN:
SF:src/components/admin/posts/PostDetail.tsx
FN:17,(anonymous_0)
FN:46,(anonymous_1)
FN:53,(anonymous_2)
FN:66,(anonymous_3)
FN:68,(anonymous_4)
FN:72,(anonymous_5)
FN:74,(anonymous_6)
FN:78,(anonymous_7)
FN:83,(anonymous_8)
FN:102,(anonymous_9)
FN:109,(anonymous_10)
FN:110,(anonymous_11)
FN:135,(anonymous_12)
FN:151,(anonymous_13)
FN:359,(anonymous_14)
FN:403,(anonymous_15)
FNF:16
FNH:0
FNDA:0,(anonymous_0)
FNDA:0,(anonymous_1)
FNDA:0,(anonymous_2)
FNDA:0,(anonymous_3)
FNDA:0,(anonymous_4)
FNDA:0,(anonymous_5)
FNDA:0,(anonymous_6)
FNDA:0,(anonymous_7)
FNDA:0,(anonymous_8)
FNDA:0,(anonymous_9)
FNDA:0,(anonymous_10)
FNDA:0,(anonymous_11)
FNDA:0,(anonymous_12)
FNDA:0,(anonymous_13)
FNDA:0,(anonymous_14)
FNDA:0,(anonymous_15)
DA:17,0
DA:19,0
DA:20,0
DA:23,0
DA:34,0
DA:37,0
DA:46,0
DA:47,0
DA:48,0
DA:53,0
DA:54,0
DA:55,0
DA:66,0
DA:67,0
DA:68,0
DA:72,0
DA:73,0
DA:74,0
DA:78,0
DA:79,0
DA:83,0
DA:84,0
DA:85,0
DA:86,0
DA:89,0
DA:90,0
DA:98,0
DA:102,0
DA:103,0
DA:105,0
DA:107,0
DA:109,0
DA:110,0
DA:112,0
DA:117,0
DA:119,0
DA:120,0
DA:121,0
DA:122,0
DA:124,0
DA:125,0
DA:126,0
DA:129,0
DA:130,0
DA:135,0
DA:136,0
DA:138,0
DA:139,0
DA:140,0
DA:141,0
DA:142,0
DA:144,0
DA:145,0
DA:151,0
DA:152,0
DA:156,0
DA:157,0
DA:171,0
DA:172,0
DA:187,0
DA:188,0
DA:197,0
DA:360,0
DA:404,0
LF:64
LH:0
BRDA:17,0,0,0
BRDA:47,1,0,0
BRDA:47,2,0,0
BRDA:47,2,1,0
BRDA:54,3,0,0
BRDA:54,4,0,0
BRDA:54,4,1,0
BRDA:56,5,0,0
BRDA:56,5,1,0
BRDA:57,6,0,0
BRDA:57,6,1,0
BRDA:58,7,0,0
BRDA:58,7,1,0
BRDA:59,8,0,0
BRDA:59,8,1,0
BRDA:84,9,0,0
BRDA:89,10,0,0
BRDA:91,11,0,0
BRDA:91,11,1,0
BRDA:92,12,0,0
BRDA:92,12,1,0
BRDA:93,13,0,0
BRDA:93,13,1,0
BRDA:94,14,0,0
BRDA:94,14,1,0
BRDA:117,15,0,0
BRDA:117,15,1,0
BRDA:122,16,0,0
BRDA:130,17,0,0
BRDA:130,17,1,0
BRDA:136,18,0,0
BRDA:138,19,0,0
BRDA:145,20,0,0
BRDA:145,20,1,0
BRDA:156,21,0,0
BRDA:156,22,0,0
BRDA:156,22,1,0
BRDA:171,23,0,0
BRDA:171,24,0,0
BRDA:171,24,1,0
BRDA:179,25,0,0
BRDA:179,25,1,0
BRDA:187,26,0,0
BRDA:187,27,0,0
BRDA:187,27,1,0
BRDA:203,28,0,0
BRDA:203,28,1,0
BRDA:213,29,0,0
BRDA:213,29,1,0
BRDA:213,29,2,0
BRDA:237,30,0,0
BRDA:237,30,1,0
BRDA:237,31,0,0
BRDA:237,31,1,0
BRDA:330,32,0,0
BRDA:330,32,1,0
BRDA:344,33,0,0
BRDA:344,33,1,0
BRDA:347,34,0,0
BRDA:347,34,1,0
BRDA:357,35,0,0
BRDA:357,35,1,0
BRDA:359,36,0,0
BRDA:359,36,1,0
BRDA:386,37,0,0
BRDA:386,37,1,0
BRDA:399,38,0,0
BRDA:399,38,1,0
BRDA:399,38,2,0
BRDA:406,39,0,0
BRDA:406,39,1,0
BRDA:406,40,0,0
BRDA:406,40,1,0
BRDA:407,41,0,0
BRDA:407,41,1,0
BRDA:407,42,0,0
BRDA:407,42,1,0
BRF:77
BRH:0
end_of_record
TN:
SF:src/components/admin/posts/PostFilterBar.tsx
FN:33,(anonymous_0)
FN:42,(anonymous_1)
FN:47,(anonymous_2)
FN:49,(anonymous_3)
FN:53,(anonymous_4)
FN:59,(anonymous_5)
FN:89,(anonymous_6)
FNF:7
FNH:0
FNDA:0,(anonymous_0)
FNDA:0,(anonymous_1)
FNDA:0,(anonymous_2)
FNDA:0,(anonymous_3)
FNDA:0,(anonymous_4)
FNDA:0,(anonymous_5)
FNDA:0,(anonymous_6)
DA:22,0
DA:33,0
DA:39,0
DA:42,0
DA:43,0
DA:47,0
DA:48,0
DA:49,0
DA:53,0
DA:54,0
DA:55,0
DA:59,0
DA:60,0
DA:69,0
DA:70,0
DA:73,0
DA:90,0
LF:17
LH:0
BRF:0
BRH:0
end_of_record
TN:
SF:src/components/admin/posts/PostList.tsx
FN:19,(anonymous_0)
FN:57,(anonymous_1)
FN:58,(anonymous_2)
FN:63,(anonymous_3)
FN:70,(anonymous_4)
FN:75,(anonymous_5)
FN:80,(anonymous_6)
FN:85,(anonymous_7)
FN:100,(anonymous_8)
FN:109,(anonymous_9)
FN:114,(anonymous_10)
FN:119,(anonymous_11)
FN:132,(anonymous_12)
FN:137,(anonymous_13)
FN:179,(anonymous_14)
FN:191,(anonymous_15)
FN:203,(anonymous_16)
FN:215,(anonymous_17)
FN:227,(anonymous_18)
FN:275,(anonymous_19)
FN:285,(anonymous_20)
FN:292,(anonymous_21)
FN:323,(anonymous_22)
FNF:23
FNH:0
FNDA:0,(anonymous_0)
FNDA:0,(anonymous_1)
FNDA:0,(anonymous_2)
FNDA:0,(anonymous_3)
FNDA:0,(anonymous_4)
FNDA:0,(anonymous_5)
FNDA:0,(anonymous_6)
FNDA:0,(anonymous_7)
FNDA:0,(anonymous_8)
FNDA:0,(anonymous_9)
FNDA:0,(anonymous_10)
FNDA:0,(anonymous_11)
FNDA:0,(anonymous_12)
FNDA:0,(anonymous_13)
FNDA:0,(anonymous_14)
FNDA:0,(anonymous_15)
FNDA:0,(anonymous_16)
FNDA:0,(anonymous_17)
FNDA:0,(anonymous_18)
FNDA:0,(anonymous_19)
FNDA:0,(anonymous_20)
FNDA:0,(anonymous_21)
FNDA:0,(anonymous_22)
DA:19,0
DA:21,0
DA:24,0
DA:50,0
DA:57,0
DA:58,0
DA:59,0
DA:63,0
DA:64,0
DA:65,0
DA:70,0
DA:71,0
DA:75,0
DA:76,0
DA:80,0
DA:81,0
DA:85,0
DA:86,0
DA:88,0
DA:89,0
DA:90,0
DA:91,0
DA:93,0
DA:94,0
DA:100,0
DA:101,0
DA:102,0
DA:104,0
DA:109,0
DA:110,0
DA:114,0
DA:115,0
DA:119,0
DA:121,0
DA:122,0
DA:124,0
DA:132,0
DA:133,0
DA:135,0
DA:138,0
DA:154,0
DA:179,0
DA:191,0
DA:203,0
DA:215,0
DA:227,0
DA:276,0
DA:285,0
DA:292,0
DA:323,0
LF:50
LH:0
BRDA:64,0,0,0
BRDA:64,0,1,0
BRDA:64,1,0,0
BRDA:64,1,1,0
BRDA:86,2,0,0
BRDA:88,3,0,0
BRDA:94,4,0,0
BRDA:94,4,1,0
BRDA:101,5,0,0
BRDA:101,5,1,0
BRDA:133,6,0,0
BRDA:133,7,0,0
BRDA:133,7,1,0
BRDA:145,8,0,0
BRDA:145,8,1,0
BRDA:172,9,0,0
BRDA:172,9,1,0
BRDA:182,10,0,0
BRDA:182,10,1,0
BRDA:184,11,0,0
BRDA:184,11,1,0
BRDA:194,12,0,0
BRDA:194,12,1,0
BRDA:196,13,0,0
BRDA:196,13,1,0
BRDA:206,14,0,0
BRDA:206,14,1,0
BRDA:208,15,0,0
BRDA:208,15,1,0
BRDA:218,16,0,0
BRDA:218,16,1,0
BRDA:220,17,0,0
BRDA:220,17,1,0
BRDA:230,18,0,0
BRDA:230,18,1,0
BRDA:232,19,0,0
BRDA:232,19,1,0
BRDA:245,20,0,0
BRDA:245,20,1,0
BRDA:245,21,0,0
BRDA:245,21,1,0
BRDA:257,22,0,0
BRDA:257,22,1,0
BRDA:264,23,0,0
BRDA:264,23,1,0
BRDA:268,24,0,0
BRDA:268,24,1,0
BRDA:278,25,0,0
BRDA:278,25,1,0
BRDA:296,26,0,0
BRDA:296,26,1,0
BRDA:339,27,0,0
BRDA:339,27,1,0
BRDA:350,28,0,0
BRDA:350,28,1,0
BRDA:350,28,2,0
BRDA:353,29,0,0
BRDA:353,29,1,0
BRDA:353,29,2,0
BRF:59
BRH:0
end_of_record
TN:
SF:src/components/admin/posts/index.tsx
FN:13,(anonymous_0)
FN:17,(anonymous_1)
FN:22,(anonymous_2)
FN:40,(anonymous_3)
FNF:4
FNH:0
FNDA:0,(anonymous_0)
FNDA:0,(anonymous_1)
FNDA:0,(anonymous_2)
FNDA:0,(anonymous_3)
DA:13,0
DA:14,0
DA:17,0
DA:18,0
DA:22,0
DA:23,0
DA:26,0
DA:40,0
LF:8
LH:0
BRF:0
BRH:0
end_of_record
TN:
SF:src/components/cli/CLIApp.tsx
FN:18,(anonymous_0)
FNF:1
FNH:0
FNDA:0,(anonymous_0)
DA:18,0
DA:24,0
DA:27,0
DA:34,0
LF:4
LH:0
BRDA:24,0,0,0
BRDA:24,0,1,0
BRDA:24,0,2,0
BRF:3
BRH:0
end_of_record
TN:
SF:src/components/cli/CommandInput.tsx
FN:20,(anonymous_0)
FN:39,(anonymous_1)
FN:60,(anonymous_2)
FN:90,(anonymous_3)
FN:111,(anonymous_4)
FN:140,(anonymous_5)
FN:151,(anonymous_6)
FN:164,(anonymous_7)
FN:183,(anonymous_8)
FN:204,(anonymous_9)
FN:208,(anonymous_10)
FNF:11
FNH:0
FNDA:0,(anonymous_0)
FNDA:0,(anonymous_1)
FNDA:0,(anonymous_2)
FNDA:0,(anonymous_3)
FNDA:0,(anonymous_4)
FNDA:0,(anonymous_5)
FNDA:0,(anonymous_6)
FNDA:0,(anonymous_7)
FNDA:0,(anonymous_8)
FNDA:0,(anonymous_9)
FNDA:0,(anonymous_10)
DA:20,0
DA:26,0
DA:28,0
DA:30,0
DA:31,0
DA:34,0
DA:39,0
DA:40,0
DA:43,0
DA:46,0
DA:49,0
DA:50,0
DA:51,0
DA:60,0
DA:61,0
DA:63,0
DA:64,0
DA:65,0
DA:67,0
DA:68,0
DA:69,0
DA:71,0
DA:72,0
DA:73,0
DA:75,0
DA:76,0
DA:77,0
DA:79,0
DA:80,0
DA:81,0
DA:83,0
DA:90,0
DA:91,0
DA:92,0
DA:95,0
DA:97,0
DA:100,0
DA:103,0
DA:104,0
DA:105,0
DA:111,0
DA:112,0
DA:115,0
DA:117,0
DA:119,0
DA:120,0
DA:122,0
DA:123,0
DA:126,0
DA:127,0
DA:130,0
DA:131,0
DA:132,0
DA:140,0
DA:141,0
DA:142,0
DA:143,0
DA:144,0
DA:151,0
DA:152,0
DA:153,0
DA:154,0
DA:156,0
DA:157,0
DA:164,0
DA:165,0
DA:166,0
DA:170,0
DA:183,0
DA:205,0
DA:208,0
LF:71
LH:0
BRDA:22,0,0,0
BRDA:23,1,0,0
BRDA:40,2,0,0
BRDA:40,3,0,0
BRDA:40,3,1,0
BRDA:61,4,0,0
BRDA:61,4,1,0
BRDA:61,4,2,0
BRDA:61,4,3,0
BRDA:61,4,4,0
BRDA:61,4,5,0
BRDA:92,5,0,0
BRDA:95,6,0,0
BRDA:95,6,1,0
BRDA:97,7,0,0
BRDA:97,7,1,0
BRDA:100,8,0,0
BRDA:100,8,1,0
BRDA:104,9,0,0
BRDA:104,9,1,0
BRDA:112,10,0,0
BRDA:117,11,0,0
BRDA:117,11,1,0
BRDA:120,12,0,0
BRDA:120,12,1,0
BRDA:131,13,0,0
BRDA:143,14,0,0
BRDA:152,15,0,0
BRDA:152,15,1,0
BRDA:165,16,0,0
BRDA:165,17,0,0
BRDA:165,17,1,0
BRDA:196,18,0,0
BRDA:196,18,1,0
BRDA:196,18,2,0
BRF:35
BRH:0
end_of_record
TN:
SF:src/components/cli/MarkdownRenderer.tsx
FN:21,(anonymous_0)
FNF:1
FNH:0
FNDA:0,(anonymous_0)
DA:21,0
DA:22,0
LF:2
LH:0
BRF:0
BRH:0
end_of_record
TN:
SF:src/components/cli/OutputDisplay.tsx
FN:31,(anonymous_0)
FN:35,(anonymous_1)
FN:64,(anonymous_2)
FN:70,(anonymous_3)
FN:72,(anonymous_4)
FN:128,(anonymous_5)
FNF:6
FNH:0
FNDA:0,(anonymous_0)
FNDA:0,(anonymous_1)
FNDA:0,(anonymous_2)
FNDA:0,(anonymous_3)
FNDA:0,(anonymous_4)
FNDA:0,(anonymous_5)
DA:31,0
DA:35,0
DA:36,0
DA:38,0
DA:41,0
DA:46,0
DA:58,0
DA:59,0
DA:65,0
DA:71,0
DA:73,0
DA:88,0
DA:100,0
DA:113,0
DA:126,0
DA:129,0
LF:16
LH:0
BRDA:38,0,0,0
BRDA:38,0,1,0
BRDA:38,0,2,0
BRDA:38,0,3,0
BRDA:38,0,4,0
BRDA:38,0,5,0
BRDA:38,0,6,0
BRDA:49,1,0,0
BRDA:49,1,1,0
BRDA:79,2,0,0
BRDA:79,2,1,0
BRDA:91,3,0,0
BRDA:91,3,1,0
BRDA:103,4,0,0
BRDA:103,4,1,0
BRDA:116,5,0,0
BRDA:116,5,1,0
BRDA:129,6,0,0
BRDA:129,6,1,0
BRF:19
BRH:0
end_of_record
TN:
SF:src/components/cli/Terminal.tsx
FN:25,(anonymous_0)
FN:43,(anonymous_1)
FN:47,(anonymous_2)
FN:66,(anonymous_3)
FN:75,(anonymous_4)
FN:80,(anonymous_5)
FN:87,(anonymous_6)
FN:95,(anonymous_7)
FN:103,(anonymous_8)
FN:110,(anonymous_9)
FN:118,(anonymous_10)
FN:128,(anonymous_11)
FN:129,(anonymous_12)
FN:135,(anonymous_13)
FN:143,(anonymous_14)
FN:163,(anonymous_15)
FNF:16
FNH:0
FNDA:0,(anonymous_0)
FNDA:0,(anonymous_1)
FNDA:0,(anonymous_2)
FNDA:0,(anonymous_3)
FNDA:0,(anonymous_4)
FNDA:0,(anonymous_5)
FNDA:0,(anonymous_6)
FNDA:0,(anonymous_7)
FNDA:0,(anonymous_8)
FNDA:0,(anonymous_9)
FNDA:0,(anonymous_10)
FNDA:0,(anonymous_11)
FNDA:0,(anonymous_12)
FNDA:0,(anonymous_13)
FNDA:0,(anonymous_14)
FNDA:0,(anonymous_15)
DA:25,0
DA:33,0
DA:38,0
DA:43,0
DA:44,0
DA:47,0
DA:48,0
DA:49,0
DA:51,0
DA:54,0
DA:56,0
DA:61,0
DA:64,0
DA:66,0
DA:67,0
DA:75,0
DA:77,0
DA:80,0
DA:84,0
DA:87,0
DA:91,0
DA:95,0
DA:99,0
DA:103,0
DA:107,0
DA:110,0
DA:114,0
DA:119,0
DA:120,0
DA:128,0
DA:129,0
DA:135,0
DA:136,0
DA:143,0
DA:145,0
DA:151,0
DA:163,0
DA:164,0
DA:165,0
DA:169,0
LF:40
LH:0
BRDA:26,0,0,0
BRDA:27,1,0,0
BRDA:48,2,0,0
BRDA:48,2,1,0
BRDA:49,3,0,0
BRDA:54,4,0,0
BRDA:164,5,0,0
BRF:7
BRH:0
end_of_record
TN:
SF:src/components/cli/TextEditor.tsx
FN:20,(anonymous_0)
FN:34,(anonymous_1)
FN:41,(anonymous_2)
FN:65,(anonymous_3)
FN:87,(anonymous_4)
FN:109,(anonymous_5)
FN:115,(anonymous_6)
FNF:7
FNH:0
FNDA:0,(anonymous_0)
FNDA:0,(anonymous_1)
FNDA:0,(anonymous_2)
FNDA:0,(anonymous_3)
FNDA:0,(anonymous_4)
FNDA:0,(anonymous_5)
FNDA:0,(anonymous_6)
DA:20,0
DA:29,0
DA:31,0
DA:34,0
DA:35,0
DA:36,0
DA:41,0
DA:43,0
DA:44,0
DA:45,0
DA:49,0
DA:50,0
DA:51,0
DA:55,0
DA:56,0
DA:57,0
DA:58,0
DA:61,0
DA:62,0
DA:65,0
DA:66,0
DA:67,0
DA:74,0
DA:82,0
DA:87,0
DA:109,0
DA:115,0
LF:27
LH:0
BRDA:21,0,0,0
BRDA:24,1,0,0
BRDA:25,2,0,0
BRDA:26,3,0,0
BRDA:35,4,0,0
BRDA:43,5,0,0
BRDA:43,6,0,0
BRDA:43,6,1,0
BRDA:43,6,2,0
BRDA:49,7,0,0
BRDA:55,8,0,0
BRDA:66,9,0,0
BRDA:74,10,0,0
BRDA:74,10,1,0
BRF:14
BRH:0
end_of_record
TN:
SF:src/components/pc-components/AsciiArt.tsx
FN:22,(anonymous_0)
FN:35,(anonymous_1)
FN:42,(anonymous_2)
FN:44,(anonymous_3)
FN:45,(anonymous_4)
FN:51,(anonymous_5)
FN:68,(anonymous_6)
FNF:7
FNH:0
FNDA:0,(anonymous_0)
FNDA:0,(anonymous_1)
FNDA:0,(anonymous_2)
FNDA:0,(anonymous_3)
FNDA:0,(anonymous_4)
FNDA:0,(anonymous_5)
FNDA:0,(anonymous_6)
DA:22,0
DA:31,0
DA:32,0
DA:35,0
DA:36,0
DA:37,0
DA:38,0
DA:42,0
DA:43,0
DA:44,0
DA:45,0
DA:47,0
DA:51,0
DA:55,0
DA:56,0
DA:58,0
DA:69,0
DA:79,0
LF:18
LH:0
BRDA:24,0,0,0
BRDA:25,1,0,0
BRDA:26,2,0,0
BRDA:27,3,0,0
BRDA:28,4,0,0
BRDA:29,5,0,0
BRDA:36,6,0,0
BRDA:43,7,0,0
BRDA:43,7,1,0
BRDA:55,8,0,0
BRDA:55,8,1,0
BRDA:60,9,0,0
BRDA:60,9,1,0
BRDA:63,10,0,0
BRDA:63,10,1,0
BRDA:70,11,0,0
BRDA:70,11,1,0
BRF:17
BRH:0
end_of_record
TN:
SF:src/components/pc-components/PCComponentsDemo.tsx
FN:9,(anonymous_0)
FN:16,(anonymous_1)
FN:17,(anonymous_2)
FN:21,(anonymous_3)
FN:71,(anonymous_4)
FNF:5
FNH:0
FNDA:0,(anonymous_0)
FNDA:0,(anonymous_1)
FNDA:0,(anonymous_2)
FNDA:0,(anonymous_3)
FNDA:0,(anonymous_4)
DA:9,0
DA:10,0
DA:11,0
DA:16,0
DA:17,0
DA:18,0
DA:21,0
DA:25,0
DA:34,0
DA:71,0
LF:10
LH:0
BRF:0
BRH:0
end_of_record
TN:
SF:src/components/pc-components/PCHeader.tsx
FN:23,(anonymous_0)
FN:38,(anonymous_1)
FN:39,(anonymous_2)
FN:54,(anonymous_3)
FN:60,(anonymous_4)
FNF:5
FNH:0
FNDA:0,(anonymous_0)
FNDA:0,(anonymous_1)
FNDA:0,(anonymous_2)
FNDA:0,(anonymous_3)
FNDA:0,(anonymous_4)
DA:23,0
DA:33,0
DA:34,0
DA:35,0
DA:38,0
DA:39,0
DA:40,0
DA:42,0
DA:44,0
DA:45,0
DA:46,0
DA:51,0
DA:52,0
DA:54,0
DA:55,0
DA:60,0
DA:61,0
DA:62,0
DA:63,0
DA:64,0
DA:68,0
LF:21
LH:0
BRDA:27,0,0,0
BRDA:28,1,0,0
BRDA:29,2,0,0
BRDA:30,3,0,0
BRDA:33,4,0,0
BRDA:33,4,1,0
BRDA:40,5,0,0
BRDA:61,6,0,0
BRDA:61,6,1,0
BRDA:61,6,2,0
BRDA:81,7,0,0
BRDA:81,7,1,0
BRDA:87,8,0,0
BRDA:87,8,1,0
BRDA:94,9,0,0
BRDA:94,9,1,0
BRDA:114,10,0,0
BRDA:114,10,1,0
BRDA:118,11,0,0
BRDA:118,11,1,0
BRDA:120,12,0,0
BRDA:120,12,1,0
BRDA:124,13,0,0
BRDA:124,13,1,0
BRF:24
BRH:0
end_of_record
TN:
SF:src/components/pc-components/PCLayout.tsx
FN:18,(anonymous_0)
FNF:1
FNH:0
FNDA:0,(anonymous_0)
DA:18,0
DA:23,0
LF:2
LH:0
BRDA:20,0,0,0
BRDA:21,1,0,0
BRDA:25,2,0,0
BRDA:25,2,1,0
BRF:4
BRH:0
end_of_record
TN:
SF:src/components/pc-components/PCMenu.tsx
FN:34,(anonymous_0)
FN:45,(anonymous_1)
FN:66,(anonymous_2)
FN:77,(anonymous_3)
FNF:4
FNH:0
FNDA:0,(anonymous_0)
FNDA:0,(anonymous_1)
FNDA:0,(anonymous_2)
FNDA:0,(anonymous_3)
DA:34,0
DA:45,0
DA:46,0
DA:48,0
DA:49,0
DA:52,0
DA:53,0
DA:57,0
DA:67,0
DA:69,0
DA:77,0
LF:11
LH:0
BRDA:39,0,0,0
BRDA:40,1,0,0
BRDA:41,2,0,0
BRDA:42,3,0,0
BRDA:46,4,0,0
BRDA:48,5,0,0
BRDA:52,6,0,0
BRDA:74,7,0,0
BRDA:74,7,1,0
BRDA:75,8,0,0
BRDA:75,8,1,0
BRDA:79,9,0,0
BRDA:79,9,1,0
BRDA:81,10,0,0
BRDA:81,10,1,0
BRDA:84,11,0,0
BRDA:84,11,1,0
BRDA:89,12,0,0
BRDA:89,12,1,0
BRDA:94,13,0,0
BRDA:94,13,1,0
BRDA:94,13,2,0
BRF:22
BRH:0
end_of_record
TN:
SF:src/components/pc-components/TextBox.tsx
FN:30,(anonymous_0)
FN:48,(anonymous_1)
FN:49,(anonymous_2)
FN:64,(anonymous_3)
FN:70,(anonymous_4)
FN:119,(anonymous_5)
FNF:6
FNH:0
FNDA:0,(anonymous_0)
FNDA:0,(anonymous_1)
FNDA:0,(anonymous_2)
FNDA:0,(anonymous_3)
FNDA:0,(anonymous_4)
FNDA:0,(anonymous_5)
DA:30,0
DA:44,0
DA:45,0
DA:48,0
DA:49,0
DA:50,0
DA:52,0
DA:54,0
DA:55,0
DA:56,0
DA:61,0
DA:62,0
DA:64,0
DA:65,0
DA:70,0
DA:71,0
DA:73,0
DA:75,0
DA:77,0
DA:79,0
DA:81,0
DA:86,0
DA:87,0
DA:116,0
DA:119,0
DA:120,0
DA:121,0
DA:122,0
DA:123,0
DA:127,0
LF:30
LH:0
BRDA:33,0,0,0
BRDA:34,1,0,0
BRDA:35,2,0,0
BRDA:36,3,0,0
BRDA:37,4,0,0
BRDA:38,5,0,0
BRDA:39,6,0,0
BRDA:40,7,0,0
BRDA:41,8,0,0
BRDA:50,9,0,0
BRDA:71,10,0,0
BRDA:71,10,1,0
BRDA:71,10,2,0
BRDA:71,10,3,0
BRDA:71,10,4,0
BRDA:86,11,0,0
BRDA:99,12,0,0
BRDA:99,12,1,0
BRDA:120,13,0,0
BRDA:120,13,1,0
BRDA:120,13,2,0
BRDA:141,14,0,0
BRDA:141,14,1,0
BRF:23
BRH:0
end_of_record
TN:
SF:src/hooks/useAdminAuth.ts
FN:22,(anonymous_0)
FN:34,(anonymous_1)
FN:47,(anonymous_2)
FN:52,(anonymous_3)
FN:55,(anonymous_4)
FN:66,(anonymous_5)
FN:77,(anonymous_6)
FN:116,(anonymous_7)
FN:130,(anonymous_8)
FNF:9
FNH:0
FNDA:0,(anonymous_0)
FNDA:0,(anonymous_1)
FNDA:0,(anonymous_2)
FNDA:0,(anonymous_3)
FNDA:0,(anonymous_4)
FNDA:0,(anonymous_5)
FNDA:0,(anonymous_6)
FNDA:0,(anonymous_7)
FNDA:0,(anonymous_8)
DA:16,0
DA:22,0
DA:24,0
DA:26,0
DA:28,0
DA:34,0
DA:35,0
DA:36,0
DA:37,0
DA:39,0
DA:40,0
DA:42,0
DA:47,0
DA:48,0
DA:52,0
DA:53,0
DA:55,0
DA:56,0
DA:57,0
DA:59,0
DA:60,0
DA:64,0
DA:66,0
DA:67,0
DA:77,0
DA:78,0
DA:79,0
DA:81,0
DA:83,0
DA:85,0
DA:87,0
DA:90,0
DA:91,0
DA:92,0
DA:93,0
DA:97,0
DA:99,0
DA:101,0
DA:102,0
DA:105,0
DA:106,0
DA:107,0
DA:109,0
DA:116,0
DA:117,0
DA:118,0
DA:119,0
DA:121,0
DA:122,0
DA:130,0
DA:131,0
DA:134,0
LF:52
LH:0
BRDA:53,0,0,0
BRDA:57,1,0,0
BRDA:85,2,0,0
BRDA:85,2,1,0
BRDA:90,3,0,0
BRDA:90,4,0,0
BRDA:90,4,1,0
BRDA:106,5,0,0
BRDA:106,5,1,0
BRDA:122,6,0,0
BRDA:122,6,1,0
BRF:11
BRH:0
end_of_record
TN:
SF:src/hooks/useAdminPosts.ts
FN:65,(anonymous_0)
FN:114,(anonymous_1)
FN:116,(anonymous_2)
FN:124,(anonymous_3)
FN:141,(anonymous_4)
FN:149,(anonymous_5)
FN:173,(anonymous_6)
FN:213,(anonymous_7)
FN:226,(anonymous_8)
FN:228,(anonymous_9)
FN:249,(anonymous_10)
FN:258,(anonymous_11)
FN:260,(anonymous_12)
FN:264,(anonymous_13)
FN:264,(anonymous_14)
FN:286,(anonymous_15)
FN:299,(anonymous_16)
FN:301,(anonymous_17)
FN:326,(anonymous_18)
FN:364,(anonymous_19)
FN:373,(anonymous_20)
FN:389,(anonymous_21)
FN:390,(anonymous_22)
FN:392,(anonymous_23)
FN:401,(anonymous_24)
FN:403,(anonymous_25)
FN:411,(anonymous_26)
FN:416,(anonymous_27)
FN:434,(anonymous_28)
FN:441,(anonymous_29)
FN:468,(anonymous_30)
FNF:31
FNH:0
FNDA:0,(anonymous_0)
FNDA:0,(anonymous_1)
FNDA:0,(anonymous_2)
FNDA:0,(anonymous_3)
FNDA:0,(anonymous_4)
FNDA:0,(anonymous_5)
FNDA:0,(anonymous_6)
FNDA:0,(anonymous_7)
FNDA:0,(anonymous_8)
FNDA:0,(anonymous_9)
FNDA:0,(anonymous_10)
FNDA:0,(anonymous_11)
FNDA:0,(anonymous_12)
FNDA:0,(anonymous_13)
FNDA:0,(anonymous_14)
FNDA:0,(anonymous_15)
FNDA:0,(anonymous_16)
FNDA:0,(anonymous_17)
FNDA:0,(anonymous_18)
FNDA:0,(anonymous_19)
FNDA:0,(anonymous_20)
FNDA:0,(anonymous_21)
FNDA:0,(anonymous_22)
FNDA:0,(anonymous_23)
FNDA:0,(anonymous_24)
FNDA:0,(anonymous_25)
FNDA:0,(anonymous_26)
FNDA:0,(anonymous_27)
FNDA:0,(anonymous_28)
FNDA:0,(anonymous_29)
FNDA:0,(anonymous_30)
DA:65,0
DA:77,0
DA:80,0
DA:83,0
DA:94,0
DA:101,0
DA:108,0
DA:114,0
DA:115,0
DA:116,0
DA:120,0
DA:123,0
DA:124,0
DA:126,0
DA:128,0
DA:141,0
DA:148,0
DA:149,0
DA:173,0
DA:174,0
DA:175,0
DA:180,0
DA:183,0
DA:184,0
DA:190,0
DA:192,0
DA:198,0
DA:199,0
DA:213,0
DA:218,0
DA:219,0
DA:222,0
DA:223,0
DA:226,0
DA:229,0
DA:234,0
DA:235,0
DA:238,0
DA:240,0
DA:241,0
DA:249,0
DA:250,0
DA:251,0
DA:254,0
DA:255,0
DA:258,0
DA:260,0
DA:264,0
DA:267,0
DA:268,0
DA:275,0
DA:277,0
DA:278,0
DA:286,0
DA:287,0
DA:288,0
DA:291,0
DA:292,0
DA:295,0
DA:296,0
DA:299,0
DA:301,0
DA:305,0
DA:308,0
DA:309,0
DA:316,0
DA:318,0
DA:319,0
DA:326,0
DA:327,0
DA:328,0
DA:333,0
DA:336,0
DA:337,0
DA:343,0
DA:345,0
DA:351,0
DA:352,0
DA:364,0
DA:365,0
DA:366,0
DA:369,0
DA:370,0
DA:373,0
DA:378,0
DA:380,0
DA:381,0
DA:389,0
DA:390,0
DA:391,0
DA:392,0
DA:401,0
DA:402,0
DA:403,0
DA:411,0
DA:412,0
DA:416,0
DA:417,0
DA:418,0
DA:434,0
DA:435,0
DA:436,0
DA:441,0
DA:443,0
DA:446,0
DA:449,0
DA:468,0
LF:107
LH:0
BRDA:65,0,0,0
BRDA:67,1,0,0
BRDA:68,2,0,0
BRDA:69,3,0,0
BRDA:76,4,0,0
BRDA:114,5,0,0
BRDA:115,6,0,0
BRDA:126,7,0,0
BRDA:126,7,1,0
BRDA:142,8,0,0
BRDA:142,8,1,0
BRDA:152,9,0,0
BRDA:152,9,1,0
BRDA:174,10,0,0
BRDA:202,11,0,0
BRDA:202,11,1,0
BRDA:218,12,0,0
BRDA:218,13,0,0
BRDA:218,13,1,0
BRDA:229,14,0,0
BRDA:229,14,1,0
BRDA:234,15,0,0
BRDA:234,16,0,0
BRDA:234,16,1,0
BRDA:241,17,0,0
BRDA:241,17,1,0
BRDA:250,18,0,0
BRDA:267,19,0,0
BRDA:267,20,0,0
BRDA:267,20,1,0
BRDA:278,21,0,0
BRDA:278,21,1,0
BRDA:286,22,0,0
BRDA:287,23,0,0
BRDA:291,24,0,0
BRDA:308,25,0,0
BRDA:308,26,0,0
BRDA:308,26,1,0
BRDA:319,27,0,0
BRDA:319,27,1,0
BRDA:327,28,0,0
BRDA:355,29,0,0
BRDA:355,29,1,0
BRDA:365,30,0,0
BRDA:365,31,0,0
BRDA:365,31,1,0
BRDA:381,32,0,0
BRDA:381,32,1,0
BRDA:391,33,0,0
BRDA:391,33,1,0
BRDA:402,34,0,0
BRDA:402,34,1,0
BRDA:417,35,0,0
BRDA:435,36,0,0
BRDA:435,37,0,0
BRDA:435,37,1,0
BRF:56
BRH:0
end_of_record
TN:
SF:src/hooks/useAuth.ts
FN:33,useAuth
FN:35,(anonymous_1)
FN:57,(anonymous_2)
FN:72,(anonymous_3)
FN:80,(anonymous_4)
FN:85,(anonymous_5)
FN:117,(anonymous_6)
FN:125,(anonymous_7)
FN:135,(anonymous_8)
FN:169,(anonymous_9)
FN:193,(anonymous_10)
FN:223,(anonymous_11)
FNF:12
FNH:0
FNDA:0,useAuth
FNDA:0,(anonymous_1)
FNDA:0,(anonymous_2)
FNDA:0,(anonymous_3)
FNDA:0,(anonymous_4)
FNDA:0,(anonymous_5)
FNDA:0,(anonymous_6)
FNDA:0,(anonymous_7)
FNDA:0,(anonymous_8)
FNDA:0,(anonymous_9)
FNDA:0,(anonymous_10)
FNDA:0,(anonymous_11)
DA:19,0
DA:20,0
DA:35,0
DA:37,0
DA:38,0
DA:39,0
DA:40,0
DA:44,0
DA:45,0
DA:47,0
DA:48,0
DA:51,0
DA:57,0
DA:58,0
DA:60,0
DA:62,0
DA:63,0
DA:64,0
DA:65,0
DA:66,0
DA:68,0
DA:72,0
DA:73,0
DA:76,0
DA:77,0
DA:78,0
DA:79,0
DA:80,0
DA:83,0
DA:86,0
DA:89,0
DA:90,0
DA:91,0
DA:92,0
DA:93,0
DA:94,0
DA:97,0
DA:98,0
DA:100,0
DA:101,0
DA:102,0
DA:105,0
DA:106,0
DA:107,0
DA:108,0
DA:110,0
DA:111,0
DA:114,0
DA:115,0
DA:118,0
DA:119,0
DA:120,0
DA:125,0
DA:126,0
DA:127,0
DA:135,0
DA:136,0
DA:138,0
DA:140,0
DA:141,0
DA:142,0
DA:143,0
DA:144,0
DA:146,0
DA:147,0
DA:149,0
DA:152,0
DA:155,0
DA:157,0
DA:160,0
DA:161,0
DA:169,0
DA:170,0
DA:172,0
DA:174,0
DA:175,0
DA:176,0
DA:177,0
DA:178,0
DA:180,0
DA:181,0
DA:183,0
DA:184,0
DA:185,0
DA:186,0
DA:193,0
DA:194,0
DA:195,0
DA:198,0
DA:200,0
DA:201,0
DA:202,0
DA:203,0
DA:204,0
DA:205,0
DA:206,0
DA:207,0
DA:209,0
DA:210,0
DA:213,0
DA:214,0
DA:216,0
DA:223,0
DA:224,0
DA:227,0
LF:105
LH:0
BRDA:38,0,0,0
BRDA:45,1,0,0
BRDA:45,1,1,0
BRDA:45,2,0,0
BRDA:45,2,1,0
BRDA:58,3,0,0
BRDA:60,4,0,0
BRDA:60,4,1,0
BRDA:62,5,0,0
BRDA:63,6,0,0
BRDA:64,7,0,0
BRDA:65,8,0,0
BRDA:66,9,0,0
BRDA:66,10,0,0
BRDA:66,10,1,0
BRDA:68,11,0,0
BRDA:68,11,1,0
BRDA:76,12,0,0
BRDA:86,13,0,0
BRDA:86,13,1,0
BRDA:90,14,0,0
BRDA:98,15,0,0
BRDA:98,15,1,0
BRDA:106,16,0,0
BRDA:106,16,1,0
BRDA:106,17,0,0
BRDA:106,17,1,0
BRDA:143,18,0,0
BRDA:152,19,0,0
BRDA:152,19,1,0
BRDA:152,20,0,0
BRDA:152,20,1,0
BRDA:152,20,2,0
BRDA:177,21,0,0
BRDA:229,22,0,0
BRDA:229,22,1,0
BRF:36
BRH:0
end_of_record
TN:
SF:src/hooks/useBookmarks.ts
FN:21,(anonymous_0)
FN:34,(anonymous_1)
FN:39,(anonymous_2)
FN:54,(anonymous_3)
FN:58,(anonymous_4)
FN:63,(anonymous_5)
FN:75,(anonymous_6)
FN:87,(anonymous_7)
FN:89,(anonymous_8)
FN:98,(anonymous_9)
FN:111,(anonymous_10)
FN:121,(anonymous_11)
FN:135,(anonymous_12)
FN:147,(anonymous_13)
FN:154,(anonymous_14)
FN:155,(anonymous_15)
FN:159,(anonymous_16)
FNF:17
FNH:0
FNDA:0,(anonymous_0)
FNDA:0,(anonymous_1)
FNDA:0,(anonymous_2)
FNDA:0,(anonymous_3)
FNDA:0,(anonymous_4)
FNDA:0,(anonymous_5)
FNDA:0,(anonymous_6)
FNDA:0,(anonymous_7)
FNDA:0,(anonymous_8)
FNDA:0,(anonymous_9)
FNDA:0,(anonymous_10)
FNDA:0,(anonymous_11)
FNDA:0,(anonymous_12)
FNDA:0,(anonymous_13)
FNDA:0,(anonymous_14)
FNDA:0,(anonymous_15)
FNDA:0,(anonymous_16)
DA:21,0
DA:23,0
DA:34,0
DA:35,0
DA:37,0
DA:38,0
DA:39,0
DA:47,0
DA:54,0
DA:55,0
DA:57,0
DA:58,0
DA:59,0
DA:62,0
DA:63,0
DA:64,0
DA:67,0
DA:74,0
DA:75,0
DA:87,0
DA:88,0
DA:89,0
DA:93,0
DA:97,0
DA:98,0
DA:102,0
DA:105,0
DA:106,0
DA:108,0
DA:110,0
DA:111,0
DA:120,0
DA:121,0
DA:131,0
DA:132,0
DA:134,0
DA:135,0
DA:139,0
DA:147,0
DA:148,0
DA:154,0
DA:155,0
DA:159,0
DA:160,0
DA:161,0
DA:164,0
DA:173,0
LF:47
LH:0
BRDA:35,0,0,0
BRDA:35,1,0,0
BRDA:35,1,1,0
BRDA:55,2,0,0
BRDA:78,3,0,0
BRDA:78,3,1,0
BRDA:88,4,0,0
BRDA:88,5,0,0
BRDA:88,5,1,0
BRDA:97,6,0,0
BRDA:106,7,0,0
BRDA:106,7,1,0
BRDA:108,8,0,0
BRDA:108,8,1,0
BRDA:137,9,0,0
BRDA:137,9,1,0
BRDA:160,10,0,0
BRDA:160,10,1,0
BRF:18
BRH:0
end_of_record
TN:
SF:src/hooks/useComments.ts
FN:25,(anonymous_0)
FN:32,(anonymous_1)
FN:53,(anonymous_2)
FN:58,(anonymous_3)
FN:83,(anonymous_4)
FN:100,(anonymous_5)
FNF:6
FNH:0
FNDA:0,(anonymous_0)
FNDA:0,(anonymous_1)
FNDA:0,(anonymous_2)
FNDA:0,(anonymous_3)
FNDA:0,(anonymous_4)
FNDA:0,(anonymous_5)
DA:25,0
DA:26,0
DA:27,0
DA:28,0
DA:29,0
DA:32,0
DA:33,0
DA:34,0
DA:35,0
DA:36,0
DA:39,0
DA:40,0
DA:41,0
DA:42,0
DA:43,0
DA:45,0
DA:46,0
DA:48,0
DA:53,0
DA:54,0
DA:58,0
DA:59,0
DA:60,0
DA:63,0
DA:64,0
DA:75,0
DA:77,0
DA:78,0
DA:83,0
DA:84,0
DA:85,0
DA:88,0
DA:89,0
DA:92,0
DA:94,0
DA:95,0
DA:100,0
DA:101,0
DA:102,0
DA:105,0
DA:106,0
DA:109,0
DA:111,0
DA:112,0
DA:116,0
LF:45
LH:0
BRDA:33,0,0,0
BRDA:46,1,0,0
BRDA:46,1,1,0
BRDA:59,2,0,0
BRDA:59,3,0,0
BRDA:59,3,1,0
BRDA:68,4,0,0
BRDA:68,4,1,0
BRDA:84,5,0,0
BRDA:101,6,0,0
BRDA:101,7,0,0
BRDA:101,7,1,0
BRF:12
BRH:0
end_of_record
TN:
SF:src/hooks/usePosts.tsx
FN:16,(anonymous_0)
FN:31,(anonymous_1)
FN:32,(anonymous_2)
FN:43,(anonymous_3)
FN:44,(anonymous_4)
FN:60,(anonymous_5)
FN:64,(anonymous_6)
FN:80,(anonymous_7)
FN:81,(anonymous_8)
FN:119,(anonymous_9)
FNF:10
FNH:0
FNDA:0,(anonymous_0)
FNDA:0,(anonymous_1)
FNDA:0,(anonymous_2)
FNDA:0,(anonymous_3)
FNDA:0,(anonymous_4)
FNDA:0,(anonymous_5)
FNDA:0,(anonymous_6)
FNDA:0,(anonymous_7)
FNDA:0,(anonymous_8)
FNDA:0,(anonymous_9)
DA:16,0
DA:18,0
DA:20,0
DA:22,0
DA:24,0
DA:26,0
DA:28,0
DA:31,0
DA:32,0
DA:33,0
DA:34,0
DA:35,0
DA:36,0
DA:39,0
DA:40,0
DA:43,0
DA:44,0
DA:55,0
DA:56,0
DA:59,0
DA:60,0
DA:61,0
DA:64,0
DA:65,0
DA:66,0
DA:69,0
DA:70,0
DA:72,0
DA:76,0
DA:80,0
DA:81,0
DA:83,0
DA:84,0
DA:85,0
DA:88,0
DA:89,0
DA:90,0
DA:92,0
DA:93,0
DA:95,0
DA:96,0
DA:97,0
DA:98,0
DA:99,0
DA:100,0
DA:102,0
DA:103,0
DA:105,0
DA:106,0
DA:108,0
DA:109,0
DA:111,0
DA:115,0
DA:119,0
DA:121,0
DA:122,0
DA:123,0
DA:125,0
DA:126,0
DA:128,0
DA:130,0
DA:131,0
DA:132,0
DA:133,0
DA:135,0
DA:137,0
DA:138,0
DA:139,0
DA:141,0
DA:142,0
DA:143,0
DA:145,0
DA:150,0
LF:73
LH:0
BRDA:47,0,0,0
BRDA:47,0,1,0
BRDA:50,1,0,0
BRDA:50,1,1,0
BRDA:51,2,0,0
BRDA:51,2,1,0
BRDA:60,3,0,0
BRDA:60,3,1,0
BRDA:70,4,0,0
BRDA:70,4,1,0
BRDA:83,5,0,0
BRDA:95,6,0,0
BRDA:95,6,1,0
BRDA:98,7,0,0
BRDA:98,7,1,0
BRDA:98,8,0,0
BRDA:98,8,1,0
BRDA:109,9,0,0
BRDA:109,9,1,0
BRDA:130,10,0,0
BRDA:130,10,1,0
BRDA:132,11,0,0
BRDA:132,11,1,0
BRDA:132,12,0,0
BRDA:132,12,1,0
BRDA:142,13,0,0
BRDA:142,13,1,0
BRF:27
BRH:0
end_of_record
TN:
SF:src/services/ErrorService.ts
FN:7,(anonymous_0)
FN:38,(anonymous_1)
FN:75,(anonymous_2)
FN:89,(anonymous_3)
FN:103,(anonymous_4)
FN:119,(anonymous_5)
FN:127,(anonymous_6)
FN:137,(anonymous_7)
FN:149,(anonymous_8)
FN:162,(anonymous_9)
FN:175,(anonymous_10)
FNF:11
FNH:10
FNDA:2,(anonymous_0)
FNDA:13,(anonymous_1)
FNDA:1,(anonymous_2)
FNDA:1,(anonymous_3)
FNDA:2,(anonymous_4)
FNDA:1,(anonymous_5)
FNDA:0,(anonymous_6)
FNDA:1,(anonymous_7)
FNDA:2,(anonymous_8)
FNDA:2,(anonymous_9)
FNDA:1,(anonymous_10)
DA:7,2
DA:8,2
DA:9,2
DA:10,2
DA:11,2
DA:12,2
DA:13,2
DA:14,2
DA:15,2
DA:16,2
DA:40,13
DA:53,13
DA:63,13
DA:76,1
DA:90,1
DA:104,2
DA:108,2
DA:120,1
DA:128,0
DA:138,1
DA:150,2
DA:154,2
DA:163,2
DA:167,2
DA:177,1
DA:178,1
DA:180,1
DA:188,2
DA:189,2
LF:29
LH:28
BRDA:7,0,0,2
BRDA:7,0,1,2
BRDA:64,1,0,13
BRDA:64,1,1,2
BRDA:65,2,0,13
BRDA:65,2,1,8
BRDA:93,3,0,1
BRDA:93,3,1,1
BRDA:104,4,0,1
BRDA:104,4,1,1
BRDA:150,5,0,1
BRDA:150,5,1,1
BRDA:163,6,0,1
BRDA:163,6,1,1
BRDA:178,7,0,0
BRDA:178,7,1,1
BRDA:178,8,0,1
BRDA:178,8,1,0
BRF:18
BRH:16
end_of_record
TN:
SF:src/services/KeyboardShortcutsService.ts
FN:21,(anonymous_0)
FN:113,(anonymous_1)
FN:124,(anonymous_2)
FN:29,(anonymous_3)
FN:31,(anonymous_4)
FN:60,(anonymous_5)
FN:68,(anonymous_6)
FN:86,(anonymous_7)
FN:93,(anonymous_8)
FN:103,(anonymous_9)
FN:144,(anonymous_10)
FNF:11
FNH:9
FNDA:1,(anonymous_0)
FNDA:0,(anonymous_1)
FNDA:0,(anonymous_2)
FNDA:4,(anonymous_3)
FNDA:1,(anonymous_4)
FNDA:3,(anonymous_5)
FNDA:3,(anonymous_6)
FNDA:8,(anonymous_7)
FNDA:3,(anonymous_8)
FNDA:3,(anonymous_9)
FNDA:3,(anonymous_10)
DA:21,1
DA:22,1
DA:23,1
DA:31,4
DA:32,1
DA:40,4
DA:41,1
DA:43,3
DA:47,4
DA:48,3
DA:68,3
DA:69,3
DA:77,3
DA:78,3
DA:87,8
DA:94,3
DA:96,3
DA:97,3
DA:104,3
DA:106,3
DA:107,3
DA:113,1
DA:115,0
DA:120,0
DA:124,0
DA:125,0
DA:133,0
DA:134,0
DA:135,0
DA:145,3
DA:147,3
DA:148,3
DA:149,3
DA:150,3
DA:152,3
DA:154,3
DA:159,1
DA:160,1
LF:38
LH:31
BRDA:115,0,0,0
BRDA:116,1,0,0
BRDA:116,1,1,0
BRDA:116,1,2,0
BRDA:125,2,0,0
BRDA:125,2,1,0
BRDA:125,2,2,0
BRDA:125,2,3,0
BRDA:125,2,4,0
BRDA:133,3,0,0
BRDA:32,4,0,1
BRDA:32,4,1,1
BRDA:32,4,2,1
BRDA:32,4,3,1
BRDA:32,4,4,1
BRDA:40,5,0,1
BRDA:40,5,1,3
BRDA:47,6,0,3
BRDA:62,7,0,3
BRDA:63,8,0,3
BRDA:64,9,0,3
BRDA:65,10,0,3
BRDA:69,11,0,3
BRDA:69,11,1,3
BRDA:69,11,2,3
BRDA:69,11,3,3
BRDA:69,11,4,3
BRDA:77,12,0,3
BRDA:94,13,0,0
BRDA:104,14,0,0
BRDA:147,15,0,2
BRDA:148,16,0,1
BRDA:149,17,0,1
BRDA:150,18,0,0
BRDA:150,19,0,0
BRDA:150,19,1,0
BRDA:152,20,0,2
BRDA:152,20,1,1
BRF:38
BRH:23
end_of_record
TN:
SF:src/services/admin/auth.ts
FN:16,(anonymous_0)
FN:24,(anonymous_1)
FN:33,(anonymous_2)
FN:51,(anonymous_3)
FN:99,(anonymous_4)
FN:114,(anonymous_5)
FN:143,(anonymous_6)
FN:181,(anonymous_7)
FN:215,(anonymous_8)
FNF:9
FNH:0
FNDA:0,(anonymous_0)
FNDA:0,(anonymous_1)
FNDA:0,(anonymous_2)
FNDA:0,(anonymous_3)
FNDA:0,(anonymous_4)
FNDA:0,(anonymous_5)
FNDA:0,(anonymous_6)
FNDA:0,(anonymous_7)
FNDA:0,(anonymous_8)
DA:8,0
DA:9,0
DA:15,0
DA:17,0
DA:18,0
DA:20,0
DA:21,0
DA:25,0
DA:26,0
DA:27,0
DA:29,0
DA:30,0
DA:34,0
DA:35,0
DA:36,0
DA:38,0
DA:39,0
DA:51,0
DA:52,0
DA:54,0
DA:55,0
DA:58,0
DA:59,0
DA:60,0
DA:64,0
DA:65,0
DA:66,0
DA:69,0
DA:77,0
DA:78,0
DA:79,0
DA:80,0
DA:83,0
DA:84,0
DA:87,0
DA:88,0
DA:90,0
DA:91,0
DA:99,0
DA:100,0
DA:101,0
DA:102,0
DA:104,0
DA:114,0
DA:115,0
DA:117,0
DA:124,0
DA:125,0
DA:126,0
DA:127,0
DA:129,0
DA:130,0
DA:133,0
DA:134,0
DA:143,0
DA:144,0
DA:146,0
DA:148,0
DA:149,0
DA:152,0
DA:155,0
DA:162,0
DA:163,0
DA:164,0
DA:165,0
DA:168,0
DA:170,0
DA:171,0
DA:172,0
DA:181,0
DA:182,0
DA:183,0
DA:185,0
DA:186,0
DA:189,0
DA:190,0
DA:192,0
DA:197,0
DA:198,0
DA:199,0
DA:200,0
DA:203,0
DA:205,0
DA:206,0
DA:215,0
DA:216,0
DA:217,0
DA:219,0
DA:220,0
LF:89
LH:0
BRDA:58,0,0,0
BRDA:58,1,0,0
BRDA:58,1,1,0
BRDA:64,2,0,0
BRDA:64,3,0,0
BRDA:64,3,1,0
BRDA:78,4,0,0
BRDA:125,5,0,0
BRDA:125,5,1,0
BRDA:148,6,0,0
BRDA:162,7,0,0
BRDA:185,8,0,0
BRDA:198,9,0,0
BRF:13
BRH:0
end_of_record
TN:
SF:src/services/admin/backup.ts
FN:33,(anonymous_0)
FN:43,(anonymous_1)
FN:54,(anonymous_2)
FN:67,(anonymous_3)
FN:93,(anonymous_4)
FN:100,(anonymous_5)
FN:126,(anonymous_6)
FN:133,(anonymous_7)
FN:179,(anonymous_8)
FN:184,(anonymous_9)
FN:202,(anonymous_10)
FN:238,(anonymous_11)
FN:257,(anonymous_12)
FN:386,(anonymous_13)
FN:420,(anonymous_14)
FN:465,(anonymous_15)
FN:483,(anonymous_16)
FNF:17
FNH:0
FNDA:0,(anonymous_0)
FNDA:0,(anonymous_1)
FNDA:0,(anonymous_2)
FNDA:0,(anonymous_3)
FNDA:0,(anonymous_4)
FNDA:0,(anonymous_5)
FNDA:0,(anonymous_6)
FNDA:0,(anonymous_7)
FNDA:0,(anonymous_8)
FNDA:0,(anonymous_9)
FNDA:0,(anonymous_10)
FNDA:0,(anonymous_11)
FNDA:0,(anonymous_12)
FNDA:0,(anonymous_13)
FNDA:0,(anonymous_14)
FNDA:0,(anonymous_15)
FNDA:0,(anonymous_16)
DA:23,0
DA:24,0
DA:25,0
DA:26,0
DA:27,0
DA:30,0
DA:33,0
DA:34,0
DA:35,0
DA:36,0
DA:43,0
DA:44,0
DA:45,0
DA:54,0
DA:55,0
DA:56,0
DA:57,0
DA:59,0
DA:67,0
DA:68,0
DA:70,0
DA:72,0
DA:75,0
DA:76,0
DA:77,0
DA:81,0
DA:83,0
DA:84,0
DA:93,0
DA:94,0
DA:97,0
DA:99,0
DA:100,0
DA:104,0
DA:105,0
DA:109,0
DA:110,0
DA:111,0
DA:112,0
DA:115,0
DA:118,0
DA:126,0
DA:127,0
DA:130,0
DA:132,0
DA:133,0
DA:137,0
DA:138,0
DA:139,0
DA:141,0
DA:142,0
DA:143,0
DA:145,0
DA:146,0
DA:150,0
DA:154,0
DA:158,0
DA:160,0
DA:161,0
DA:162,0
DA:163,0
DA:165,0
DA:166,0
DA:171,0
DA:179,0
DA:180,0
DA:181,0
DA:182,0
DA:184,0
DA:185,0
DA:186,0
DA:192,0
DA:193,0
DA:202,0
DA:207,0
DA:209,0
DA:213,0
DA:215,0
DA:218,0
DA:219,0
DA:221,0
DA:222,0
DA:226,0
DA:227,0
DA:228,0
DA:232,0
DA:238,0
DA:244,0
DA:246,0
DA:247,0
DA:257,0
DA:271,0
DA:273,0
DA:275,0
DA:280,0
DA:285,0
DA:286,0
DA:287,0
DA:293,0
DA:297,0
DA:298,0
DA:301,0
DA:302,0
DA:305,0
DA:307,0
DA:308,0
DA:309,0
DA:312,0
DA:313,0
DA:316,0
DA:317,0
DA:318,0
DA:319,0
DA:321,0
DA:322,0
DA:327,0
DA:328,0
DA:330,0
DA:331,0
DA:333,0
DA:334,0
DA:337,0
DA:338,0
DA:339,0
DA:340,0
DA:341,0
DA:347,0
DA:348,0
DA:350,0
DA:352,0
DA:353,0
DA:357,0
DA:360,0
DA:361,0
DA:368,0
DA:369,0
DA:372,0
DA:373,0
DA:374,0
DA:379,0
DA:380,0
DA:382,0
DA:386,0
DA:387,0
DA:388,0
DA:391,0
DA:401,0
DA:403,0
DA:420,0
DA:422,0
DA:425,0
DA:428,0
DA:429,0
DA:431,0
DA:432,0
DA:434,0
DA:438,0
DA:439,0
DA:441,0
DA:442,0
DA:444,0
DA:448,0
DA:449,0
DA:451,0
DA:455,0
DA:458,0
DA:465,0
DA:466,0
DA:467,0
DA:468,0
DA:470,0
DA:471,0
DA:473,0
DA:474,0
DA:477,0
DA:478,0
DA:482,0
DA:483,0
DA:484,0
DA:487,0
DA:488,0
DA:491,0
DA:492,0
DA:496,0
DA:499,0
LF:185
LH:0
BRDA:34,0,0,0
BRDA:34,0,1,0
BRDA:44,1,0,0
BRDA:55,2,0,0
BRDA:56,3,0,0
BRDA:68,4,0,0
BRDA:75,5,0,0
BRDA:94,6,0,0
BRDA:97,7,0,0
BRDA:97,8,0,0
BRDA:97,8,1,0
BRDA:99,9,0,0
BRDA:104,10,0,0
BRDA:111,11,0,0
BRDA:127,12,0,0
BRDA:130,13,0,0
BRDA:130,14,0,0
BRDA:130,14,1,0
BRDA:132,15,0,0
BRDA:139,16,0,0
BRDA:141,17,0,0
BRDA:141,17,1,0
BRDA:141,18,0,0
BRDA:141,18,1,0
BRDA:141,18,2,0
BRDA:141,18,3,0
BRDA:158,19,0,0
BRDA:161,20,0,0
BRDA:202,21,0,0
BRDA:211,22,0,0
BRDA:212,23,0,0
BRDA:219,24,0,0
BRDA:219,25,0,0
BRDA:219,25,1,0
BRDA:226,26,0,0
BRDA:226,27,0,0
BRDA:226,27,1,0
BRDA:259,28,0,0
BRDA:277,29,0,0
BRDA:278,30,0,0
BRDA:279,31,0,0
BRDA:288,32,0,0
BRDA:288,32,1,0
BRDA:289,33,0,0
BRDA:289,33,1,0
BRDA:290,34,0,0
BRDA:290,34,1,0
BRDA:297,35,0,0
BRDA:297,36,0,0
BRDA:297,36,1,0
BRDA:307,37,0,0
BRDA:316,38,0,0
BRDA:337,39,0,0
BRDA:339,40,0,0
BRDA:360,41,0,0
BRDA:360,42,0,0
BRDA:360,42,1,0
BRDA:363,43,0,0
BRDA:363,43,1,0
BRDA:374,44,0,0
BRDA:374,44,1,0
BRDA:387,45,0,0
BRDA:393,46,0,0
BRDA:393,46,1,0
BRDA:397,47,0,0
BRDA:397,47,1,0
BRDA:405,48,0,0
BRDA:405,48,1,0
BRDA:425,49,0,0
BRDA:425,49,1,0
BRDA:425,49,2,0
BRDA:425,49,3,0
BRDA:428,50,0,0
BRDA:428,51,0,0
BRDA:428,51,1,0
BRDA:431,52,0,0
BRDA:431,53,0,0
BRDA:431,53,1,0
BRDA:438,54,0,0
BRDA:438,55,0,0
BRDA:438,55,1,0
BRDA:441,56,0,0
BRDA:441,57,0,0
BRDA:441,57,1,0
BRDA:448,58,0,0
BRDA:448,59,0,0
BRDA:448,59,1,0
BRDA:477,60,0,0
BRDA:491,61,0,0
BRF:89
BRH:0
end_of_record
TN:
SF:src/services/admin/categories.ts
FN:42,(anonymous_0)
FN:43,(anonymous_1)
FN:60,(anonymous_2)
FN:83,(anonymous_3)
FN:93,(anonymous_4)
FN:138,(anonymous_5)
FN:209,(anonymous_6)
FN:214,(anonymous_7)
FN:276,(anonymous_8)
FN:305,(anonymous_9)
FN:312,(anonymous_10)
FN:373,(anonymous_11)
FN:395,(anonymous_12)
FN:402,(anonymous_13)
FN:411,(anonymous_14)
FN:420,(anonymous_15)
FN:466,(anonymous_16)
FN:486,(anonymous_17)
FN:487,(anonymous_18)
FNF:19
FNH:0
FNDA:0,(anonymous_0)
FNDA:0,(anonymous_1)
FNDA:0,(anonymous_2)
FNDA:0,(anonymous_3)
FNDA:0,(anonymous_4)
FNDA:0,(anonymous_5)
FNDA:0,(anonymous_6)
FNDA:0,(anonymous_7)
FNDA:0,(anonymous_8)
FNDA:0,(anonymous_9)
FNDA:0,(anonymous_10)
FNDA:0,(anonymous_11)
FNDA:0,(anonymous_12)
FNDA:0,(anonymous_13)
FNDA:0,(anonymous_14)
FNDA:0,(anonymous_15)
FNDA:0,(anonymous_16)
FNDA:0,(anonymous_17)
FNDA:0,(anonymous_18)
DA:23,0
DA:24,0
DA:25,0
DA:28,0
DA:29,0
DA:30,0
DA:33,0
DA:42,0
DA:43,0
DA:45,0
DA:47,0
DA:48,0
DA:50,0
DA:51,0
DA:60,0
DA:61,0
DA:62,0
DA:64,0
DA:65,0
DA:67,0
DA:83,0
DA:84,0
DA:85,0
DA:93,0
DA:94,0
DA:96,0
DA:97,0
DA:98,0
DA:101,0
DA:102,0
DA:104,0
DA:105,0
DA:108,0
DA:109,0
DA:111,0
DA:114,0
DA:115,0
DA:116,0
DA:117,0
DA:118,0
DA:121,0
DA:122,0
DA:126,0
DA:130,0
DA:138,0
DA:140,0
DA:142,0
DA:144,0
DA:145,0
DA:146,0
DA:149,0
DA:156,0
DA:157,0
DA:160,0
DA:163,0
DA:166,0
DA:168,0
DA:169,0
DA:172,0
DA:173,0
DA:178,0
DA:181,0
DA:186,0
DA:187,0
DA:190,0
DA:195,0
DA:196,0
DA:198,0
DA:199,0
DA:203,0
DA:204,0
DA:206,0
DA:209,0
DA:210,0
DA:214,0
DA:215,0
DA:219,0
DA:225,0
DA:226,0
DA:229,0
DA:232,0
DA:235,0
DA:240,0
DA:241,0
DA:244,0
DA:247,0
DA:250,0
DA:251,0
DA:252,0
DA:253,0
DA:254,0
DA:257,0
DA:258,0
DA:262,0
DA:266,0
DA:276,0
DA:282,0
DA:284,0
DA:286,0
DA:287,0
DA:288,0
DA:291,0
DA:295,0
DA:297,0
DA:298,0
DA:301,0
DA:302,0
DA:305,0
DA:307,0
DA:308,0
DA:312,0
DA:313,0
DA:314,0
DA:318,0
DA:321,0
DA:324,0
DA:330,0
DA:331,0
DA:335,0
DA:338,0
DA:343,0
DA:346,0
DA:349,0
DA:350,0
DA:351,0
DA:352,0
DA:353,0
DA:356,0
DA:357,0
DA:361,0
DA:365,0
DA:373,0
DA:375,0
DA:377,0
DA:379,0
DA:380,0
DA:381,0
DA:384,0
DA:385,0
DA:387,0
DA:388,0
DA:391,0
DA:392,0
DA:395,0
DA:397,0
DA:398,0
DA:402,0
DA:404,0
DA:408,0
DA:411,0
DA:412,0
DA:414,0
DA:415,0
DA:416,0
DA:420,0
DA:421,0
DA:422,0
DA:430,0
DA:435,0
DA:436,0
DA:439,0
DA:442,0
DA:443,0
DA:444,0
DA:445,0
DA:446,0
DA:449,0
DA:450,0
DA:454,0
DA:458,0
DA:466,0
DA:468,0
DA:470,0
DA:472,0
DA:473,0
DA:474,0
DA:477,0
DA:478,0
DA:480,0
DA:481,0
DA:485,0
DA:486,0
DA:487,0
DA:490,0
DA:491,0
DA:492,0
DA:497,0
DA:498,0
DA:499,0
DA:504,0
DA:509,0
DA:511,0
DA:514,0
DA:515,0
DA:516,0
DA:517,0
DA:518,0
DA:521,0
DA:522,0
DA:526,0
DA:530,0
LF:201
LH:0
BRDA:61,0,0,0
BRDA:64,1,0,0
BRDA:84,2,0,0
BRDA:104,3,0,0
BRDA:109,4,0,0
BRDA:109,4,1,0
BRDA:115,5,0,0
BRDA:115,6,0,0
BRDA:115,6,1,0
BRDA:121,7,0,0
BRDA:156,8,0,0
BRDA:168,9,0,0
BRDA:186,10,0,0
BRDA:204,11,0,0
BRDA:204,11,1,0
BRDA:209,12,0,0
BRDA:214,13,0,0
BRDA:225,14,0,0
BRDA:240,15,0,0
BRDA:240,15,1,0
BRDA:251,16,0,0
BRDA:251,17,0,0
BRDA:251,17,1,0
BRDA:257,18,0,0
BRDA:297,19,0,0
BRDA:302,20,0,0
BRDA:302,20,1,0
BRDA:307,21,0,0
BRDA:312,22,0,0
BRDA:313,23,0,0
BRDA:313,23,1,0
BRDA:330,24,0,0
BRDA:331,25,0,0
BRDA:331,25,1,0
BRDA:350,26,0,0
BRDA:350,27,0,0
BRDA:350,27,1,0
BRDA:356,28,0,0
BRDA:387,29,0,0
BRDA:392,30,0,0
BRDA:392,30,1,0
BRDA:397,31,0,0
BRDA:412,32,0,0
BRDA:412,32,1,0
BRDA:414,33,0,0
BRDA:415,34,0,0
BRDA:443,35,0,0
BRDA:443,36,0,0
BRDA:443,36,1,0
BRDA:449,37,0,0
BRDA:480,38,0,0
BRDA:485,39,0,0
BRDA:485,39,1,0
BRDA:491,40,0,0
BRDA:498,41,0,0
BRDA:515,42,0,0
BRDA:515,43,0,0
BRDA:515,43,1,0
BRDA:521,44,0,0
BRF:59
BRH:0
end_of_record
TN:
SF:src/services/admin/posts.ts
FN:44,(anonymous_0)
FN:55,(anonymous_1)
FN:84,(anonymous_2)
FN:98,(anonymous_3)
FN:163,(anonymous_4)
FN:170,(anonymous_5)
FN:199,(anonymous_6)
FN:242,(anonymous_7)
FN:295,(anonymous_8)
FN:308,(anonymous_9)
FN:320,(anonymous_10)
FN:335,(anonymous_11)
FN:371,(anonymous_12)
FN:389,(anonymous_13)
FN:396,(anonymous_14)
FN:400,(anonymous_15)
FN:407,(anonymous_16)
FN:409,(anonymous_17)
FN:416,(anonymous_18)
FN:423,(anonymous_19)
FN:450,(anonymous_20)
FNF:21
FNH:0
FNDA:0,(anonymous_0)
FNDA:0,(anonymous_1)
FNDA:0,(anonymous_2)
FNDA:0,(anonymous_3)
FNDA:0,(anonymous_4)
FNDA:0,(anonymous_5)
FNDA:0,(anonymous_6)
FNDA:0,(anonymous_7)
FNDA:0,(anonymous_8)
FNDA:0,(anonymous_9)
FNDA:0,(anonymous_10)
FNDA:0,(anonymous_11)
FNDA:0,(anonymous_12)
FNDA:0,(anonymous_13)
FNDA:0,(anonymous_14)
FNDA:0,(anonymous_15)
FNDA:0,(anonymous_16)
FNDA:0,(anonymous_17)
FNDA:0,(anonymous_18)
FNDA:0,(anonymous_19)
FNDA:0,(anonymous_20)
DA:31,0
DA:32,0
DA:35,0
DA:38,0
DA:44,0
DA:45,0
DA:46,0
DA:55,0
DA:56,0
DA:58,0
DA:84,0
DA:85,0
DA:98,0
DA:111,0
DA:113,0
DA:125,0
DA:128,0
DA:129,0
DA:132,0
DA:133,0
DA:136,0
DA:137,0
DA:140,0
DA:141,0
DA:145,0
DA:146,0
DA:147,0
DA:148,0
DA:149,0
DA:153,0
DA:154,0
DA:157,0
DA:160,0
DA:163,0
DA:164,0
DA:165,0
DA:169,0
DA:171,0
DA:178,0
DA:179,0
DA:181,0
DA:189,0
DA:190,0
DA:199,0
DA:201,0
DA:203,0
DA:204,0
DA:205,0
DA:207,0
DA:208,0
DA:212,0
DA:213,0
DA:216,0
DA:220,0
DA:222,0
DA:229,0
DA:230,0
DA:242,0
DA:249,0
DA:251,0
DA:252,0
DA:253,0
DA:255,0
DA:256,0
DA:260,0
DA:266,0
DA:267,0
DA:271,0
DA:274,0
DA:275,0
DA:278,0
DA:281,0
DA:282,0
DA:284,0
DA:286,0
DA:287,0
DA:295,0
DA:297,0
DA:299,0
DA:300,0
DA:301,0
DA:303,0
DA:304,0
DA:308,0
DA:310,0
DA:313,0
DA:317,0
DA:320,0
DA:321,0
DA:325,0
DA:326,0
DA:335,0
DA:337,0
DA:339,0
DA:340,0
DA:343,0
DA:344,0
DA:345,0
DA:348,0
DA:349,0
DA:350,0
DA:352,0
DA:353,0
DA:354,0
DA:359,0
DA:362,0
DA:363,0
DA:367,0
DA:369,0
DA:370,0
DA:371,0
DA:372,0
DA:374,0
DA:378,0
DA:380,0
DA:381,0
DA:389,0
DA:391,0
DA:393,0
DA:395,0
DA:396,0
DA:399,0
DA:400,0
DA:401,0
DA:402,0
DA:406,0
DA:407,0
DA:408,0
DA:409,0
DA:410,0
DA:415,0
DA:416,0
DA:417,0
DA:418,0
DA:422,0
DA:423,0
DA:424,0
DA:425,0
DA:426,0
DA:427,0
DA:431,0
DA:439,0
DA:440,0
DA:450,0
DA:454,0
DA:455,0
DA:458,0
DA:460,0
DA:463,0
DA:466,0
DA:482,0
DA:485,0
DA:487,0
DA:488,0
DA:492,0
DA:493,0
DA:511,0
DA:513,0
DA:514,0
LF:159
LH:0
BRDA:45,0,0,0
BRDA:60,1,0,0
BRDA:60,1,1,0
BRDA:61,2,0,0
BRDA:61,2,1,0
BRDA:62,3,0,0
BRDA:62,3,1,0
BRDA:64,4,0,0
BRDA:64,4,1,0
BRDA:66,5,0,0
BRDA:66,5,1,0
BRDA:67,6,0,0
BRDA:67,6,1,0
BRDA:68,7,0,0
BRDA:68,7,1,0
BRDA:69,8,0,0
BRDA:69,8,1,0
BRDA:70,9,0,0
BRDA:70,9,1,0
BRDA:71,10,0,0
BRDA:71,10,1,0
BRDA:72,11,0,0
BRDA:72,11,1,0
BRDA:89,12,0,0
BRDA:89,12,1,0
BRDA:98,13,0,0
BRDA:115,14,0,0
BRDA:117,15,0,0
BRDA:118,16,0,0
BRDA:132,17,0,0
BRDA:136,18,0,0
BRDA:140,19,0,0
BRDA:145,20,0,0
BRDA:145,21,0,0
BRDA:145,21,1,0
BRDA:153,22,0,0
BRDA:169,23,0,0
BRDA:169,23,1,0
BRDA:171,24,0,0
BRDA:171,24,1,0
BRDA:171,24,2,0
BRDA:190,25,0,0
BRDA:190,25,1,0
BRDA:207,26,0,0
BRDA:226,27,0,0
BRDA:226,27,1,0
BRDA:230,28,0,0
BRDA:230,28,1,0
BRDA:255,29,0,0
BRDA:266,30,0,0
BRDA:274,31,0,0
BRDA:274,31,1,0
BRDA:287,32,0,0
BRDA:287,32,1,0
BRDA:303,33,0,0
BRDA:326,34,0,0
BRDA:326,34,1,0
BRDA:339,35,0,0
BRDA:352,36,0,0
BRDA:369,37,0,0
BRDA:381,38,0,0
BRDA:381,38,1,0
BRDA:401,39,0,0
BRDA:401,39,1,0
BRDA:402,40,0,0
BRDA:402,40,1,0
BRDA:408,41,0,0
BRDA:408,41,1,0
BRDA:410,42,0,0
BRDA:410,42,1,0
BRDA:417,43,0,0
BRDA:417,43,1,0
BRDA:418,44,0,0
BRDA:418,44,1,0
BRDA:424,45,0,0
BRDA:427,46,0,0
BRDA:427,46,1,0
BRDA:440,47,0,0
BRDA:440,47,1,0
BRDA:454,48,0,0
BRDA:467,49,0,0
BRDA:467,49,1,0
BRDA:468,50,0,0
BRDA:468,50,1,0
BRDA:469,51,0,0
BRDA:469,51,1,0
BRDA:470,52,0,0
BRDA:470,52,1,0
BRDA:487,53,0,0
BRDA:495,54,0,0
BRDA:495,54,1,0
BRDA:496,55,0,0
BRDA:496,55,1,0
BRDA:497,56,0,0
BRDA:497,56,1,0
BRDA:499,57,0,0
BRDA:499,57,1,0
BRDA:501,58,0,0
BRDA:501,58,1,0
BRDA:502,59,0,0
BRDA:502,59,1,0
BRDA:503,60,0,0
BRDA:503,60,1,0
BRDA:504,61,0,0
BRDA:504,61,1,0
BRDA:505,62,0,0
BRDA:505,62,1,0
BRDA:506,63,0,0
BRDA:506,63,1,0
BRDA:514,64,0,0
BRDA:514,64,1,0
BRF:111
BRH:0
end_of_record
TN:
SF:src/services/commands/CommandAutoCompleteService.ts
FN:19,(anonymous_0)
FN:40,(anonymous_1)
FN:48,(anonymous_2)
FN:49,(anonymous_3)
FN:57,(anonymous_4)
FN:81,(anonymous_5)
FN:92,(anonymous_6)
FN:120,(anonymous_7)
FNF:8
FNH:8
FNDA:10,(anonymous_0)
FNDA:8,(anonymous_1)
FNDA:16,(anonymous_2)
FNDA:24,(anonymous_3)
FNDA:48,(anonymous_4)
FNDA:1,(anonymous_5)
FNDA:4,(anonymous_6)
FNDA:2,(anonymous_7)
DA:6,1
DA:7,1
DA:20,10
DA:23,9
DA:24,9
DA:27,9
DA:28,8
DA:32,1
DA:41,8
DA:44,8
DA:45,8
DA:48,8
DA:49,16
DA:51,24
DA:52,9
DA:56,24
DA:57,24
DA:58,48
DA:59,6
DA:67,8
DA:70,8
DA:72,8
DA:84,1
DA:93,4
DA:95,4
DA:96,1
DA:100,3
DA:101,1
DA:105,2
DA:108,2
DA:109,1
DA:112,1
DA:121,2
DA:122,2
DA:124,2
DA:126,2
DA:127,2
DA:128,2
DA:129,6
DA:131,2
DA:132,2
DA:135,2
DA:140,1
DA:141,1
LF:44
LH:44
BRDA:20,0,0,1
BRDA:27,1,0,8
BRDA:41,2,0,0
BRDA:51,3,0,9
BRDA:56,4,0,24
BRDA:58,5,0,6
BRDA:95,6,0,1
BRDA:100,7,0,1
BRDA:108,8,0,1
BRDA:121,9,0,0
BRDA:122,10,0,0
BRDA:128,11,0,8
BRDA:128,11,1,8
BRDA:128,11,2,8
BRDA:132,12,0,0
BRF:15
BRH:11
end_of_record
TN:
SF:src/services/commands/CommandHistoryService.ts
FN:17,(anonymous_0)
FN:24,(anonymous_1)
FN:39,(anonymous_2)
FN:51,(anonymous_3)
FN:56,(anonymous_4)
FN:74,(anonymous_5)
FN:83,(anonymous_6)
FN:85,(anonymous_7)
FN:91,(anonymous_8)
FNF:9
FNH:9
FNDA:3,(anonymous_0)
FNDA:3,(anonymous_1)
FNDA:28,(anonymous_2)
FNDA:22,(anonymous_3)
FNDA:58,(anonymous_4)
FNDA:4,(anonymous_5)
FNDA:3,(anonymous_6)
FNDA:12,(anonymous_7)
FNDA:6,(anonymous_8)
DA:7,3
DA:8,3
DA:15,3
DA:18,3
DA:25,3
DA:26,3
DA:27,3
DA:28,0
DA:31,0
DA:32,0
DA:40,28
DA:41,28
DA:43,0
DA:53,22
DA:56,58
DA:59,22
DA:62,22
DA:63,0
DA:67,22
DA:75,4
DA:84,3
DA:85,12
DA:92,6
DA:93,6
DA:98,3
DA:99,3
LF:26
LH:21
BRDA:27,0,0,0
BRDA:53,1,0,0
BRDA:62,2,0,0
BRDA:84,3,0,0
BRF:4
BRH:0
end_of_record
TN:
SF:src/services/commands/CommandProcessor.ts
FN:23,(anonymous_0)
FN:97,(anonymous_1)
FNF:2
FNH:2
FNDA:6,(anonymous_0)
FNDA:5,(anonymous_1)
DA:6,1
DA:7,1
DA:8,1
DA:30,6
DA:32,6
DA:33,1
DA:37,5
DA:40,5
DA:43,5
DA:46,5
DA:47,1
DA:48,1
DA:53,1
DA:57,4
DA:58,1
DA:59,1
DA:64,1
DA:68,3
DA:77,3
DA:81,1
DA:83,1
DA:84,1
DA:99,5
DA:100,5
DA:101,5
DA:103,5
DA:104,88
DA:106,88
DA:107,2
DA:108,86
DA:109,4
DA:110,4
DA:111,4
DA:114,82
DA:118,5
DA:119,5
DA:123,5
DA:124,5
DA:126,5
DA:131,1
DA:132,1
LF:41
LH:41
BRDA:27,0,0,5
BRDA:32,1,0,1
BRDA:46,2,0,1
BRDA:57,3,0,1
BRDA:57,4,0,4
BRDA:57,4,1,1
BRDA:106,5,0,2
BRDA:106,5,1,86
BRDA:108,6,0,4
BRDA:108,6,1,82
BRDA:108,7,0,86
BRDA:108,7,1,5
BRDA:109,8,0,4
BRDA:118,9,0,5
BRDA:123,10,0,5
BRDA:123,10,1,0
BRF:16
BRH:15
end_of_record
TN:
SF:src/services/commands/CommandRegistry.ts
FN:7,(anonymous_0)
FN:22,(anonymous_1)
FN:28,(anonymous_2)
FN:44,(anonymous_3)
FN:45,(anonymous_4)
FN:55,(anonymous_5)
FN:70,(anonymous_6)
FN:78,(anonymous_7)
FN:86,(anonymous_8)
FNF:9
FNH:1
FNDA:2,(anonymous_0)
FNDA:0,(anonymous_1)
FNDA:0,(anonymous_2)
FNDA:0,(anonymous_3)
FNDA:0,(anonymous_4)
FNDA:0,(anonymous_5)
FNDA:0,(anonymous_6)
FNDA:0,(anonymous_7)
FNDA:0,(anonymous_8)
DA:9,2
DA:12,2
DA:15,2
DA:24,0
DA:27,0
DA:28,0
DA:29,0
DA:34,0
DA:35,0
DA:36,0
DA:45,0
DA:46,0
DA:57,0
DA:58,0
DA:61,0
DA:62,0
DA:71,0
DA:79,0
DA:87,0
DA:92,2
DA:93,2
LF:21
LH:5
BRDA:22,0,0,0
BRDA:27,1,0,0
BRDA:34,2,0,0
BRDA:34,2,1,0
BRDA:44,3,0,0
BRDA:58,4,0,0
BRDA:62,5,0,0
BRDA:62,5,1,0
BRDA:71,6,0,0
BRDA:71,6,1,0
BRF:10
BRH:0
end_of_record
TN:
SF:src/services/commands/initCommands.ts
FN:16,initializeCommands
FNF:1
FNH:0
FNDA:0,initializeCommands
DA:17,0
DA:20,0
DA:23,0
DA:26,0
DA:29,0
DA:32,0
DA:35,0
DA:39,0
LF:8
LH:0
BRF:0
BRH:0
end_of_record
TN:
SF:src/services/commands/authCommands/LoginCommand.ts
FN:20,(anonymous_0)
FNF:1
FNH:0
FNDA:0,(anonymous_0)
DA:11,0
DA:21,0
DA:24,0
DA:25,0
DA:29,0
DA:33,0
DA:35,0
DA:36,0
DA:44,0
DA:45,0
DA:47,0
DA:48,0
DA:55,0
DA:57,0
DA:58,0
DA:66,0
DA:67,0
DA:75,0
LF:18
LH:0
BRDA:24,0,0,0
BRDA:33,1,0,0
BRDA:33,1,1,0
BRDA:44,2,0,0
BRDA:44,2,1,0
BRDA:44,3,0,0
BRDA:44,3,1,0
BRDA:47,4,0,0
BRDA:57,5,0,0
BRDA:66,6,0,0
BRDA:77,7,0,0
BRDA:77,7,1,0
BRF:12
BRH:0
end_of_record
TN:
SF:src/services/commands/authCommands/LogoutCommand.ts
FN:19,(anonymous_0)
FNF:1
FNH:0
FNDA:0,(anonymous_0)
DA:10,0
DA:20,0
DA:23,0
DA:24,0
DA:28,0
DA:32,0
DA:33,0
DA:37,0
DA:40,0
DA:41,0
DA:47,0
DA:49,0
DA:56,0
LF:13
LH:0
BRDA:23,0,0,0
BRDA:32,1,0,0
BRDA:58,2,0,0
BRDA:58,2,1,0
BRF:4
BRH:0
end_of_record
TN:
SF:src/services/commands/authCommands/WhoamiCommand.ts
FN:19,(anonymous_0)
FNF:1
FNH:0
FNDA:0,(anonymous_0)
DA:10,0
DA:20,0
DA:23,0
DA:24,0
DA:28,0
DA:32,0
DA:40,0
LF:7
LH:0
BRDA:23,0,0,0
BRDA:33,1,0,0
BRDA:33,1,1,0
BRDA:34,2,0,0
BRDA:34,2,1,0
BRDA:35,3,0,0
BRDA:35,3,1,0
BRDA:37,4,0,0
BRDA:37,4,1,0
BRF:9
BRH:0
end_of_record
TN:
SF:src/services/commands/authCommands/index.ts
FNF:0
FNH:0
DA:11,0
LF:1
LH:0
BRF:0
BRH:0
end_of_record
TN:
SF:src/services/commands/bookmarkCommands/BookmarkCommand.ts
FN:19,(anonymous_0)
FNF:1
FNH:1
FNDA:6,(anonymous_0)
DA:6,1
DA:8,1
DA:20,6
DA:23,6
DA:24,1
DA:28,1
DA:32,5
DA:33,1
DA:37,1
DA:41,4
DA:42,1
DA:46,1
DA:49,3
DA:51,3
DA:53,3
DA:54,3
DA:55,1
DA:59,1
DA:63,2
DA:65,1
DA:70,1
DA:73,1
DA:74,1
DA:78,1
DA:81,0
DA:89,1
LF:26
LH:25
BRDA:23,0,0,1
BRDA:32,1,0,1
BRDA:41,2,0,1
BRDA:54,3,0,1
BRDA:73,4,0,1
BRDA:73,5,0,1
BRDA:73,5,1,1
BRDA:83,6,0,0
BRDA:83,6,1,0
BRF:9
BRH:7
end_of_record
TN:
SF:src/services/commands/bookmarkCommands/BookmarksCommand.ts
FN:20,(anonymous_0)
FN:63,(anonymous_1)
FNF:2
FNH:2
FNDA:4,(anonymous_0)
FNDA:2,(anonymous_1)
DA:6,1
DA:7,1
DA:9,1
DA:21,4
DA:24,4
DA:25,1
DA:29,1
DA:33,3
DA:34,1
DA:38,1
DA:41,2
DA:42,2
DA:48,2
DA:50,2
DA:51,1
DA:55,1
DA:59,1
DA:63,2
DA:73,1
DA:78,0
DA:80,0
DA:88,1
LF:22
LH:20
BRDA:24,0,0,1
BRDA:33,1,0,1
BRDA:50,2,0,1
BRDA:82,3,0,0
BRDA:82,3,1,0
BRF:5
BRH:3
end_of_record
TN:
SF:src/services/commands/bookmarkCommands/UnbookmarkCommand.ts
FN:19,(anonymous_0)
FNF:1
FNH:1
FNDA:6,(anonymous_0)
DA:6,1
DA:8,1
DA:20,6
DA:23,6
DA:24,1
DA:28,1
DA:32,5
DA:33,1
DA:37,1
DA:41,4
DA:42,1
DA:46,1
DA:49,3
DA:51,3
DA:53,3
DA:54,3
DA:55,1
DA:59,1
DA:63,2
DA:64,2
DA:65,1
DA:69,1
DA:73,1
DA:75,1
DA:80,0
DA:82,0
DA:90,1
LF:27
LH:25
BRDA:23,0,0,1
BRDA:32,1,0,1
BRDA:41,2,0,1
BRDA:54,3,0,1
BRDA:64,4,0,1
BRDA:84,5,0,0
BRDA:84,5,1,0
BRF:7
BRH:5
end_of_record
TN:
SF:src/services/commands/bookmarkCommands/index.ts
FNF:0
FNH:0
DA:11,0
LF:1
LH:0
BRF:0
BRH:0
end_of_record
TN:
SF:src/services/commands/commentCommands/CommentCommand.ts
FN:19,(anonymous_0)
FNF:1
FNH:0
FNDA:0,(anonymous_0)
DA:8,0
DA:20,0
DA:23,0
DA:24,0
DA:28,0
DA:32,0
DA:33,0
DA:37,0
DA:40,0
DA:41,0
DA:45,0
DA:48,0
DA:50,0
DA:52,0
DA:54,0
DA:59,0
DA:61,0
DA:62,0
DA:66,0
DA:70,0
DA:76,0
DA:87,0
DA:93,0
DA:98,0
DA:104,0
DA:110,0
DA:116,0
LF:27
LH:0
BRDA:23,0,0,0
BRDA:32,1,0,0
BRDA:40,2,0,0
BRDA:61,3,0,0
BRDA:80,4,0,0
BRDA:80,4,1,0
BRDA:118,5,0,0
BRDA:118,5,1,0
BRF:8
BRH:0
end_of_record
TN:
SF:src/services/commands/commentCommands/CommentDeleteCommand.ts
FN:24,(anonymous_0)
FNF:1
FNH:0
FNDA:0,(anonymous_0)
DA:11,0
DA:13,0
DA:25,0
DA:28,0
DA:29,0
DA:33,0
DA:37,0
DA:38,0
DA:42,0
DA:45,0
DA:47,0
DA:49,0
DA:55,0
DA:56,0
DA:59,0
DA:60,0
DA:64,0
DA:68,0
DA:69,0
DA:72,0
DA:73,0
DA:77,0
DA:81,0
DA:87,0
DA:90,0
DA:96,0
DA:102,0
LF:27
LH:0
BRDA:28,0,0,0
BRDA:37,1,0,0
BRDA:59,2,0,0
BRDA:72,3,0,0
BRDA:104,4,0,0
BRDA:104,4,1,0
BRF:6
BRH:0
end_of_record
TN:
SF:src/services/commands/commentCommands/CommentsCommand.ts
FN:18,(anonymous_0)
FN:80,(anonymous_1)
FNF:2
FNH:0
FNDA:0,(anonymous_0)
FNDA:0,(anonymous_1)
DA:8,0
DA:19,0
DA:22,0
DA:23,0
DA:27,0
DA:30,0
DA:32,0
DA:34,0
DA:39,0
DA:41,0
DA:42,0
DA:46,0
DA:50,0
DA:56,0
DA:59,0
DA:60,0
DA:66,0
DA:70,0
DA:74,0
DA:80,0
DA:81,0
DA:86,0
DA:92,0
DA:99,0
DA:104,0
DA:110,0
LF:26
LH:0
BRDA:22,0,0,0
BRDA:41,1,0,0
BRDA:59,2,0,0
BRDA:112,3,0,0
BRDA:112,3,1,0
BRF:5
BRH:0
end_of_record
TN:
SF:src/services/commands/commentCommands/index.ts
FNF:0
FNH:0
DA:11,0
LF:1
LH:0
BRF:0
BRH:0
end_of_record
TN:
SF:src/services/commands/generalCommands/ClearCommand.ts
FN:19,(anonymous_0)
FNF:1
FNH:0
FNDA:0,(anonymous_0)
DA:10,0
DA:20,0
DA:22,0
DA:24,0
DA:27,0
LF:5
LH:0
BRDA:22,0,0,0
BRDA:22,0,1,0
BRF:2
BRH:0
end_of_record
TN:
SF:src/services/commands/generalCommands/ExitCommand.ts
FN:19,(anonymous_0)
FNF:1
FNH:0
FNDA:0,(anonymous_0)
DA:10,0
DA:20,0
DA:23,0
DA:33,0
DA:34,0
LF:5
LH:0
BRF:0
BRH:0
end_of_record
TN:
SF:src/services/commands/generalCommands/HelpCommand.ts
FN:11,(anonymous_0)
FN:32,(anonymous_1)
FN:52,(anonymous_2)
FN:63,(anonymous_3)
FN:94,(anonymous_4)
FNF:5
FNH:0
FNDA:0,(anonymous_0)
FNDA:0,(anonymous_1)
FNDA:0,(anonymous_2)
FNDA:0,(anonymous_3)
FNDA:0,(anonymous_4)
DA:11,0
DA:12,0
DA:16,0
DA:23,0
DA:32,0
DA:33,0
DA:36,0
DA:46,0
DA:52,0
DA:53,0
DA:55,0
DA:61,0
DA:63,0
DA:69,0
DA:76,0
DA:85,0
DA:95,0
DA:98,0
DA:99,0
DA:100,0
DA:102,0
DA:104,0
DA:107,0
DA:113,0
DA:117,0
LF:25
LH:0
BRDA:12,0,0,0
BRDA:12,0,1,0
BRDA:20,1,0,0
BRDA:20,1,1,0
BRDA:53,2,0,0
BRDA:64,3,0,0
BRDA:64,3,1,0
BRDA:98,4,0,0
BRDA:102,5,0,0
BRDA:102,5,1,0
BRF:10
BRH:0
end_of_record
TN:
SF:src/services/commands/generalCommands/HistoryCommand.ts
FN:18,(anonymous_0)
FN:57,(anonymous_1)
FNF:2
FNH:0
FNDA:0,(anonymous_0)
FNDA:0,(anonymous_1)
DA:8,0
DA:19,0
DA:22,0
DA:23,0
DA:24,0
DA:28,0
DA:32,0
DA:35,0
DA:36,0
DA:40,0
DA:44,0
DA:50,0
DA:51,0
DA:53,0
DA:57,0
DA:65,0
LF:16
LH:0
BRDA:22,0,0,0
BRDA:35,1,0,0
BRF:2
BRH:0
end_of_record
TN:
SF:src/services/commands/generalCommands/ShortcutsCommand.ts
FN:21,(anonymous_0)
FN:45,(anonymous_1)
FNF:2
FNH:0
FNDA:0,(anonymous_0)
FNDA:0,(anonymous_1)
DA:11,0
DA:22,0
DA:25,0
DA:28,0
DA:29,0
DA:33,0
DA:37,0
DA:43,0
DA:45,0
DA:51,0
LF:10
LH:0
BRDA:28,0,0,0
BRF:1
BRH:0
end_of_record
TN:
SF:src/services/commands/generalCommands/VersionCommand.ts
FN:24,(anonymous_0)
FNF:1
FNH:0
FNDA:0,(anonymous_0)
DA:8,0
DA:9,0
DA:10,0
DA:15,0
DA:25,0
DA:28,0
DA:37,0
LF:7
LH:0
BRF:0
BRH:0
end_of_record
TN:
SF:src/services/commands/generalCommands/index.ts
FNF:0
FNH:0
DA:14,0
LF:1
LH:0
BRF:0
BRH:0
end_of_record
TN:
SF:src/services/commands/postCommands/CategoriesCommand.ts
FN:19,(anonymous_0)
FN:49,(anonymous_1)
FNF:2
FNH:0
FNDA:0,(anonymous_0)
FNDA:0,(anonymous_1)
DA:9,0
DA:20,0
DA:22,0
DA:24,0
DA:30,0
DA:33,0
DA:38,0
DA:39,0
DA:43,0
DA:47,0
DA:49,0
DA:56,0
DA:62,0
DA:69,0
LF:14
LH:0
BRDA:38,0,0,0
BRDA:52,1,0,0
BRDA:52,1,1,0
BRDA:71,2,0,0
BRDA:71,2,1,0
BRF:5
BRH:0
end_of_record
TN:
SF:src/services/commands/postCommands/DeleteCommand.ts
FN:19,(anonymous_0)
FN:75,(anonymous_1)
FNF:2
FNH:0
FNDA:0,(anonymous_0)
FNDA:0,(anonymous_1)
DA:8,0
DA:20,0
DA:23,0
DA:24,0
DA:28,0
DA:32,0
DA:33,0
DA:37,0
DA:40,0
DA:42,0
DA:44,0
DA:49,0
DA:51,0
DA:52,0
DA:56,0
DA:60,0
DA:61,0
DA:65,0
DA:69,0
DA:75,0
DA:76,0
DA:77,0
DA:81,0
DA:84,0
DA:86,0
DA:91,0
DA:94,0
DA:100,0
DA:108,0
DA:111,0
LF:30
LH:0
BRDA:23,0,0,0
BRDA:32,1,0,0
BRDA:51,2,0,0
BRDA:60,3,0,0
BRDA:76,4,0,0
BRDA:102,5,0,0
BRDA:102,5,1,0
BRDA:113,6,0,0
BRDA:113,6,1,0
BRF:9
BRH:0
end_of_record
TN:
SF:src/services/commands/postCommands/EditCommand.ts
FN:30,(anonymous_0)
FN:107,(anonymous_1)
FN:146,(anonymous_2)
FN:169,(anonymous_3)
FN:173,(anonymous_4)
FN:186,(anonymous_5)
FN:199,(anonymous_6)
FN:215,(anonymous_7)
FN:250,(anonymous_8)
FN:254,(anonymous_9)
FN:255,(anonymous_10)
FN:266,(anonymous_11)
FN:292,(anonymous_12)
FNF:13
FNH:0
FNDA:0,(anonymous_0)
FNDA:0,(anonymous_1)
FNDA:0,(anonymous_2)
FNDA:0,(anonymous_3)
FNDA:0,(anonymous_4)
FNDA:0,(anonymous_5)
FNDA:0,(anonymous_6)
FNDA:0,(anonymous_7)
FNDA:0,(anonymous_8)
FNDA:0,(anonymous_9)
FNDA:0,(anonymous_10)
FNDA:0,(anonymous_11)
FNDA:0,(anonymous_12)
DA:19,0
DA:31,0
DA:34,0
DA:35,0
DA:39,0
DA:43,0
DA:44,0
DA:48,0
DA:51,0
DA:53,0
DA:55,0
DA:60,0
DA:62,0
DA:63,0
DA:67,0
DA:71,0
DA:72,0
DA:76,0
DA:80,0
DA:91,0
DA:92,0
DA:95,0
DA:101,0
DA:107,0
DA:108,0
DA:109,0
DA:112,0
DA:115,0
DA:121,0
DA:126,0
DA:131,0
DA:137,0
DA:143,0
DA:146,0
DA:148,0
DA:150,0
DA:151,0
DA:155,0
DA:156,0
DA:157,0
DA:161,0
DA:162,0
DA:165,0
DA:169,0
DA:170,0
DA:173,0
DA:175,0
DA:181,0
DA:186,0
DA:187,0
DA:193,0
DA:199,0
DA:200,0
DA:202,0
DA:203,0
DA:204,0
DA:205,0
DA:207,0
DA:215,0
DA:216,0
DA:217,0
DA:219,0
DA:227,0
DA:230,0
DA:232,0
DA:237,0
DA:243,0
DA:246,0
DA:250,0
DA:251,0
DA:253,0
DA:254,0
DA:255,0
DA:257,0
DA:261,0
DA:266,0
DA:268,0
DA:277,0
DA:282,0
DA:288,0
DA:292,0
DA:293,0
DA:294,0
DA:298,0
DA:301,0
DA:303,0
DA:309,0
DA:317,0
DA:320,0
DA:326,0
DA:332,0
DA:340,0
DA:343,0
LF:93
LH:0
BRDA:34,0,0,0
BRDA:43,1,0,0
BRDA:62,2,0,0
BRDA:71,3,0,0
BRDA:87,4,0,0
BRDA:87,4,1,0
BRDA:108,5,0,0
BRDA:148,6,0,0
BRDA:150,7,0,0
BRDA:177,8,0,0
BRDA:177,8,1,0
BRDA:200,9,0,0
BRDA:202,10,0,0
BRDA:202,10,1,0
BRDA:204,11,0,0
BRDA:204,11,1,0
BRDA:204,12,0,0
BRDA:204,12,1,0
BRDA:216,13,0,0
BRDA:216,13,1,0
BRDA:230,14,0,0
BRDA:230,14,1,0
BRDA:230,15,0,0
BRDA:230,15,1,0
BRDA:251,16,0,0
BRDA:266,17,0,0
BRDA:266,17,1,0
BRDA:272,18,0,0
BRDA:272,18,1,0
BRDA:272,19,0,0
BRDA:272,19,1,0
BRDA:273,20,0,0
BRDA:273,20,1,0
BRDA:293,21,0,0
BRDA:334,22,0,0
BRDA:334,22,1,0
BRDA:345,23,0,0
BRDA:345,23,1,0
BRF:38
BRH:0
end_of_record
TN:
SF:src/services/commands/postCommands/ListCommand.ts
FN:20,(anonymous_0)
FN:56,(anonymous_1)
FNF:2
FNH:0
FNDA:0,(anonymous_0)
FNDA:0,(anonymous_1)
DA:10,0
DA:21,0
DA:22,0
DA:24,0
DA:26,0
DA:32,0
DA:37,0
DA:45,0
DA:46,0
DA:50,0
DA:54,0
DA:56,0
DA:65,0
DA:71,0
DA:78,0
LF:15
LH:0
BRDA:32,0,0,0
BRDA:32,0,1,0
BRDA:39,1,0,0
BRDA:39,1,1,0
BRDA:45,2,0,0
BRDA:58,3,0,0
BRDA:58,3,1,0
BRDA:80,4,0,0
BRDA:80,4,1,0
BRF:9
BRH:0
end_of_record
TN:
SF:src/services/commands/postCommands/ViewCommand.ts
FN:19,(anonymous_0)
FN:89,(anonymous_1)
FNF:2
FNH:0
FNDA:0,(anonymous_0)
FNDA:0,(anonymous_1)
DA:9,0
DA:20,0
DA:23,0
DA:24,0
DA:28,0
DA:31,0
DA:33,0
DA:35,0
DA:41,0
DA:44,0
DA:45,0
DA:49,0
DA:53,0
DA:63,0
DA:69,0
DA:74,0
DA:77,0
DA:82,0
DA:83,0
DA:89,0
DA:90,0
DA:98,0
DA:107,0
LF:23
LH:0
BRDA:23,0,0,0
BRDA:44,1,0,0
BRDA:59,2,0,0
BRDA:59,2,1,0
BRDA:82,3,0,0
BRDA:82,3,1,0
BRDA:109,4,0,0
BRDA:109,4,1,0
BRF:8
BRH:0
end_of_record
TN:
SF:src/services/commands/postCommands/WriteCommand.ts
FN:29,(anonymous_0)
FN:63,(anonymous_1)
FN:77,(anonymous_2)
FN:95,(anonymous_3)
FN:111,(anonymous_4)
FN:128,(anonymous_5)
FN:162,(anonymous_6)
FN:178,(anonymous_7)
FN:186,(anonymous_8)
FN:211,(anonymous_9)
FN:214,(anonymous_10)
FN:215,(anonymous_11)
FN:227,(anonymous_12)
FN:249,(anonymous_13)
FNF:14
FNH:0
FNDA:0,(anonymous_0)
FNDA:0,(anonymous_1)
FNDA:0,(anonymous_2)
FNDA:0,(anonymous_3)
FNDA:0,(anonymous_4)
FNDA:0,(anonymous_5)
FNDA:0,(anonymous_6)
FNDA:0,(anonymous_7)
FNDA:0,(anonymous_8)
FNDA:0,(anonymous_9)
FNDA:0,(anonymous_10)
FNDA:0,(anonymous_11)
FNDA:0,(anonymous_12)
FNDA:0,(anonymous_13)
DA:18,0
DA:30,0
DA:33,0
DA:34,0
DA:38,0
DA:42,0
DA:46,0
DA:48,0
DA:54,0
DA:55,0
DA:58,0
DA:63,0
DA:64,0
DA:71,0
DA:77,0
DA:78,0
DA:80,0
DA:82,0
DA:83,0
DA:84,0
DA:85,0
DA:87,0
DA:95,0
DA:96,0
DA:97,0
DA:99,0
DA:107,0
DA:108,0
DA:111,0
DA:112,0
DA:118,0
DA:124,0
DA:128,0
DA:129,0
DA:130,0
DA:134,0
DA:137,0
DA:138,0
DA:141,0
DA:147,0
DA:153,0
DA:159,0
DA:162,0
DA:164,0
DA:165,0
DA:166,0
DA:170,0
DA:171,0
DA:174,0
DA:178,0
DA:179,0
DA:180,0
DA:185,0
DA:186,0
DA:187,0
DA:188,0
DA:189,0
DA:191,0
DA:192,0
DA:194,0
DA:197,0
DA:198,0
DA:201,0
DA:207,0
DA:211,0
DA:213,0
DA:214,0
DA:215,0
DA:217,0
DA:220,0
DA:225,0
DA:227,0
DA:234,0
DA:239,0
DA:245,0
DA:249,0
DA:250,0
DA:251,0
DA:255,0
DA:258,0
DA:260,0
DA:266,0
DA:278,0
DA:281,0
DA:287,0
DA:293,0
DA:301,0
DA:304,0
LF:88
LH:0
BRDA:33,0,0,0
BRDA:80,1,0,0
BRDA:82,2,0,0
BRDA:82,2,1,0
BRDA:84,3,0,0
BRDA:84,3,1,0
BRDA:84,4,0,0
BRDA:84,4,1,0
BRDA:96,5,0,0
BRDA:96,5,1,0
BRDA:111,6,0,0
BRDA:111,6,1,0
BRDA:129,7,0,0
BRDA:164,8,0,0
BRDA:164,9,0,0
BRDA:164,9,1,0
BRDA:179,10,0,0
BRDA:187,11,0,0
BRDA:187,12,0,0
BRDA:187,12,1,0
BRDA:227,13,0,0
BRDA:227,13,1,0
BRDA:229,14,0,0
BRDA:229,14,1,0
BRDA:230,15,0,0
BRDA:230,15,1,0
BRDA:250,16,0,0
BRDA:270,17,0,0
BRDA:270,17,1,0
BRDA:272,18,0,0
BRDA:272,18,1,0
BRDA:295,19,0,0
BRDA:295,19,1,0
BRDA:306,20,0,0
BRDA:306,20,1,0
BRF:35
BRH:0
end_of_record
TN:
SF:src/services/commands/postCommands/index.ts
FNF:0
FNH:0
DA:14,0
LF:1
LH:0
BRF:0
BRH:0
end_of_record
TN:
SF:src/services/commands/searchCommands/SearchCommand.ts
FN:19,(anonymous_0)
FN:44,(anonymous_1)
FN:48,(anonymous_2)
FN:77,(anonymous_3)
FN:107,formatDate
FNF:5
FNH:0
FNDA:0,(anonymous_0)
FNDA:0,(anonymous_1)
FNDA:0,(anonymous_2)
FNDA:0,(anonymous_3)
FNDA:0,formatDate
DA:9,0
DA:20,0
DA:23,0
DA:24,0
DA:28,0
DA:31,0
DA:33,0
DA:35,0
DA:41,0
DA:44,0
DA:45,0
DA:48,0
DA:52,0
DA:53,0
DA:59,0
DA:63,0
DA:67,0
DA:73,0
DA:77,0
DA:88,0
DA:94,0
DA:108,0
DA:109,0
DA:110,0
DA:116,0
LF:25
LH:0
BRDA:23,0,0,0
BRDA:45,1,0,0
BRDA:45,1,1,0
BRDA:45,1,2,0
BRDA:45,1,3,0
BRDA:45,1,4,0
BRDA:52,2,0,0
BRDA:82,3,0,0
BRDA:82,3,1,0
BRDA:96,4,0,0
BRDA:96,4,1,0
BRF:11
BRH:0
end_of_record
TN:
SF:src/services/commands/searchCommands/TagCommand.ts
FN:18,(anonymous_0)
FN:34,(anonymous_1)
FN:36,(anonymous_2)
FN:54,(anonymous_3)
FN:55,(anonymous_4)
FN:121,(anonymous_5)
FN:150,formatDate
FNF:7
FNH:0
FNDA:0,(anonymous_0)
FNDA:0,(anonymous_1)
FNDA:0,(anonymous_2)
FNDA:0,(anonymous_3)
FNDA:0,(anonymous_4)
FNDA:0,(anonymous_5)
FNDA:0,formatDate
DA:8,0
DA:19,0
DA:22,0
DA:23,0
DA:24,0
DA:30,0
DA:31,0
DA:34,0
DA:35,0
DA:36,0
DA:37,0
DA:38,0
DA:44,0
DA:45,0
DA:49,0
DA:53,0
DA:54,0
DA:55,0
DA:58,0
DA:64,0
DA:73,0
DA:78,0
DA:80,0
DA:84,0
DA:89,0
DA:91,0
DA:93,0
DA:99,0
DA:102,0
DA:103,0
DA:107,0
DA:111,0
DA:117,0
DA:121,0
DA:131,0
DA:137,0
DA:151,0
DA:152,0
DA:153,0
DA:159,0
LF:40
LH:0
BRDA:22,0,0,0
BRDA:35,1,0,0
BRDA:35,2,0,0
BRDA:35,2,1,0
BRDA:37,3,0,0
BRDA:37,3,1,0
BRDA:44,4,0,0
BRDA:82,5,0,0
BRDA:82,5,1,0
BRDA:102,6,0,0
BRDA:139,7,0,0
BRDA:139,7,1,0
BRF:12
BRH:0
end_of_record
TN:
SF:src/services/commands/searchCommands/index.ts
FNF:0
FNH:0
DA:10,0
LF:1
LH:0
BRF:0
BRH:0
end_of_record
TN:
SF:src/services/firebase/auth.ts
FN:25,(anonymous_0)
FN:47,(anonymous_1)
FN:78,(anonymous_2)
FN:93,(anonymous_3)
FN:133,(anonymous_4)
FN:170,(anonymous_5)
FN:219,(anonymous_6)
FN:233,(anonymous_7)
FN:263,(anonymous_8)
FNF:9
FNH:0
FNDA:0,(anonymous_0)
FNDA:0,(anonymous_1)
FNDA:0,(anonymous_2)
FNDA:0,(anonymous_3)
FNDA:0,(anonymous_4)
FNDA:0,(anonymous_5)
FNDA:0,(anonymous_6)
FNDA:0,(anonymous_7)
FNDA:0,(anonymous_8)
DA:17,0
DA:18,0
DA:25,0
DA:26,0
DA:27,0
DA:28,0
DA:33,0
DA:35,0
DA:36,0
DA:39,0
DA:47,0
DA:48,0
DA:50,0
DA:51,0
DA:52,0
DA:55,0
DA:56,0
DA:57,0
DA:58,0
DA:64,0
DA:66,0
DA:70,0
DA:78,0
DA:79,0
DA:93,0
DA:94,0
DA:96,0
DA:98,0
DA:99,0
DA:101,0
DA:102,0
DA:105,0
DA:107,0
DA:109,0
DA:111,0
DA:114,0
DA:115,0
DA:116,0
DA:117,0
DA:118,0
DA:119,0
DA:120,0
DA:121,0
DA:123,0
DA:133,0
DA:134,0
DA:136,0
DA:138,0
DA:140,0
DA:141,0
DA:148,0
DA:150,0
DA:152,0
DA:154,0
DA:157,0
DA:158,0
DA:159,0
DA:160,0
DA:162,0
DA:170,0
DA:171,0
DA:174,0
DA:177,0
DA:180,0
DA:181,0
DA:182,0
DA:183,0
DA:184,0
DA:185,0
DA:189,0
DA:193,0
DA:194,0
DA:195,0
DA:197,0
DA:201,0
DA:202,0
DA:203,0
DA:204,0
DA:205,0
DA:206,0
DA:207,0
DA:209,0
DA:214,0
DA:218,0
DA:219,0
DA:220,0
DA:222,0
DA:224,0
DA:227,0
DA:233,0
DA:234,0
DA:235,0
DA:238,0
DA:241,0
DA:242,0
DA:243,0
DA:244,0
DA:246,0
DA:250,0
DA:253,0
DA:255,0
DA:263,0
DA:265,0
DA:266,0
DA:269,0
DA:270,0
DA:272,0
DA:273,0
DA:276,0
LF:109
LH:0
BRDA:27,0,0,0
BRDA:27,0,1,0
BRDA:27,1,0,0
BRDA:27,1,1,0
BRDA:50,2,0,0
BRDA:56,3,0,0
BRDA:81,4,0,0
BRDA:81,4,1,0
BRDA:82,5,0,0
BRDA:82,5,1,0
BRDA:83,6,0,0
BRDA:83,6,1,0
BRDA:101,7,0,0
BRDA:114,8,0,0
BRDA:114,8,1,0
BRDA:116,9,0,0
BRDA:116,9,1,0
BRDA:118,10,0,0
BRDA:118,10,1,0
BRDA:120,11,0,0
BRDA:120,11,1,0
BRDA:140,12,0,0
BRDA:157,13,0,0
BRDA:157,13,1,0
BRDA:159,14,0,0
BRDA:159,14,1,0
BRDA:183,15,0,0
BRDA:183,16,0,0
BRDA:183,16,1,0
BRDA:183,16,2,0
BRDA:183,16,3,0
BRDA:202,17,0,0
BRDA:202,18,0,0
BRDA:202,18,1,0
BRDA:205,19,0,0
BRDA:206,20,0,0
BRDA:241,21,0,0
BRDA:241,21,1,0
BRDA:265,22,0,0
BRDA:270,23,0,0
BRDA:273,24,0,0
BRDA:273,24,1,0
BRDA:273,25,0,0
BRDA:273,25,1,0
BRF:44
BRH:0
end_of_record
TN:
SF:src/services/firebase/config.ts
FN:96,(anonymous_0)
FN:110,(anonymous_1)
FNF:2
FNH:0
FNDA:0,(anonymous_0)
FNDA:0,(anonymous_1)
DA:13,0
DA:17,0
DA:27,0
DA:37,0
DA:38,0
DA:39,0
DA:40,0
DA:41,0
DA:43,0
DA:44,0
DA:45,0
DA:46,0
DA:47,0
DA:52,0
DA:53,0
DA:64,0
DA:67,0
DA:68,0
DA:69,0
DA:73,0
DA:76,0
DA:77,0
DA:80,0
DA:81,0
DA:88,0
DA:96,0
DA:97,0
DA:98,0
DA:99,0
DA:100,0
DA:102,0
DA:110,0
DA:111,0
DA:112,0
DA:114,0
LF:35
LH:0
BRDA:18,0,0,0
BRDA:18,0,1,0
BRDA:19,1,0,0
BRDA:19,1,1,0
BRDA:20,2,0,0
BRDA:20,2,1,0
BRDA:21,3,0,0
BRDA:21,3,1,0
BRDA:22,4,0,0
BRDA:22,4,1,0
BRDA:23,5,0,0
BRDA:23,5,1,0
BRDA:38,6,0,0
BRDA:39,7,0,0
BRDA:40,8,0,0
BRDA:41,9,0,0
BRDA:43,10,0,0
BRDA:45,11,0,0
BRDA:52,12,0,0
BRDA:68,13,0,0
BRDA:69,14,0,0
BRDA:69,14,1,0
BRDA:76,15,0,0
BRDA:80,16,0,0
BRDA:98,17,0,0
BRDA:98,17,1,0
BRDA:98,17,2,0
BRDA:98,17,3,0
BRDA:99,18,0,0
BRDA:111,19,0,0
BRF:30
BRH:0
end_of_record
TN:
SF:src/services/firebase/firestore.ts
FN:41,(anonymous_0)
FN:42,(anonymous_1)
FN:54,(anonymous_2)
FN:80,(anonymous_3)
FN:100,(anonymous_4)
FN:119,(anonymous_5)
FN:134,(anonymous_6)
FN:168,(anonymous_7)
FN:218,(anonymous_8)
FN:263,(anonymous_9)
FN:297,(anonymous_10)
FN:332,(anonymous_11)
FN:384,(anonymous_12)
FN:417,(anonymous_13)
FN:457,(anonymous_14)
FN:504,(anonymous_15)
FN:518,(anonymous_16)
FN:553,(anonymous_17)
FN:590,(anonymous_18)
FN:606,(anonymous_19)
FN:629,(anonymous_20)
FN:661,(anonymous_21)
FN:695,(anonymous_22)
FN:721,(anonymous_23)
FN:746,(anonymous_24)
FN:754,(anonymous_25)
FN:771,(anonymous_26)
FN:803,(anonymous_27)
FN:856,(anonymous_28)
FN:907,(anonymous_29)
FN:953,(anonymous_30)
FNF:31
FNH:0
FNDA:0,(anonymous_0)
FNDA:0,(anonymous_1)
FNDA:0,(anonymous_2)
FNDA:0,(anonymous_3)
FNDA:0,(anonymous_4)
FNDA:0,(anonymous_5)
FNDA:0,(anonymous_6)
FNDA:0,(anonymous_7)
FNDA:0,(anonymous_8)
FNDA:0,(anonymous_9)
FNDA:0,(anonymous_10)
FNDA:0,(anonymous_11)
FNDA:0,(anonymous_12)
FNDA:0,(anonymous_13)
FNDA:0,(anonymous_14)
FNDA:0,(anonymous_15)
FNDA:0,(anonymous_16)
FNDA:0,(anonymous_17)
FNDA:0,(anonymous_18)
FNDA:0,(anonymous_19)
FNDA:0,(anonymous_20)
FNDA:0,(anonymous_21)
FNDA:0,(anonymous_22)
FNDA:0,(anonymous_23)
FNDA:0,(anonymous_24)
FNDA:0,(anonymous_25)
FNDA:0,(anonymous_26)
FNDA:0,(anonymous_27)
FNDA:0,(anonymous_28)
FNDA:0,(anonymous_29)
FNDA:0,(anonymous_30)
DA:28,0
DA:29,0
DA:30,0
DA:31,0
DA:32,0
DA:35,0
DA:41,0
DA:42,0
DA:44,0
DA:45,0
DA:54,0
DA:55,0
DA:57,0
DA:80,0
DA:81,0
DA:100,0
DA:101,0
DA:103,0
DA:119,0
DA:120,0
DA:134,0
DA:135,0
DA:137,0
DA:138,0
DA:139,0
DA:141,0
DA:146,0
DA:147,0
DA:149,0
DA:151,0
DA:153,0
DA:154,0
DA:158,0
DA:162,0
DA:168,0
DA:169,0
DA:172,0
DA:173,0
DA:176,0
DA:177,0
DA:178,0
DA:180,0
DA:186,0
DA:187,0
DA:189,0
DA:191,0
DA:194,0
DA:195,0
DA:196,0
DA:200,0
DA:201,0
DA:204,0
DA:205,0
DA:208,0
DA:212,0
DA:218,0
DA:219,0
DA:221,0
DA:222,0
DA:223,0
DA:225,0
DA:231,0
DA:232,0
DA:234,0
DA:236,0
DA:239,0
DA:240,0
DA:241,0
DA:245,0
DA:246,0
DA:249,0
DA:250,0
DA:253,0
DA:257,0
DA:263,0
DA:264,0
DA:266,0
DA:267,0
DA:268,0
DA:270,0
DA:271,0
DA:273,0
DA:274,0
DA:275,0
DA:277,0
DA:278,0
DA:281,0
DA:283,0
DA:284,0
DA:287,0
DA:291,0
DA:297,0
DA:298,0
DA:299,0
DA:301,0
DA:302,0
DA:305,0
DA:318,0
DA:320,0
DA:321,0
DA:332,0
DA:333,0
DA:335,0
DA:336,0
DA:339,0
DA:340,0
DA:341,0
DA:342,0
DA:345,0
DA:346,0
DA:347,0
DA:351,0
DA:354,0
DA:357,0
DA:358,0
DA:360,0
DA:361,0
DA:362,0
DA:366,0
DA:369,0
DA:371,0
DA:373,0
DA:374,0
DA:384,0
DA:385,0
DA:387,0
DA:388,0
DA:391,0
DA:392,0
DA:393,0
DA:394,0
DA:397,0
DA:398,0
DA:399,0
DA:403,0
DA:405,0
DA:406,0
DA:417,0
DA:418,0
DA:420,0
DA:421,0
DA:424,0
DA:425,0
DA:426,0
DA:427,0
DA:430,0
DA:431,0
DA:432,0
DA:436,0
DA:437,0
DA:442,0
DA:447,0
DA:448,0
DA:457,0
DA:458,0
DA:460,0
DA:461,0
DA:462,0
DA:464,0
DA:470,0
DA:471,0
DA:473,0
DA:475,0
DA:478,0
DA:479,0
DA:480,0
DA:484,0
DA:485,0
DA:488,0
DA:489,0
DA:492,0
DA:496,0
DA:504,0
DA:510,0
DA:511,0
DA:513,0
DA:514,0
DA:518,0
DA:520,0
DA:522,0
DA:532,0
DA:533,0
DA:538,0
DA:541,0
DA:542,0
DA:553,0
DA:554,0
DA:555,0
DA:558,0
DA:559,0
DA:560,0
DA:563,0
DA:564,0
DA:565,0
DA:569,0
DA:570,0
DA:573,0
DA:578,0
DA:579,0
DA:590,0
DA:591,0
DA:592,0
DA:595,0
DA:596,0
DA:597,0
DA:600,0
DA:601,0
DA:602,0
DA:606,0
DA:608,0
DA:611,0
DA:612,0
DA:618,0
DA:619,0
DA:629,0
DA:630,0
DA:631,0
DA:632,0
DA:636,0
DA:637,0
DA:638,0
DA:642,0
DA:643,0
DA:649,0
DA:651,0
DA:652,0
DA:661,0
DA:662,0
DA:663,0
DA:664,0
DA:668,0
DA:675,0
DA:676,0
DA:677,0
DA:681,0
DA:682,0
DA:684,0
DA:685,0
DA:695,0
DA:696,0
DA:697,0
DA:698,0
DA:701,0
DA:708,0
DA:709,0
DA:711,0
DA:712,0
DA:721,0
DA:722,0
DA:724,0
DA:725,0
DA:726,0
DA:728,0
DA:729,0
DA:733,0
DA:739,0
DA:741,0
DA:742,0
DA:746,0
DA:749,0
DA:750,0
DA:754,0
DA:755,0
DA:756,0
DA:757,0
DA:758,0
DA:759,0
DA:761,0
DA:763,0
DA:764,0
DA:768,0
DA:771,0
DA:773,0
DA:776,0
DA:777,0
DA:778,0
DA:782,0
DA:783,0
DA:786,0
DA:787,0
DA:790,0
DA:794,0
DA:803,0
DA:804,0
DA:806,0
DA:807,0
DA:808,0
DA:811,0
DA:812,0
DA:814,0
DA:821,0
DA:822,0
DA:824,0
DA:826,0
DA:829,0
DA:830,0
DA:831,0
DA:835,0
DA:836,0
DA:839,0
DA:840,0
DA:843,0
DA:847,0
DA:856,0
DA:857,0
DA:859,0
DA:860,0
DA:861,0
DA:864,0
DA:865,0
DA:867,0
DA:874,0
DA:875,0
DA:877,0
DA:879,0
DA:882,0
DA:883,0
DA:884,0
DA:888,0
DA:889,0
DA:892,0
DA:893,0
DA:896,0
DA:900,0
DA:907,0
DA:908,0
DA:910,0
DA:912,0
DA:913,0
DA:914,0
DA:915,0
DA:917,0
DA:918,0
DA:920,0
DA:921,0
DA:924,0
DA:925,0
DA:928,0
DA:932,0
DA:937,0
DA:940,0
DA:942,0
DA:943,0
DA:947,0
DA:948,0
DA:950,0
DA:953,0
DA:959,0
DA:961,0
DA:962,0
DA:965,0
DA:969,0
LF:352
LH:0
BRDA:59,0,0,0
BRDA:59,0,1,0
BRDA:60,1,0,0
BRDA:60,1,1,0
BRDA:61,2,0,0
BRDA:61,2,1,0
BRDA:62,3,0,0
BRDA:62,3,1,0
BRDA:63,4,0,0
BRDA:63,4,1,0
BRDA:64,5,0,0
BRDA:64,5,1,0
BRDA:65,6,0,0
BRDA:65,6,1,0
BRDA:66,7,0,0
BRDA:66,7,1,0
BRDA:67,8,0,0
BRDA:67,8,1,0
BRDA:68,9,0,0
BRDA:68,9,1,0
BRDA:69,10,0,0
BRDA:69,10,1,0
BRDA:86,11,0,0
BRDA:86,11,1,0
BRDA:90,12,0,0
BRDA:90,12,1,0
BRDA:91,13,0,0
BRDA:91,13,1,0
BRDA:105,14,0,0
BRDA:105,14,1,0
BRDA:106,15,0,0
BRDA:106,15,1,0
BRDA:107,16,0,0
BRDA:107,16,1,0
BRDA:108,17,0,0
BRDA:108,17,1,0
BRDA:109,18,0,0
BRDA:109,18,1,0
BRDA:110,19,0,0
BRDA:110,19,1,0
BRDA:124,20,0,0
BRDA:124,20,1,0
BRDA:153,21,0,0
BRDA:172,22,0,0
BRDA:172,23,0,0
BRDA:172,23,1,0
BRDA:194,24,0,0
BRDA:194,25,0,0
BRDA:194,25,1,0
BRDA:196,26,0,0
BRDA:196,26,1,0
BRDA:204,27,0,0
BRDA:239,28,0,0
BRDA:239,29,0,0
BRDA:239,29,1,0
BRDA:241,30,0,0
BRDA:241,30,1,0
BRDA:249,31,0,0
BRDA:273,32,0,0
BRDA:273,32,1,0
BRDA:283,33,0,0
BRDA:299,34,0,0
BRDA:301,35,0,0
BRDA:301,36,0,0
BRDA:301,36,1,0
BRDA:301,36,2,0
BRDA:301,36,3,0
BRDA:301,36,4,0
BRDA:335,37,0,0
BRDA:335,37,1,0
BRDA:339,38,0,0
BRDA:341,39,0,0
BRDA:346,40,0,0
BRDA:357,41,0,0
BRDA:360,42,0,0
BRDA:374,43,0,0
BRDA:374,43,1,0
BRDA:387,44,0,0
BRDA:387,44,1,0
BRDA:391,45,0,0
BRDA:393,46,0,0
BRDA:398,47,0,0
BRDA:406,48,0,0
BRDA:406,48,1,0
BRDA:420,49,0,0
BRDA:420,49,1,0
BRDA:424,50,0,0
BRDA:426,51,0,0
BRDA:431,52,0,0
BRDA:436,53,0,0
BRDA:448,54,0,0
BRDA:448,54,1,0
BRDA:478,55,0,0
BRDA:478,56,0,0
BRDA:478,56,1,0
BRDA:480,57,0,0
BRDA:480,57,1,0
BRDA:488,58,0,0
BRDA:513,59,0,0
BRDA:513,60,0,0
BRDA:513,60,1,0
BRDA:513,60,2,0
BRDA:513,60,3,0
BRDA:542,61,0,0
BRDA:542,61,1,0
BRDA:559,62,0,0
BRDA:564,63,0,0
BRDA:569,64,0,0
BRDA:579,65,0,0
BRDA:579,65,1,0
BRDA:596,66,0,0
BRDA:601,67,0,0
BRDA:619,68,0,0
BRDA:619,68,1,0
BRDA:631,69,0,0
BRDA:631,70,0,0
BRDA:631,70,1,0
BRDA:637,71,0,0
BRDA:652,72,0,0
BRDA:652,72,1,0
BRDA:663,73,0,0
BRDA:663,74,0,0
BRDA:663,74,1,0
BRDA:676,75,0,0
BRDA:685,76,0,0
BRDA:685,76,1,0
BRDA:697,77,0,0
BRDA:697,78,0,0
BRDA:697,78,1,0
BRDA:728,79,0,0
BRDA:741,80,0,0
BRDA:749,81,0,0
BRDA:757,82,0,0
BRDA:776,83,0,0
BRDA:776,84,0,0
BRDA:776,84,1,0
BRDA:778,85,0,0
BRDA:778,85,1,0
BRDA:786,86,0,0
BRDA:829,87,0,0
BRDA:829,88,0,0
BRDA:829,88,1,0
BRDA:831,89,0,0
BRDA:831,89,1,0
BRDA:839,90,0,0
BRDA:882,91,0,0
BRDA:882,92,0,0
BRDA:882,92,1,0
BRDA:884,93,0,0
BRDA:884,93,1,0
BRDA:892,94,0,0
BRDA:920,95,0,0
BRDA:943,96,0,0
BRDA:943,96,1,0
BRDA:948,97,0,0
BRDA:948,97,1,0
BRDA:961,98,0,0
BRF:157
BRH:0
end_of_record
TN:
SF:src/services/firebase/initFirestore.ts
FN:86,(anonymous_0)
FN:106,(anonymous_1)
FN:113,(anonymous_2)
FN:142,(anonymous_3)
FNF:4
FNH:0
FNDA:0,(anonymous_0)
FNDA:0,(anonymous_1)
FNDA:0,(anonymous_2)
FNDA:0,(anonymous_3)
DA:16,0
DA:72,0
DA:86,0
DA:87,0
DA:88,0
DA:89,0
DA:91,0
DA:92,0
DA:93,0
DA:95,0
DA:98,0
DA:99,0
DA:106,0
DA:107,0
DA:108,0
DA:109,0
DA:111,0
DA:113,0
DA:114,0
DA:115,0
DA:118,0
DA:123,0
DA:130,0
DA:131,0
DA:133,0
DA:134,0
DA:142,0
DA:143,0
DA:144,0
DA:145,0
DA:146,0
DA:147,0
DA:149,0
DA:150,0
LF:34
LH:0
BRDA:91,0,0,0
BRDA:91,0,1,0
BRF:2
BRH:0
end_of_record
TN:
SF:src/styles/asciiChars.ts
FN:69,(anonymous_0)
FN:103,(anonymous_1)
FN:117,(anonymous_2)
FN:126,(anonymous_3)
FNF:4
FNH:0
FNDA:0,(anonymous_0)
FNDA:0,(anonymous_1)
FNDA:0,(anonymous_2)
FNDA:0,(anonymous_3)
DA:7,0
DA:22,0
DA:37,0
DA:47,0
DA:55,0
DA:69,0
DA:74,0
DA:78,0
DA:81,0
DA:82,0
DA:83,0
DA:84,0
DA:87,0
DA:88,0
DA:89,0
DA:90,0
DA:91,0
DA:95,0
DA:96,0
DA:97,0
DA:99,0
DA:103,0
DA:108,0
DA:109,0
DA:110,0
DA:111,0
DA:113,0
DA:117,0
DA:121,0
DA:122,0
DA:126,0
DA:130,0
LF:32
LH:0
BRDA:72,0,0,0
BRDA:74,1,0,0
BRDA:74,1,1,0
BRDA:75,2,0,0
BRDA:75,2,1,0
BRDA:106,3,0,0
BRDA:108,4,0,0
BRDA:108,4,1,0
BRDA:119,5,0,0
BRDA:121,6,0,0
BRDA:121,6,1,0
BRDA:128,7,0,0
BRDA:130,8,0,0
BRDA:130,8,1,0
BRF:14
BRH:0
end_of_record
TN:
SF:src/styles/colors.ts
FNF:0
FNH:0
DA:7,0
DA:8,0
DA:9,0
DA:12,0
DA:13,0
DA:14,0
DA:15,0
DA:16,0
DA:17,0
DA:20,0
DA:21,0
DA:24,0
DA:25,0
DA:28,0
LF:14
LH:0
BRF:0
BRH:0
end_of_record
TN:
SF:src/styles/index.ts
FNF:0
FNH:0
DA:12,0
LF:1
LH:0
BRF:0
BRH:0
end_of_record
TN:
SF:src/styles/typography.ts
FN:157,(anonymous_0)
FNF:1
FNH:0
FNDA:0,(anonymous_0)
DA:7,0
DA:28,0
DA:40,0
DA:96,0
DA:111,0
DA:157,0
DA:158,0
DA:159,0
LF:8
LH:0
BRDA:159,0,0,0
BRDA:159,0,1,0
BRDA:159,1,0,0
BRDA:159,1,1,0
BRDA:159,2,0,0
BRDA:159,2,1,0
BRF:6
BRH:0
end_of_record
TN:
SF:src/utils/formatDate.ts
FN:11,(anonymous_0)
FN:32,(anonymous_1)
FN:55,(anonymous_2)
FN:106,(anonymous_3)
FN:128,(anonymous_4)
FNF:5
FNH:1
FNDA:2,(anonymous_0)
FNDA:0,(anonymous_1)
FNDA:0,(anonymous_2)
FNDA:0,(anonymous_3)
FNDA:0,(anonymous_4)
DA:11,1
DA:12,2
DA:15,2
DA:16,0
DA:17,0
DA:20,2
DA:21,2
DA:22,2
DA:24,2
DA:32,1
DA:33,0
DA:36,0
DA:37,0
DA:38,0
DA:41,0
DA:42,0
DA:43,0
DA:44,0
DA:45,0
DA:47,0
DA:55,1
DA:56,0
DA:59,0
DA:60,0
DA:61,0
DA:64,0
DA:65,0
DA:68,0
DA:69,0
DA:73,0
DA:74,0
DA:75,0
DA:79,0
DA:80,0
DA:81,0
DA:85,0
DA:86,0
DA:87,0
DA:91,0
DA:92,0
DA:93,0
DA:97,0
DA:98,0
DA:106,1
DA:107,0
DA:110,0
DA:111,0
DA:112,0
DA:115,0
DA:116,0
DA:117,0
DA:119,0
DA:128,1
DA:129,0
DA:130,0
DA:133,0
DA:134,0
DA:135,0
DA:139,0
DA:140,0
DA:143,0
LF:61
LH:11
BRDA:12,0,0,0
BRDA:12,0,1,2
BRDA:15,1,0,0
BRDA:33,2,0,0
BRDA:33,2,1,0
BRDA:36,3,0,0
BRDA:56,4,0,0
BRDA:56,4,1,0
BRDA:59,5,0,0
BRDA:68,6,0,0
BRDA:74,7,0,0
BRDA:80,8,0,0
BRDA:86,9,0,0
BRDA:92,10,0,0
BRDA:107,11,0,0
BRDA:107,11,1,0
BRDA:110,12,0,0
BRDA:128,13,0,0
BRDA:129,14,0,0
BRDA:129,14,1,0
BRDA:130,15,0,0
BRDA:130,15,1,0
BRDA:133,16,0,0
BRDA:133,17,0,0
BRDA:133,17,1,0
BRF:25
BRH:1
end_of_record
TN:
SF:src/utils/icons.ts
FN:71,(anonymous_0)
FN:73,(anonymous_1)
FNF:2
FNH:0
FNDA:0,(anonymous_0)
FNDA:0,(anonymous_1)
DA:9,0
DA:71,0
DA:72,0
DA:73,0
DA:74,0
DA:80,0
LF:6
LH:0
BRDA:72,0,0,0
BRDA:74,1,0,0
BRDA:74,1,1,0
BRF:3
BRH:0
end_of_record
